Args in experiment:
Namespace(random_seed=2023, is_training=1, model_id='8_8', model='Autoformer', data='C2TM', root_path='./datas/C2TM/', data_path='ETTh1.csv', n_part=24, features='M', target='OT', freq='h', checkpoints='./checkpoints/', seq_len=8, pred_len=8, num_workers=10, itr=1, train_epochs=10, batch_size=128, patience=3, learning_rate=0.0001, weight_decay=0.0, des='test', loss='mse', lradj='type1', pct_start=0.3, use_amp=False, use_gpu=True, gpu=0, use_multi_gpu=False, devices='0,1,2,3', test_flop=False, max_diffusion_step=2, cl_decay_steps=2000, filter_type='dual_random_walk', num_rnn_layers=2, rnn_units=64, use_curriculum_learning=False, patch_len=2, stride=2, fc_dropout=0.05, head_dropout=0.0, padding_patch='end', revin=1, affine=0, subtract_last=0, decomposition=0, kernel_size=25, individual=0, label_len=4, embed_type=0, enc_in=552, dec_in=552, c_out=552, d_model=512, n_heads=8, e_layers=2, d_layers=1, d_ff=2048, moving_avg=25, factor=1, distil=True, dropout=0.05, embed='timeF', activation='gelu', output_attention=False, do_predict=False, version='Fourier', mode_select='random', modes=64, L=3, base='legendre', cross_activation='tanh')
Use GPU: cuda:0
>>>>>>>start training : 8_8_Autoformer_C2TM_ftM_sl8_ll4_pl8_dm512_nh8_el2_dl1_df2048_fc1_ebtimeF_dtTrue_test_0>>>>>>>>>>>>>>>>>>>>>>>>>>
data shape:  (48, 13269) 13269
adj_mx shape:  (13269, 13269)
data shape:  (120, 13269) 13269
adj_mx shape:  (13269, 13269)
data shape:  (24, 13269) 13269
adj_mx shape:  (13269, 13269)
MSE Loss
	iters: 100, epoch: 1 | loss: 745.6135864
	speed: 0.0347s/iter; left time: 33.0141s
Epoch: 1 cost time: 3.6791913509368896
Epoch: 1, Steps: 105 | Train Loss: 166.7587565 Vali Loss: 12.3580227 Test Loss: 11.8130579
Validation loss decreased (inf --> 12.358023).  Saving model ...
not in xxxx...
type1 => Adjust updating learning rate to 0.0001
	iters: 100, epoch: 2 | loss: 32.1509132
	speed: 0.0416s/iter; left time: 35.2133s
Epoch: 2 cost time: 3.6462647914886475
Epoch: 2, Steps: 105 | Train Loss: 142.9134648 Vali Loss: 12.3928118 Test Loss: 11.8808813
EarlyStopping counter: 1 out of 3
not in xxxx...
type1 => Adjust updating learning rate to 5e-05
	iters: 100, epoch: 3 | loss: 20.5755749
	speed: 0.0371s/iter; left time: 27.4865s
Epoch: 3 cost time: 3.2672431468963623
Epoch: 3, Steps: 105 | Train Loss: 111.0875512 Vali Loss: 12.3437796 Test Loss: 11.8573837
Validation loss decreased (12.358023 --> 12.343780).  Saving model ...
not in xxxx...
type1 => Adjust updating learning rate to 2.5e-05
	iters: 100, epoch: 4 | loss: 37.3512192
	speed: 0.0425s/iter; left time: 27.0285s
Epoch: 4 cost time: 3.6993014812469482
Epoch: 4, Steps: 105 | Train Loss: 112.9395360 Vali Loss: 12.3161888 Test Loss: 11.8481283
Validation loss decreased (12.343780 --> 12.316189).  Saving model ...
not in xxxx...
type1 => Adjust updating learning rate to 1.25e-05
	iters: 100, epoch: 5 | loss: 42.9135628
	speed: 0.0342s/iter; left time: 18.1456s
Epoch: 5 cost time: 2.794386148452759
Epoch: 5, Steps: 105 | Train Loss: 89.5046014 Vali Loss: 12.2852097 Test Loss: 11.8408747
Validation loss decreased (12.316189 --> 12.285210).  Saving model ...
not in xxxx...
type1 => Adjust updating learning rate to 6.25e-06
	iters: 100, epoch: 6 | loss: 261.7254028
	speed: 0.0320s/iter; left time: 13.6311s
Epoch: 6 cost time: 2.580878257751465
Epoch: 6, Steps: 105 | Train Loss: 100.7908936 Vali Loss: 12.2754412 Test Loss: 11.8362875
Validation loss decreased (12.285210 --> 12.275441).  Saving model ...
not in xxxx...
type1 => Adjust updating learning rate to 3.125e-06
	iters: 100, epoch: 7 | loss: 47.5936546
	speed: 0.0351s/iter; left time: 11.2705s
Epoch: 7 cost time: 2.978416919708252
Epoch: 7, Steps: 105 | Train Loss: 209.5554769 Vali Loss: 12.2657700 Test Loss: 11.8345823
Validation loss decreased (12.275441 --> 12.265770).  Saving model ...
not in xxxx...
type1 => Adjust updating learning rate to 1.5625e-06
	iters: 100, epoch: 8 | loss: 30.7923889
	speed: 0.0342s/iter; left time: 7.3849s
Epoch: 8 cost time: 2.7119405269622803
Epoch: 8, Steps: 105 | Train Loss: 166.2913908 Vali Loss: 12.2593002 Test Loss: 11.8327875
Validation loss decreased (12.265770 --> 12.259300).  Saving model ...
not in xxxx...
type1 => Adjust updating learning rate to 7.8125e-07
	iters: 100, epoch: 9 | loss: 17.7669849
	speed: 0.0415s/iter; left time: 4.6118s
Epoch: 9 cost time: 3.583693742752075
Epoch: 9, Steps: 105 | Train Loss: 176.5130967 Vali Loss: 12.2581749 Test Loss: 11.8318939
Validation loss decreased (12.259300 --> 12.258175).  Saving model ...
not in xxxx...
type1 => Adjust updating learning rate to 3.90625e-07
	iters: 100, epoch: 10 | loss: 890.4987793
	speed: 0.0334s/iter; left time: 0.2002s
Epoch: 10 cost time: 2.589416980743408
Epoch: 10, Steps: 105 | Train Loss: 156.3566319 Vali Loss: 12.2578421 Test Loss: 11.8317585
Validation loss decreased (12.258175 --> 12.257842).  Saving model ...
not in xxxx...
type1 => Adjust updating learning rate to 1.953125e-07
>>>>>>>testing : 8_8_Autoformer_C2TM_ftM_sl8_ll4_pl8_dm512_nh8_el2_dl1_df2048_fc1_ebtimeF_dtTrue_test_0<<<<<<<<<<<<<<<<<<<<<<<<<<<<<<<<<
data shape:  (48, 13269) 13269
adj_mx shape:  (13269, 13269)
loading model.............
mse:11.831758499145508, mae:0.9508744478225708, rse:1.1235096454620361
