Args in experiment:
Namespace(random_seed=2023, is_training=1, model_id='C2TM_8_7', model='Autoformer', data='C2TM', root_path='../data_trfc/C2TM/', data_path='ETTh1.csv', n_part=24, features='M', target='OT', freq='h', checkpoints='./checkpoints/', seq_len=8, pred_len=7, num_workers=10, itr=1, train_epochs=10, batch_size=128, patience=10, learning_rate=0.0001, weight_decay=0.0, des='test', loss='mse', lradj='type1', pct_start=0.3, use_amp=False, use_gpu=True, gpu=0, use_multi_gpu=False, devices='0,1,2,3', test_flop=False, max_diffusion_step=2, cl_decay_steps=2000, filter_type='dual_random_walk', num_rnn_layers=2, rnn_units=64, use_curriculum_learning=False, patch_len=2, stride=2, fc_dropout=0.05, head_dropout=0.0, padding_patch='end', revin=1, affine=0, subtract_last=0, decomposition=0, kernel_size=25, individual=0, label_len=4, embed_type=0, enc_in=552, dec_in=552, c_out=552, d_model=512, n_heads=8, e_layers=2, d_layers=1, d_ff=2048, moving_avg=25, factor=1, distil=True, dropout=0.05, embed='timeF', activation='gelu', output_attention=False, do_predict=False, version='Fourier', mode_select='random', modes=64, L=3, base='legendre', cross_activation='tanh')
Use GPU: cuda:0
>>>>>>>start training : C2TM_8_7_Autoformer_C2TM_ftM_sl8_ll4_pl7_dm512_nh8_el2_dl1_df2048_fc1_ebtimeF_dtTrue_test_0>>>>>>>>>>>>>>>>>>>>>>>>>>
data shape:  (48, 13269) 13269
data shape:  (120, 13269) 13269
data shape:  (24, 13269) 13269
	iters: 100, epoch: 1 | loss: 823.7785034
	speed: 0.0334s/iter; left time: 32.0640s
Epoch: 1 cost time: 3.486506223678589
Epoch: 1, Steps: 106 | Train Loss: 167.3807067 Vali Loss: 11.9180403 Test Loss: 11.9616375
Validation loss decreased (inf --> 11.918040).  Saving model ...
type1 => Adjust updating learning rate to 0.0001
	iters: 100, epoch: 2 | loss: 35.1908836
	speed: 0.0296s/iter; left time: 25.3342s
Epoch: 2 cost time: 2.4803006649017334
Epoch: 2, Steps: 106 | Train Loss: 143.0520108 Vali Loss: 11.9561558 Test Loss: 11.9935904
EarlyStopping counter: 1 out of 10
type1 => Adjust updating learning rate to 5e-05
	iters: 100, epoch: 3 | loss: 22.5784454
	speed: 0.0288s/iter; left time: 21.5974s
Epoch: 3 cost time: 2.479705572128296
Epoch: 3, Steps: 106 | Train Loss: 111.6151675 Vali Loss: 11.9093809 Test Loss: 11.9666824
Validation loss decreased (11.918040 --> 11.909381).  Saving model ...
type1 => Adjust updating learning rate to 2.5e-05
	iters: 100, epoch: 4 | loss: 40.9813499
	speed: 0.0378s/iter; left time: 24.3368s
Epoch: 4 cost time: 3.235041856765747
Epoch: 4, Steps: 106 | Train Loss: 112.9208729 Vali Loss: 11.9253178 Test Loss: 11.9572096
EarlyStopping counter: 1 out of 10
type1 => Adjust updating learning rate to 1.25e-05
	iters: 100, epoch: 5 | loss: 45.1858788
	speed: 0.0306s/iter; left time: 16.4061s
Epoch: 5 cost time: 2.5783963203430176
Epoch: 5, Steps: 106 | Train Loss: 91.3993282 Vali Loss: 11.8946953 Test Loss: 11.9508495
Validation loss decreased (11.909381 --> 11.894695).  Saving model ...
type1 => Adjust updating learning rate to 6.25e-06
	iters: 100, epoch: 6 | loss: 298.5420837
	speed: 0.0325s/iter; left time: 13.9920s
Epoch: 6 cost time: 2.60548734664917
Epoch: 6, Steps: 106 | Train Loss: 102.5450055 Vali Loss: 11.8852730 Test Loss: 11.9455833
Validation loss decreased (11.894695 --> 11.885273).  Saving model ...
type1 => Adjust updating learning rate to 3.125e-06
	iters: 100, epoch: 7 | loss: 18.0315285
	speed: 0.0400s/iter; left time: 12.9873s
Epoch: 7 cost time: 3.3455705642700195
Epoch: 7, Steps: 106 | Train Loss: 213.5807312 Vali Loss: 11.8754969 Test Loss: 11.9433708
Validation loss decreased (11.885273 --> 11.875497).  Saving model ...
type1 => Adjust updating learning rate to 1.5625e-06
	iters: 100, epoch: 8 | loss: 29.4625454
	speed: 0.0326s/iter; left time: 7.1426s
Epoch: 8 cost time: 2.640935182571411
Epoch: 8, Steps: 106 | Train Loss: 166.5257326 Vali Loss: 11.8705502 Test Loss: 11.9416838
Validation loss decreased (11.875497 --> 11.870550).  Saving model ...
type1 => Adjust updating learning rate to 7.8125e-07
	iters: 100, epoch: 9 | loss: 18.4321480
	speed: 0.0325s/iter; left time: 3.6727s
Epoch: 9 cost time: 2.5948517322540283
Epoch: 9, Steps: 106 | Train Loss: 176.6241262 Vali Loss: 11.8697643 Test Loss: 11.9406309
Validation loss decreased (11.870550 --> 11.869764).  Saving model ...
type1 => Adjust updating learning rate to 3.90625e-07
	iters: 100, epoch: 10 | loss: 1015.5609131
	speed: 0.0395s/iter; left time: 0.2766s
Epoch: 10 cost time: 3.3157994747161865
Epoch: 10, Steps: 106 | Train Loss: 161.0002612 Vali Loss: 11.8694859 Test Loss: 11.9404535
Validation loss decreased (11.869764 --> 11.869486).  Saving model ...
type1 => Adjust updating learning rate to 1.953125e-07
>>>>>>>testing : C2TM_8_7_Autoformer_C2TM_ftM_sl8_ll4_pl7_dm512_nh8_el2_dl1_df2048_fc1_ebtimeF_dtTrue_test_0<<<<<<<<<<<<<<<<<<<<<<<<<<<<<<<<<
data shape:  (48, 13269) 13269
loading model.............
mse:11.94045352935791, mae:0.9806076884269714, rse:1.1260560750961304
