Args in experiment:
Namespace(random_seed=2023, is_training=1, model_id='C2TM_8_8', model='DecomLinearV2', data='C2TM', root_path='../data_trfc/C2TM/', data_path='ETTh1.csv', n_part=24, features='M', target='OT', freq='h', checkpoints='./checkpoints/', seq_len=8, pred_len=8, num_workers=10, itr=1, train_epochs=10, batch_size=128, patience=10, learning_rate=0.0001, weight_decay=0.0, des='test', loss='mse', lradj='type1', pct_start=0.3, use_amp=False, use_gpu=True, gpu=0, use_multi_gpu=False, devices='0,1,2,3', test_flop=False, max_diffusion_step=2, cl_decay_steps=2000, filter_type='dual_random_walk', num_rnn_layers=2, rnn_units=64, use_curriculum_learning=False, patch_len=2, stride=2, fc_dropout=0.05, head_dropout=0.0, padding_patch='end', revin=1, affine=0, subtract_last=0, decomposition=0, kernel_size=25, individual=0, embed_type=0, enc_in=552, dec_in=552, c_out=552, d_model=512, n_heads=8, e_layers=2, d_layers=1, d_ff=2048, moving_avg=25, factor=1, distil=True, dropout=0.05, embed='timeF', activation='gelu', output_attention=False, do_predict=False, version='Fourier', mode_select='random', modes=64, L=3, base='legendre', cross_activation='tanh', label_len=4)
Use GPU: cuda:0
3 kernel_size ...
3 kernel_size ...
3 kernel_size ...
3 kernel_size ...
L_Decom V2 ...
>>>>>>>start training : C2TM_8_8_DecomLinearV2_C2TM_ftM_sl8_ll4_pl8_dm512_nh8_el2_dl1_df2048_fc1_ebtimeF_dtTrue_test_0>>>>>>>>>>>>>>>>>>>>>>>>>>
data shape:  (48, 13269) 13269
data shape:  (120, 13269) 13269
data shape:  (24, 13269) 13269
	iters: 100, epoch: 1 | loss: 13.4020967
	speed: 0.0125s/iter; left time: 11.8851s
Epoch: 1 cost time: 1.2880899906158447
Epoch: 1, Steps: 105 | Train Loss: 16.0582815 Vali Loss: 7.5927219 Test Loss: 9.5005817
Validation loss decreased (inf --> 7.592722).  Saving model ...
type1 => Adjust updating learning rate to 0.0001
	iters: 100, epoch: 2 | loss: 1.4093032
	speed: 0.0083s/iter; left time: 7.0214s
Epoch: 2 cost time: 0.6943182945251465
Epoch: 2, Steps: 105 | Train Loss: 12.9634815 Vali Loss: 7.3697238 Test Loss: 9.4075470
Validation loss decreased (7.592722 --> 7.369724).  Saving model ...
type1 => Adjust updating learning rate to 5e-05
	iters: 100, epoch: 3 | loss: 1.8265563
	speed: 0.0074s/iter; left time: 5.5130s
Epoch: 3 cost time: 0.6611604690551758
Epoch: 3, Steps: 105 | Train Loss: 10.2491328 Vali Loss: 7.3491144 Test Loss: 9.4009476
Validation loss decreased (7.369724 --> 7.349114).  Saving model ...
type1 => Adjust updating learning rate to 2.5e-05
	iters: 100, epoch: 4 | loss: 4.2936692
	speed: 0.0081s/iter; left time: 5.1495s
Epoch: 4 cost time: 0.695502758026123
Epoch: 4, Steps: 105 | Train Loss: 10.6658290 Vali Loss: 7.3439550 Test Loss: 9.4006634
Validation loss decreased (7.349114 --> 7.343955).  Saving model ...
type1 => Adjust updating learning rate to 1.25e-05
	iters: 100, epoch: 5 | loss: 2.6185756
	speed: 0.0077s/iter; left time: 4.0686s
Epoch: 5 cost time: 0.666754961013794
Epoch: 5, Steps: 105 | Train Loss: 7.9575230 Vali Loss: 7.3421335 Test Loss: 9.4004850
Validation loss decreased (7.343955 --> 7.342134).  Saving model ...
type1 => Adjust updating learning rate to 6.25e-06
	iters: 100, epoch: 6 | loss: 32.5798187
	speed: 0.0076s/iter; left time: 3.2447s
Epoch: 6 cost time: 0.671250581741333
Epoch: 6, Steps: 105 | Train Loss: 9.5754543 Vali Loss: 7.3399525 Test Loss: 9.3998413
Validation loss decreased (7.342134 --> 7.339952).  Saving model ...
type1 => Adjust updating learning rate to 3.125e-06
	iters: 100, epoch: 7 | loss: 5.2099252
	speed: 0.0072s/iter; left time: 2.2975s
Epoch: 7 cost time: 0.6300148963928223
Epoch: 7, Steps: 105 | Train Loss: 16.1793065 Vali Loss: 7.3403320 Test Loss: 9.3993721
EarlyStopping counter: 1 out of 10
type1 => Adjust updating learning rate to 1.5625e-06
	iters: 100, epoch: 8 | loss: 3.0282812
	speed: 0.0067s/iter; left time: 1.4501s
Epoch: 8 cost time: 0.5708646774291992
Epoch: 8, Steps: 105 | Train Loss: 14.1330653 Vali Loss: 7.3401771 Test Loss: 9.3993635
EarlyStopping counter: 2 out of 10
type1 => Adjust updating learning rate to 7.8125e-07
	iters: 100, epoch: 9 | loss: 1.1903393
	speed: 0.0062s/iter; left time: 0.6859s
Epoch: 9 cost time: 0.54311203956604
Epoch: 9, Steps: 105 | Train Loss: 16.0736883 Vali Loss: 7.3401589 Test Loss: 9.3993597
EarlyStopping counter: 3 out of 10
type1 => Adjust updating learning rate to 3.90625e-07
	iters: 100, epoch: 10 | loss: 73.3541565
	speed: 0.0062s/iter; left time: 0.0372s
Epoch: 10 cost time: 0.5363543033599854
Epoch: 10, Steps: 105 | Train Loss: 14.8208834 Vali Loss: 7.3400412 Test Loss: 9.3993311
EarlyStopping counter: 4 out of 10
type1 => Adjust updating learning rate to 1.953125e-07
>>>>>>>testing : C2TM_8_8_DecomLinearV2_C2TM_ftM_sl8_ll4_pl8_dm512_nh8_el2_dl1_df2048_fc1_ebtimeF_dtTrue_test_0<<<<<<<<<<<<<<<<<<<<<<<<<<<<<<<<<
data shape:  (48, 13269) 13269
loading model.............
mse:9.399840354919434, mae:0.1669212281703949, rse:1.0014111995697021
