Args in experiment:
Namespace(random_seed=2023, is_training=1, model_id='C2TM_8_8', model='DecomLinear', data='C2TM', root_path='../data_trfc/C2TM/', data_path='ETTh1.csv', n_part=24, features='M', target='OT', freq='h', checkpoints='./checkpoints/', seq_len=8, pred_len=8, num_workers=10, itr=1, train_epochs=10, batch_size=128, patience=10, learning_rate=0.0001, weight_decay=0.0, des='test', loss='mse', lradj='type1', pct_start=0.3, use_amp=False, use_gpu=True, gpu=0, use_multi_gpu=False, devices='0,1,2,3', test_flop=False, max_diffusion_step=2, cl_decay_steps=2000, filter_type='dual_random_walk', num_rnn_layers=2, rnn_units=64, use_curriculum_learning=False, patch_len=2, stride=2, fc_dropout=0.05, head_dropout=0.0, padding_patch='end', revin=1, affine=0, subtract_last=0, decomposition=0, kernel_size=25, individual=0, label_len=4, embed_type=0, enc_in=552, dec_in=552, c_out=552, d_model=512, n_heads=8, e_layers=2, d_layers=1, d_ff=2048, moving_avg=25, factor=1, distil=True, dropout=0.05, embed='timeF', activation='gelu', output_attention=False, do_predict=False, version='Fourier', mode_select='random', modes=64, L=3, base='legendre', cross_activation='tanh')
Use GPU: cuda:0
L_Decom2 ...
>>>>>>>start training : C2TM_8_8_DecomLinear_C2TM_ftM_sl8_ll4_pl8_dm512_nh8_el2_dl1_df2048_fc1_ebtimeF_dtTrue_test_0>>>>>>>>>>>>>>>>>>>>>>>>>>
data shape:  (48, 13269) 13269
data shape:  (120, 13269) 13269
data shape:  (24, 13269) 13269
	iters: 100, epoch: 1 | loss: 2.8108091
	speed: 0.0122s/iter; left time: 11.5998s
Epoch: 1 cost time: 1.2878594398498535
Epoch: 1, Steps: 105 | Train Loss: 14.3309615 Vali Loss: 7.4252267 Test Loss: 9.4752111
Validation loss decreased (inf --> 7.425227).  Saving model ...
type1 => Adjust updating learning rate to 0.0001
	iters: 100, epoch: 2 | loss: 1.2763748
	speed: 0.0134s/iter; left time: 11.3460s
Epoch: 2 cost time: 1.0244953632354736
Epoch: 2, Steps: 105 | Train Loss: 12.0897204 Vali Loss: 7.2832050 Test Loss: 9.3927927
Validation loss decreased (7.425227 --> 7.283205).  Saving model ...
type1 => Adjust updating learning rate to 5e-05
	iters: 100, epoch: 3 | loss: 1.7037098
	speed: 0.0093s/iter; left time: 6.9211s
Epoch: 3 cost time: 0.745793342590332
Epoch: 3, Steps: 105 | Train Loss: 9.4830570 Vali Loss: 7.2867832 Test Loss: 9.3865662
EarlyStopping counter: 1 out of 10
type1 => Adjust updating learning rate to 2.5e-05
	iters: 100, epoch: 4 | loss: 3.4995828
	speed: 0.0079s/iter; left time: 5.0545s
Epoch: 4 cost time: 0.7169167995452881
Epoch: 4, Steps: 105 | Train Loss: 9.8399299 Vali Loss: 7.2823453 Test Loss: 9.3882151
Validation loss decreased (7.283205 --> 7.282345).  Saving model ...
type1 => Adjust updating learning rate to 1.25e-05
	iters: 100, epoch: 5 | loss: 2.1104207
	speed: 0.0079s/iter; left time: 4.1983s
Epoch: 5 cost time: 0.7115349769592285
Epoch: 5, Steps: 105 | Train Loss: 7.5651040 Vali Loss: 7.2807999 Test Loss: 9.3888426
Validation loss decreased (7.282345 --> 7.280800).  Saving model ...
type1 => Adjust updating learning rate to 6.25e-06
	iters: 100, epoch: 6 | loss: 26.5687046
	speed: 0.0085s/iter; left time: 3.6422s
Epoch: 6 cost time: 0.7602674961090088
Epoch: 6, Steps: 105 | Train Loss: 9.1119898 Vali Loss: 7.2813535 Test Loss: 9.3884554
EarlyStopping counter: 1 out of 10
type1 => Adjust updating learning rate to 3.125e-06
	iters: 100, epoch: 7 | loss: 5.4077644
	speed: 0.0077s/iter; left time: 2.4633s
Epoch: 7 cost time: 0.7012724876403809
Epoch: 7, Steps: 105 | Train Loss: 17.7527787 Vali Loss: 7.2812543 Test Loss: 9.3883600
EarlyStopping counter: 2 out of 10
type1 => Adjust updating learning rate to 1.5625e-06
	iters: 100, epoch: 8 | loss: 3.3597620
	speed: 0.0086s/iter; left time: 1.8537s
Epoch: 8 cost time: 0.7676601409912109
Epoch: 8, Steps: 105 | Train Loss: 13.9660336 Vali Loss: 7.2813473 Test Loss: 9.3884935
EarlyStopping counter: 3 out of 10
type1 => Adjust updating learning rate to 7.8125e-07
	iters: 100, epoch: 9 | loss: 1.1154323
	speed: 0.0101s/iter; left time: 1.1257s
Epoch: 9 cost time: 0.8928966522216797
Epoch: 9, Steps: 105 | Train Loss: 14.8158863 Vali Loss: 7.2814999 Test Loss: 9.3885221
EarlyStopping counter: 4 out of 10
type1 => Adjust updating learning rate to 3.90625e-07
	iters: 100, epoch: 10 | loss: 89.1854630
	speed: 0.0089s/iter; left time: 0.0534s
Epoch: 10 cost time: 0.762669563293457
Epoch: 10, Steps: 105 | Train Loss: 14.0168352 Vali Loss: 7.2814388 Test Loss: 9.3884888
EarlyStopping counter: 5 out of 10
type1 => Adjust updating learning rate to 1.953125e-07
>>>>>>>testing : C2TM_8_8_DecomLinear_C2TM_ftM_sl8_ll4_pl8_dm512_nh8_el2_dl1_df2048_fc1_ebtimeF_dtTrue_test_0<<<<<<<<<<<<<<<<<<<<<<<<<<<<<<<<<
data shape:  (48, 13269) 13269
loading model.............
mse:9.38884449005127, mae:0.16932541131973267, rse:1.0008251667022705
