Args in experiment:
Namespace(random_seed=2023, is_training=1, model_id='C2TM_8_7', model='DyDgcrn', data='C2TM', root_path='../data_trfc/C2TM/', data_path='ETTh1.csv', n_part=24, features='M', target='OT', freq='h', checkpoints='./checkpoints/', seq_len=8, pred_len=7, num_workers=10, itr=1, train_epochs=10, batch_size=128, patience=10, learning_rate=0.001, weight_decay=0.0001, des='test', loss='mse', lradj='default', pct_start=0.3, use_amp=False, use_gpu=True, gpu=0, use_multi_gpu=False, devices='0,1,2,3', test_flop=False, max_diffusion_step=2, cl_decay_steps=2000, filter_type='dual_random_walk', num_rnn_layers=2, rnn_units=64, use_curriculum_learning=False, patch_len=2, stride=2, fc_dropout=0.05, head_dropout=0.0, padding_patch='end', revin=1, affine=0, subtract_last=0, decomposition=0, kernel_size=25, individual=0, label_len=4, embed_type=0, enc_in=552, dec_in=552, c_out=552, d_model=512, n_heads=8, e_layers=2, d_layers=1, d_ff=2048, moving_avg=25, factor=1, distil=True, dropout=0.05, embed='timeF', activation='gelu', output_attention=False, do_predict=False, version='Fourier', mode_select='random', modes=64, L=3, base='legendre', cross_activation='tanh')
Use GPU: cuda:0
DyDgcrn ................
>>>>>>>start training : C2TM_8_7_DyDgcrn_C2TM_ftM_sl8_ll4_pl7_dm512_nh8_el2_dl1_df2048_fc1_ebtimeF_dtTrue_test_0>>>>>>>>>>>>>>>>>>>>>>>>>>
data shape:  (48, 13269) 13269
data shape:  (120, 13269) 13269
data shape:  (24, 13269) 13269
	iters: 100, epoch: 1 | loss: 13.6546507
	speed: 0.4083s/iter; left time: 392.4142s
Epoch: 1 cost time: 43.46851062774658
Epoch: 1, Steps: 106 | Train Loss: 132.9970595 Vali Loss: 7.1505079 Test Loss: 9.5505314
Validation loss decreased (inf --> 7.150508).  Saving model ...
default => Adjust updating learning rate to 3.9999999999999996e-05
	iters: 100, epoch: 2 | loss: 43.4951820
	speed: 0.4998s/iter; left time: 427.3589s
Epoch: 2 cost time: 42.08279776573181
Epoch: 2, Steps: 106 | Train Loss: 130.6025167 Vali Loss: 7.3438096 Test Loss: 9.7627287
EarlyStopping counter: 1 out of 10
default => Adjust updating learning rate to 3.9999999999999996e-05
	iters: 100, epoch: 3 | loss: 10.6078691
	speed: 0.5054s/iter; left time: 378.5803s
Epoch: 3 cost time: 42.599493741989136
Epoch: 3, Steps: 106 | Train Loss: 180.8352376 Vali Loss: 7.1838226 Test Loss: 9.5938854
EarlyStopping counter: 2 out of 10
default => Adjust updating learning rate to 3.9999999999999996e-05
	iters: 100, epoch: 4 | loss: 855.0988770
	speed: 0.4792s/iter; left time: 308.1538s
Epoch: 4 cost time: 41.99354100227356
Epoch: 4, Steps: 106 | Train Loss: 132.9699231 Vali Loss: 7.1235628 Test Loss: 9.5272913
Validation loss decreased (7.150508 --> 7.123563).  Saving model ...
default => Adjust updating learning rate to 3.9999999999999996e-05
	iters: 100, epoch: 5 | loss: 21.5659046
	speed: 0.5166s/iter; left time: 277.4330s
Epoch: 5 cost time: 43.652448892593384
Epoch: 5, Steps: 106 | Train Loss: 69.4489172 Vali Loss: 7.2034087 Test Loss: 9.6382885
EarlyStopping counter: 1 out of 10
default => Adjust updating learning rate to 3.9999999999999996e-05
	iters: 100, epoch: 6 | loss: 17.6120701
	speed: 0.5212s/iter; left time: 224.6172s
Epoch: 6 cost time: 43.677979946136475
Epoch: 6, Steps: 106 | Train Loss: 176.4857721 Vali Loss: 7.2252731 Test Loss: 9.6518984
EarlyStopping counter: 2 out of 10
default => Adjust updating learning rate to 3.9999999999999996e-05
	iters: 100, epoch: 7 | loss: 180.5470428
	speed: 0.5083s/iter; left time: 165.1866s
Epoch: 7 cost time: 43.61867070198059
Epoch: 7, Steps: 106 | Train Loss: 129.2671327 Vali Loss: 7.1840806 Test Loss: 9.6155367
EarlyStopping counter: 3 out of 10
default => Adjust updating learning rate to 3.9999999999999996e-05
	iters: 100, epoch: 8 | loss: 14.8429308
	speed: 0.4884s/iter; left time: 106.9630s
Epoch: 8 cost time: 41.68168377876282
Epoch: 8, Steps: 106 | Train Loss: 1506.5536658 Vali Loss: 7.3598456 Test Loss: 9.7620325
EarlyStopping counter: 4 out of 10
default => Adjust updating learning rate to 3.9999999999999996e-05
	iters: 100, epoch: 9 | loss: 16.4616776
	speed: 0.5077s/iter; left time: 57.3746s
Epoch: 9 cost time: 43.471900939941406
Epoch: 9, Steps: 106 | Train Loss: 539.8755189 Vali Loss: 7.3519487 Test Loss: 9.7485361
EarlyStopping counter: 5 out of 10
default => Adjust updating learning rate to 3.9999999999999996e-05
	iters: 100, epoch: 10 | loss: 29.0480881
	speed: 0.4831s/iter; left time: 3.3820s
Epoch: 10 cost time: 40.971548080444336
Epoch: 10, Steps: 106 | Train Loss: 85.0676118 Vali Loss: 7.1814590 Test Loss: 9.5992441
EarlyStopping counter: 6 out of 10
default => Adjust updating learning rate to 3.9999999999999996e-05
>>>>>>>testing : C2TM_8_7_DyDgcrn_C2TM_ftM_sl8_ll4_pl7_dm512_nh8_el2_dl1_df2048_fc1_ebtimeF_dtTrue_test_0<<<<<<<<<<<<<<<<<<<<<<<<<<<<<<<<<
data shape:  (48, 13269) 13269
loading model.............
mse:9.527210235595703, mae:0.5591471195220947, rse:1.0058481693267822
