Args in experiment:
Namespace(random_seed=2023, is_training=1, model_id='8_6', model='FEDformer', data='C2TM', root_path='./datas/C2TM/', data_path='ETTh1.csv', n_part=24, features='M', target='OT', freq='h', checkpoints='./checkpoints/', seq_len=8, pred_len=6, num_workers=10, itr=1, train_epochs=10, batch_size=128, patience=3, learning_rate=0.0001, weight_decay=0.0, des='test', loss='mse', lradj='type1', pct_start=0.3, use_amp=False, use_gpu=True, gpu=0, use_multi_gpu=False, devices='0,1,2,3', test_flop=False, max_diffusion_step=2, cl_decay_steps=2000, filter_type='dual_random_walk', num_rnn_layers=2, rnn_units=64, use_curriculum_learning=False, patch_len=2, stride=2, fc_dropout=0.05, head_dropout=0.0, padding_patch='end', revin=1, affine=0, subtract_last=0, decomposition=0, kernel_size=25, individual=0, label_len=4, embed_type=0, enc_in=552, dec_in=552, c_out=552, d_model=512, n_heads=8, e_layers=2, d_layers=1, d_ff=2048, moving_avg=25, factor=1, distil=True, dropout=0.05, embed='timeF', activation='gelu', output_attention=False, do_predict=False, version='Fourier', mode_select='random', modes=64, L=3, base='legendre', cross_activation='tanh')
Use GPU: cuda:0
fourier enhanced block used!
modes=64, index=[0, 1, 2, 3]
fourier enhanced block used!
modes=64, index=[0, 1, 2, 3, 4]
 fourier enhanced cross attention used!
modes_q=5, index_q=[0, 1, 2, 3, 4]
modes_kv=4, index_kv=[0, 1, 2, 3]
enc_modes: 4, dec_modes: 5
>>>>>>>start training : 8_6_FEDformer_C2TM_ftM_sl8_ll4_pl6_dm512_nh8_el2_dl1_df2048_fc1_ebtimeF_dtTrue_test_0>>>>>>>>>>>>>>>>>>>>>>>>>>
data shape:  (48, 13269) 13269
adj_mx shape:  (13269, 13269)
data shape:  (120, 13269) 13269
adj_mx shape:  (13269, 13269)
data shape:  (24, 13269) 13269
adj_mx shape:  (13269, 13269)
MSE Loss
	iters: 100, epoch: 1 | loss: 866.3062134
	speed: 0.0436s/iter; left time: 42.3792s
Epoch: 1 cost time: 4.645083427429199
Epoch: 1, Steps: 107 | Train Loss: 168.1241265 Vali Loss: 11.4291849 Test Loss: 11.7892313
Validation loss decreased (inf --> 11.429185).  Saving model ...
type1 => Adjust updating learning rate to 0.0001
	iters: 100, epoch: 2 | loss: 33.3033104
	speed: 0.0471s/iter; left time: 40.6588s
Epoch: 2 cost time: 4.199921369552612
Epoch: 2, Steps: 107 | Train Loss: 146.6835642 Vali Loss: 11.3552313 Test Loss: 11.7524376
Validation loss decreased (11.429185 --> 11.355231).  Saving model ...
type1 => Adjust updating learning rate to 5e-05
	iters: 100, epoch: 3 | loss: 16.6634617
	speed: 0.0509s/iter; left time: 38.5273s
Epoch: 3 cost time: 4.374310731887817
Epoch: 3, Steps: 107 | Train Loss: 104.6702038 Vali Loss: 11.2667503 Test Loss: 11.7269573
Validation loss decreased (11.355231 --> 11.266750).  Saving model ...
type1 => Adjust updating learning rate to 2.5e-05
	iters: 100, epoch: 4 | loss: 39.8998528
	speed: 0.0501s/iter; left time: 32.5850s
Epoch: 4 cost time: 4.2263336181640625
Epoch: 4, Steps: 107 | Train Loss: 118.1515508 Vali Loss: 11.2234964 Test Loss: 11.6944933
Validation loss decreased (11.266750 --> 11.223496).  Saving model ...
type1 => Adjust updating learning rate to 1.25e-05
	iters: 100, epoch: 5 | loss: 47.6496315
	speed: 0.0436s/iter; left time: 23.6832s
Epoch: 5 cost time: 3.687406301498413
Epoch: 5, Steps: 107 | Train Loss: 87.4544618 Vali Loss: 11.2101679 Test Loss: 11.6886168
Validation loss decreased (11.223496 --> 11.210168).  Saving model ...
type1 => Adjust updating learning rate to 6.25e-06
	iters: 100, epoch: 6 | loss: 343.3491821
	speed: 0.0399s/iter; left time: 17.3747s
Epoch: 6 cost time: 3.333621025085449
Epoch: 6, Steps: 107 | Train Loss: 106.6278807 Vali Loss: 11.2084932 Test Loss: 11.6858959
Validation loss decreased (11.210168 --> 11.208493).  Saving model ...
type1 => Adjust updating learning rate to 3.125e-06
	iters: 100, epoch: 7 | loss: 18.8805580
	speed: 0.0378s/iter; left time: 12.4438s
Epoch: 7 cost time: 3.0274112224578857
Epoch: 7, Steps: 107 | Train Loss: 215.2270705 Vali Loss: 11.2032099 Test Loss: 11.6812086
Validation loss decreased (11.208493 --> 11.203210).  Saving model ...
type1 => Adjust updating learning rate to 1.5625e-06
	iters: 100, epoch: 8 | loss: 33.6949768
	speed: 0.0396s/iter; left time: 8.7965s
Epoch: 8 cost time: 3.375814437866211
Epoch: 8, Steps: 107 | Train Loss: 166.2773769 Vali Loss: 11.2026224 Test Loss: 11.6793156
Validation loss decreased (11.203210 --> 11.202622).  Saving model ...
type1 => Adjust updating learning rate to 7.8125e-07
	iters: 100, epoch: 9 | loss: 20.4470482
	speed: 0.0379s/iter; left time: 4.3600s
Epoch: 9 cost time: 3.0610454082489014
Epoch: 9, Steps: 107 | Train Loss: 175.0081710 Vali Loss: 11.2014856 Test Loss: 11.6788759
Validation loss decreased (11.202622 --> 11.201486).  Saving model ...
type1 => Adjust updating learning rate to 3.90625e-07
	iters: 100, epoch: 10 | loss: 1181.8969727
	speed: 0.0366s/iter; left time: 0.2928s
Epoch: 10 cost time: 2.978518009185791
Epoch: 10, Steps: 107 | Train Loss: 164.0032237 Vali Loss: 11.2012472 Test Loss: 11.6787415
Validation loss decreased (11.201486 --> 11.201247).  Saving model ...
type1 => Adjust updating learning rate to 1.953125e-07
>>>>>>>testing : 8_6_FEDformer_C2TM_ftM_sl8_ll4_pl6_dm512_nh8_el2_dl1_df2048_fc1_ebtimeF_dtTrue_test_0<<<<<<<<<<<<<<<<<<<<<<<<<<<<<<<<<
data shape:  (48, 13269) 13269
adj_mx shape:  (13269, 13269)
loading model.............
mse:11.678741455078125, mae:0.9140472412109375, rse:1.1218136548995972
