Args in experiment:
Namespace(random_seed=2023, is_training=1, model_id='8_8', model='FEDformer', data='C2TM', root_path='./datas/C2TM/', data_path='ETTh1.csv', n_part=24, features='M', target='OT', freq='h', checkpoints='./checkpoints/', seq_len=8, pred_len=8, num_workers=10, itr=1, train_epochs=10, batch_size=128, patience=3, learning_rate=0.0001, weight_decay=0.0, des='test', loss='mse', lradj='type1', pct_start=0.3, use_amp=False, use_gpu=True, gpu=0, use_multi_gpu=False, devices='0,1,2,3', test_flop=False, max_diffusion_step=2, cl_decay_steps=2000, filter_type='dual_random_walk', num_rnn_layers=2, rnn_units=64, use_curriculum_learning=False, patch_len=2, stride=2, fc_dropout=0.05, head_dropout=0.0, padding_patch='end', revin=1, affine=0, subtract_last=0, decomposition=0, kernel_size=25, individual=0, label_len=4, embed_type=0, enc_in=552, dec_in=552, c_out=552, d_model=512, n_heads=8, e_layers=2, d_layers=1, d_ff=2048, moving_avg=25, factor=1, distil=True, dropout=0.05, embed='timeF', activation='gelu', output_attention=False, do_predict=False, version='Fourier', mode_select='random', modes=64, L=3, base='legendre', cross_activation='tanh')
Use GPU: cuda:0
fourier enhanced block used!
modes=64, index=[0, 1, 2, 3]
fourier enhanced block used!
modes=64, index=[0, 1, 2, 3, 4, 5]
 fourier enhanced cross attention used!
modes_q=6, index_q=[0, 1, 2, 3, 4, 5]
modes_kv=4, index_kv=[0, 1, 2, 3]
enc_modes: 4, dec_modes: 6
>>>>>>>start training : 8_8_FEDformer_C2TM_ftM_sl8_ll4_pl8_dm512_nh8_el2_dl1_df2048_fc1_ebtimeF_dtTrue_test_0>>>>>>>>>>>>>>>>>>>>>>>>>>
data shape:  (48, 13269) 13269
adj_mx shape:  (13269, 13269)
data shape:  (120, 13269) 13269
adj_mx shape:  (13269, 13269)
data shape:  (24, 13269) 13269
adj_mx shape:  (13269, 13269)
MSE Loss
	iters: 100, epoch: 1 | loss: 741.2160645
	speed: 0.0461s/iter; left time: 43.8582s
Epoch: 1 cost time: 4.81938910484314
Epoch: 1, Steps: 105 | Train Loss: 166.4798828 Vali Loss: 12.0234499 Test Loss: 11.7581024
Validation loss decreased (inf --> 12.023450).  Saving model ...
type1 => Adjust updating learning rate to 0.0001
	iters: 100, epoch: 2 | loss: 29.1181927
	speed: 0.0596s/iter; left time: 50.3892s
Epoch: 2 cost time: 5.393075942993164
Epoch: 2, Steps: 105 | Train Loss: 146.5390193 Vali Loss: 11.9618673 Test Loss: 11.7282476
Validation loss decreased (12.023450 --> 11.961867).  Saving model ...
type1 => Adjust updating learning rate to 5e-05
	iters: 100, epoch: 3 | loss: 20.4354343
	speed: 0.0455s/iter; left time: 33.6837s
Epoch: 3 cost time: 3.5868988037109375
Epoch: 3, Steps: 105 | Train Loss: 102.5800588 Vali Loss: 11.9586420 Test Loss: 11.7276859
Validation loss decreased (11.961867 --> 11.958642).  Saving model ...
type1 => Adjust updating learning rate to 2.5e-05
	iters: 100, epoch: 4 | loss: 37.2180710
	speed: 0.0456s/iter; left time: 28.9701s
Epoch: 4 cost time: 3.848734140396118
Epoch: 4, Steps: 105 | Train Loss: 116.7314126 Vali Loss: 11.7986994 Test Loss: 11.6675158
Validation loss decreased (11.958642 --> 11.798699).  Saving model ...
type1 => Adjust updating learning rate to 1.25e-05
	iters: 100, epoch: 5 | loss: 38.4760666
	speed: 0.0429s/iter; left time: 22.7595s
Epoch: 5 cost time: 3.766387939453125
Epoch: 5, Steps: 105 | Train Loss: 83.5971137 Vali Loss: 11.7785130 Test Loss: 11.6414251
Validation loss decreased (11.798699 --> 11.778513).  Saving model ...
type1 => Adjust updating learning rate to 6.25e-06
	iters: 100, epoch: 6 | loss: 262.0352173
	speed: 0.0508s/iter; left time: 21.6268s
Epoch: 6 cost time: 4.349767446517944
Epoch: 6, Steps: 105 | Train Loss: 102.3047675 Vali Loss: 11.7382317 Test Loss: 11.6105595
Validation loss decreased (11.778513 --> 11.738232).  Saving model ...
type1 => Adjust updating learning rate to 3.125e-06
	iters: 100, epoch: 7 | loss: 47.9480095
	speed: 0.0491s/iter; left time: 15.7617s
Epoch: 7 cost time: 4.1821911334991455
Epoch: 7, Steps: 105 | Train Loss: 204.0949508 Vali Loss: 11.8369541 Test Loss: 11.6118612
EarlyStopping counter: 1 out of 3
type1 => Adjust updating learning rate to 1.5625e-06
	iters: 100, epoch: 8 | loss: 30.7631416
	speed: 0.0372s/iter; left time: 8.0244s
Epoch: 8 cost time: 3.1835813522338867
Epoch: 8, Steps: 105 | Train Loss: 163.0673095 Vali Loss: 11.7642345 Test Loss: 11.5469551
EarlyStopping counter: 2 out of 3
type1 => Adjust updating learning rate to 7.8125e-07
	iters: 100, epoch: 9 | loss: 17.1269836
	speed: 0.0378s/iter; left time: 4.1962s
Epoch: 9 cost time: 3.3911707401275635
Epoch: 9, Steps: 105 | Train Loss: 172.5580138 Vali Loss: 11.7328882 Test Loss: 11.5442715
Validation loss decreased (11.738232 --> 11.732888).  Saving model ...
type1 => Adjust updating learning rate to 3.90625e-07
	iters: 100, epoch: 10 | loss: 891.0971680
	speed: 0.0467s/iter; left time: 0.2804s
Epoch: 10 cost time: 4.016778469085693
Epoch: 10, Steps: 105 | Train Loss: 152.7261085 Vali Loss: 11.7316475 Test Loss: 11.5435038
Validation loss decreased (11.732888 --> 11.731647).  Saving model ...
type1 => Adjust updating learning rate to 1.953125e-07
>>>>>>>testing : 8_8_FEDformer_C2TM_ftM_sl8_ll4_pl8_dm512_nh8_el2_dl1_df2048_fc1_ebtimeF_dtTrue_test_0<<<<<<<<<<<<<<<<<<<<<<<<<<<<<<<<<
data shape:  (48, 13269) 13269
adj_mx shape:  (13269, 13269)
loading model.............
mse:11.543505668640137, mae:0.8250840902328491, rse:1.1097394227981567
