Args in experiment:
Namespace(random_seed=2023, is_training=1, model_id='8_6', model='Gwnet', data='C2TM', root_path='./datas/C2TM/', data_path='ETTh1.csv', n_part=24, features='M', target='OT', freq='h', checkpoints='./checkpoints/', seq_len=8, pred_len=6, num_workers=10, itr=1, train_epochs=10, batch_size=128, patience=3, learning_rate=0.001, weight_decay=0.0001, des='test', loss='mse', lradj='default', pct_start=0.3, use_amp=False, use_gpu=True, gpu=0, use_multi_gpu=False, devices='0,1,2,3', test_flop=False, max_diffusion_step=2, cl_decay_steps=2000, filter_type='dual_random_walk', num_rnn_layers=2, rnn_units=64, use_curriculum_learning=False, patch_len=2, stride=2, fc_dropout=0.05, head_dropout=0.0, padding_patch='end', revin=1, affine=0, subtract_last=0, decomposition=0, kernel_size=25, individual=0, label_len=4, embed_type=0, enc_in=552, dec_in=552, c_out=552, d_model=512, n_heads=8, e_layers=2, d_layers=1, d_ff=2048, moving_avg=25, factor=1, distil=True, dropout=0.3, embed='timeF', activation='gelu', output_attention=False, do_predict=False, version='Fourier', mode_select='random', modes=64, L=3, base='legendre', cross_activation='tanh')
Use GPU: cuda:0
>>>>>>>start training : 8_6_Gwnet_C2TM_ftM_sl8_ll4_pl6_dm512_nh8_el2_dl1_df2048_fc1_ebtimeF_dtTrue_test_0>>>>>>>>>>>>>>>>>>>>>>>>>>
data shape:  (48, 13269) 13269
adj_mx shape:  (13269, 13269)
data shape:  (120, 13269) 13269
adj_mx shape:  (13269, 13269)
data shape:  (24, 13269) 13269
adj_mx shape:  (13269, 13269)
MSE Loss
	iters: 100, epoch: 1 | loss: 7.7991381
	speed: 0.0402s/iter; left time: 39.0196s
Epoch: 1 cost time: 4.294480562210083
Epoch: 1, Steps: 107 | Train Loss: 132.5068645 Vali Loss: 6.9709163 Test Loss: 9.4312239
Validation loss decreased (inf --> 6.970916).  Saving model ...
not in xxxx...
default => Adjust updating learning rate to 3.9999999999999996e-05
	iters: 100, epoch: 2 | loss: 6.9412255
	speed: 0.0447s/iter; left time: 38.6624s
Epoch: 2 cost time: 4.10663366317749
Epoch: 2, Steps: 107 | Train Loss: 112.0018813 Vali Loss: 7.0622072 Test Loss: 9.3807020
EarlyStopping counter: 1 out of 3
not in xxxx...
default => Adjust updating learning rate to 3.9999999999999996e-05
	iters: 100, epoch: 3 | loss: 6.8059740
	speed: 0.0438s/iter; left time: 33.1547s
Epoch: 3 cost time: 3.995635747909546
Epoch: 3, Steps: 107 | Train Loss: 88.3963966 Vali Loss: 6.9770155 Test Loss: 9.3254156
EarlyStopping counter: 2 out of 3
not in xxxx...
default => Adjust updating learning rate to 3.9999999999999996e-05
	iters: 100, epoch: 4 | loss: 32.4677010
	speed: 0.0453s/iter; left time: 29.4406s
Epoch: 4 cost time: 4.220747470855713
Epoch: 4, Steps: 107 | Train Loss: 91.1834727 Vali Loss: 7.0299778 Test Loss: 9.3472958
EarlyStopping counter: 3 out of 3
Early stopping
>>>>>>>testing : 8_6_Gwnet_C2TM_ftM_sl8_ll4_pl6_dm512_nh8_el2_dl1_df2048_fc1_ebtimeF_dtTrue_test_0<<<<<<<<<<<<<<<<<<<<<<<<<<<<<<<<<
data shape:  (48, 13269) 13269
adj_mx shape:  (13269, 13269)
loading model.............
mse:9.431222915649414, mae:0.6240953207015991, rse:1.00810706615448
