Args in experiment:
Namespace(random_seed=2023, is_training=1, model_id='8_8', model='Gwnet', data='C2TM', root_path='./datas/C2TM/', data_path='ETTh1.csv', n_part=24, features='M', target='OT', freq='h', checkpoints='./checkpoints/', seq_len=8, pred_len=8, num_workers=10, itr=1, train_epochs=10, batch_size=128, patience=3, learning_rate=0.001, weight_decay=0.0001, des='test', loss='mse', lradj='default', pct_start=0.3, use_amp=False, use_gpu=True, gpu=0, use_multi_gpu=False, devices='0,1,2,3', test_flop=False, max_diffusion_step=2, cl_decay_steps=2000, filter_type='dual_random_walk', num_rnn_layers=2, rnn_units=64, use_curriculum_learning=False, patch_len=2, stride=2, fc_dropout=0.05, head_dropout=0.0, padding_patch='end', revin=1, affine=0, subtract_last=0, decomposition=0, kernel_size=25, individual=0, label_len=4, embed_type=0, enc_in=552, dec_in=552, c_out=552, d_model=512, n_heads=8, e_layers=2, d_layers=1, d_ff=2048, moving_avg=25, factor=1, distil=True, dropout=0.3, embed='timeF', activation='gelu', output_attention=False, do_predict=False, version='Fourier', mode_select='random', modes=64, L=3, base='legendre', cross_activation='tanh')
Use GPU: cuda:0
>>>>>>>start training : 8_8_Gwnet_C2TM_ftM_sl8_ll4_pl8_dm512_nh8_el2_dl1_df2048_fc1_ebtimeF_dtTrue_test_0>>>>>>>>>>>>>>>>>>>>>>>>>>
data shape:  (48, 13269) 13269
adj_mx shape:  (13269, 13269)
data shape:  (120, 13269) 13269
adj_mx shape:  (13269, 13269)
data shape:  (24, 13269) 13269
adj_mx shape:  (13269, 13269)
MSE Loss
	iters: 100, epoch: 1 | loss: 13.2657614
	speed: 0.0473s/iter; left time: 44.9999s
Epoch: 1 cost time: 4.935350179672241
Epoch: 1, Steps: 105 | Train Loss: 133.6115459 Vali Loss: 7.3228965 Test Loss: 9.5381289
Validation loss decreased (inf --> 7.322896).  Saving model ...
not in xxxx...
default => Adjust updating learning rate to 3.9999999999999996e-05
	iters: 100, epoch: 2 | loss: 6.8774061
	speed: 0.0449s/iter; left time: 37.9768s
Epoch: 2 cost time: 4.094427824020386
Epoch: 2, Steps: 105 | Train Loss: 112.9542197 Vali Loss: 7.3637052 Test Loss: 9.4812469
EarlyStopping counter: 1 out of 3
not in xxxx...
default => Adjust updating learning rate to 3.9999999999999996e-05
	iters: 100, epoch: 3 | loss: 11.0477839
	speed: 0.0461s/iter; left time: 34.1802s
Epoch: 3 cost time: 4.254878759384155
Epoch: 3, Steps: 105 | Train Loss: 87.8476038 Vali Loss: 7.2905416 Test Loss: 9.4267559
Validation loss decreased (7.322896 --> 7.290542).  Saving model ...
not in xxxx...
default => Adjust updating learning rate to 3.9999999999999996e-05
	iters: 100, epoch: 4 | loss: 28.9632969
	speed: 0.0471s/iter; left time: 29.9483s
Epoch: 4 cost time: 4.247790336608887
Epoch: 4, Steps: 105 | Train Loss: 92.8006399 Vali Loss: 7.3407264 Test Loss: 9.4481182
EarlyStopping counter: 1 out of 3
not in xxxx...
default => Adjust updating learning rate to 3.9999999999999996e-05
	iters: 100, epoch: 5 | loss: 16.8185501
	speed: 0.0470s/iter; left time: 24.9691s
Epoch: 5 cost time: 4.150668144226074
Epoch: 5, Steps: 105 | Train Loss: 70.2466775 Vali Loss: 7.2779508 Test Loss: 9.4202938
Validation loss decreased (7.290542 --> 7.277951).  Saving model ...
not in xxxx...
default => Adjust updating learning rate to 3.9999999999999996e-05
	iters: 100, epoch: 6 | loss: 257.2317505
	speed: 0.0451s/iter; left time: 19.2184s
Epoch: 6 cost time: 4.0554633140563965
Epoch: 6, Steps: 105 | Train Loss: 84.8267046 Vali Loss: 7.2779813 Test Loss: 9.4136600
EarlyStopping counter: 1 out of 3
not in xxxx...
default => Adjust updating learning rate to 3.9999999999999996e-05
	iters: 100, epoch: 7 | loss: 51.2982178
	speed: 0.0449s/iter; left time: 14.4071s
Epoch: 7 cost time: 4.086200714111328
Epoch: 7, Steps: 105 | Train Loss: 171.4048542 Vali Loss: 7.5984659 Test Loss: 9.6481352
EarlyStopping counter: 2 out of 3
not in xxxx...
default => Adjust updating learning rate to 3.9999999999999996e-05
	iters: 100, epoch: 8 | loss: 27.7277374
	speed: 0.0444s/iter; left time: 9.5968s
Epoch: 8 cost time: 4.01527738571167
Epoch: 8, Steps: 105 | Train Loss: 133.2033624 Vali Loss: 7.3409643 Test Loss: 9.4468803
EarlyStopping counter: 3 out of 3
Early stopping
>>>>>>>testing : 8_8_Gwnet_C2TM_ftM_sl8_ll4_pl8_dm512_nh8_el2_dl1_df2048_fc1_ebtimeF_dtTrue_test_0<<<<<<<<<<<<<<<<<<<<<<<<<<<<<<<<<
data shape:  (48, 13269) 13269
adj_mx shape:  (13269, 13269)
loading model.............
mse:9.420293807983398, mae:0.4117085039615631, rse:1.0025001764297485
