Args in experiment:
Namespace(random_seed=2023, is_training=1, model_id='8_8', model='Mvstgn', data='C2TM', root_path='./datas/C2TM/', data_path='ETTh1.csv', n_part=24, features='M', target='OT', freq='h', checkpoints='./checkpoints/', seq_len=8, pred_len=8, num_workers=10, itr=1, train_epochs=10, batch_size=128, patience=3, learning_rate=0.001, weight_decay=0.0001, des='test', loss='mse', lradj='Mvstgn', pct_start=0.3, use_amp=False, use_gpu=True, gpu=0, use_multi_gpu=False, devices='0,1,2,3', test_flop=False, max_diffusion_step=2, cl_decay_steps=2000, filter_type='dual_random_walk', num_rnn_layers=2, rnn_units=64, use_curriculum_learning=False, patch_len=2, stride=2, fc_dropout=0.05, head_dropout=0.0, padding_patch='end', revin=1, affine=0, subtract_last=0, decomposition=0, kernel_size=25, individual=0, label_len=4, embed_type=0, enc_in=552, dec_in=552, c_out=552, d_model=512, n_heads=8, e_layers=2, d_layers=1, d_ff=2048, moving_avg=25, factor=1, distil=True, dropout=0.05, embed='timeF', activation='gelu', output_attention=False, do_predict=False, version='Fourier', mode_select='random', modes=64, L=3, base='legendre', cross_activation='tanh')
Use GPU: cuda:0
>>>>>>>start training : 8_8_Mvstgn_C2TM_ftM_sl8_ll4_pl8_dm512_nh8_el2_dl1_df2048_fc1_ebtimeF_dtTrue_test_0>>>>>>>>>>>>>>>>>>>>>>>>>>
data shape:  (48, 13269) 13269
adj_mx shape:  (13269, 13269)
data shape:  (120, 13269) 13269
adj_mx shape:  (13269, 13269)
data shape:  (24, 13269) 13269
adj_mx shape:  (13269, 13269)
MSE Loss
	iters: 100, epoch: 1 | loss: 14.2887831
	speed: 0.0849s/iter; left time: 80.7591s
Epoch: 1 cost time: 8.970808506011963
Epoch: 1, Steps: 105 | Train Loss: 134.1459196 Vali Loss: 7.2799335 Test Loss: 9.3951397
Validation loss decreased (inf --> 7.279933).  Saving model ...
Updating learning rate to 0.0001
	iters: 100, epoch: 2 | loss: 7.4175100
	speed: 0.0934s/iter; left time: 79.0081s
Epoch: 2 cost time: 8.71143126487732
Epoch: 2, Steps: 105 | Train Loss: 113.7547323 Vali Loss: 7.3261828 Test Loss: 9.5024147
EarlyStopping counter: 1 out of 3
Updating learning rate to 0.0001
	iters: 100, epoch: 3 | loss: 11.5965719
	speed: 0.0924s/iter; left time: 68.4445s
Epoch: 3 cost time: 8.582019090652466
Epoch: 3, Steps: 105 | Train Loss: 88.4273344 Vali Loss: 7.3304996 Test Loss: 9.5342464
EarlyStopping counter: 2 out of 3
Updating learning rate to 0.0001
	iters: 100, epoch: 4 | loss: 29.4065876
	speed: 0.0923s/iter; left time: 58.6804s
Epoch: 4 cost time: 8.641922235488892
Epoch: 4, Steps: 105 | Train Loss: 93.2840076 Vali Loss: 7.3418164 Test Loss: 9.5244942
EarlyStopping counter: 3 out of 3
Early stopping
>>>>>>>testing : 8_8_Mvstgn_C2TM_ftM_sl8_ll4_pl8_dm512_nh8_el2_dl1_df2048_fc1_ebtimeF_dtTrue_test_0<<<<<<<<<<<<<<<<<<<<<<<<<<<<<<<<<
data shape:  (48, 13269) 13269
adj_mx shape:  (13269, 13269)
loading model.............
mse:9.395140647888184, mae:0.3374173939228058, rse:1.0011608600616455
