Args in experiment:
Namespace(random_seed=2023, is_training=1, model_id='C2TM_8_7', model='PatchTST', data='C2TM', root_path='../data_trfc/C2TM/', data_path='ETTh1.csv', n_part=24, features='M', target='OT', freq='h', checkpoints='./checkpoints/', seq_len=8, pred_len=7, num_workers=10, itr=1, train_epochs=100, batch_size=128, patience=10, learning_rate=0.0001, weight_decay=0.0, des='test', loss='mse', lradj='TST', pct_start=0.3, use_amp=False, use_gpu=True, gpu=0, use_multi_gpu=False, devices='0,1,2,3', test_flop=False, max_diffusion_step=2, cl_decay_steps=2000, filter_type='dual_random_walk', num_rnn_layers=2, rnn_units=64, use_curriculum_learning=False, patch_len=2, stride=2, fc_dropout=0.05, head_dropout=0.0, padding_patch='end', revin=1, affine=0, subtract_last=0, decomposition=0, kernel_size=25, individual=0, label_len=4, embed_type=0, enc_in=552, dec_in=552, c_out=552, d_model=512, n_heads=8, e_layers=2, d_layers=1, d_ff=2048, moving_avg=25, factor=1, distil=True, dropout=0.05, embed='timeF', activation='gelu', output_attention=False, do_predict=False, version='Fourier', mode_select='random', modes=64, L=3, base='legendre', cross_activation='tanh')
Use GPU: cuda:0
0 ---->>>>
>>>>>>>start training : C2TM_8_7_PatchTST_C2TM_ftM_sl8_ll4_pl7_dm512_nh8_el2_dl1_df2048_fc1_ebtimeF_dtTrue_test_0>>>>>>>>>>>>>>>>>>>>>>>>>>
data shape:  (48, 13269) 13269
data shape:  (120, 13269) 13269
data shape:  (24, 13269) 13269
	iters: 100, epoch: 1 | loss: 80.7024078
	speed: 0.0484s/iter; left time: 507.9052s
Epoch: 1 cost time: 5.109299421310425
Epoch: 1, Steps: 106 | Train Loss: 177.1188194 Vali Loss: 10.5257015 Test Loss: 11.2225628
Validation loss decreased (inf --> 10.525702).  Saving model ...
Updating learning rate to 4.263114325783103e-06
	iters: 100, epoch: 2 | loss: 28.7789268
	speed: 0.0828s/iter; left time: 860.8025s
Epoch: 2 cost time: 4.642242670059204
Epoch: 2, Steps: 106 | Train Loss: 134.6380661 Vali Loss: 8.9982929 Test Loss: 10.4987373
Validation loss decreased (10.525702 --> 8.998293).  Saving model ...
Updating learning rate to 5.049572755281081e-06
	iters: 100, epoch: 3 | loss: 16.5473289
	speed: 0.0828s/iter; left time: 851.9477s
Epoch: 3 cost time: 4.649108409881592
Epoch: 3, Steps: 106 | Train Loss: 101.2273089 Vali Loss: 8.1636124 Test Loss: 10.1197033
Validation loss decreased (8.998293 --> 8.163612).  Saving model ...
Updating learning rate to 6.350753268517486e-06
	iters: 100, epoch: 4 | loss: 37.3552284
	speed: 0.0834s/iter; left time: 848.9979s
Epoch: 4 cost time: 4.640775442123413
Epoch: 4, Steps: 106 | Train Loss: 104.8754237 Vali Loss: 7.9229507 Test Loss: 9.9594650
Validation loss decreased (8.163612 --> 7.922951).  Saving model ...
Updating learning rate to 8.152390897431434e-06
	iters: 100, epoch: 5 | loss: 25.2396011
	speed: 0.0881s/iter; left time: 887.7015s
Epoch: 5 cost time: 4.629656553268433
Epoch: 5, Steps: 106 | Train Loss: 81.4584201 Vali Loss: 7.6713309 Test Loss: 9.8070107
Validation loss decreased (7.922951 --> 7.671331).  Saving model ...
Updating learning rate to 1.04347341141047e-05
	iters: 100, epoch: 6 | loss: 295.4637756
	speed: 0.0688s/iter; left time: 685.5570s
Epoch: 6 cost time: 4.640985012054443
Epoch: 6, Steps: 106 | Train Loss: 92.6790907 Vali Loss: 7.3702364 Test Loss: 9.6636734
Validation loss decreased (7.671331 --> 7.370236).  Saving model ...
Updating learning rate to 1.31727613686764e-05
	iters: 100, epoch: 7 | loss: 15.8198862
	speed: 0.0830s/iter; left time: 818.4318s
Epoch: 7 cost time: 4.6680450439453125
Epoch: 7, Steps: 106 | Train Loss: 198.9518311 Vali Loss: 9.1821165 Test Loss: 10.2270126
EarlyStopping counter: 1 out of 10
Updating learning rate to 1.6336455403018966e-05
	iters: 100, epoch: 8 | loss: 28.2994881
	speed: 0.0552s/iter; left time: 538.6597s
Epoch: 8 cost time: 4.633348226547241
Epoch: 8, Steps: 106 | Train Loss: 144.9515665 Vali Loss: 7.3496103 Test Loss: 9.5870066
Validation loss decreased (7.370236 --> 7.349610).  Saving model ...
Updating learning rate to 1.9891132332847794e-05
	iters: 100, epoch: 9 | loss: 7.9796085
	speed: 0.0831s/iter; left time: 801.9205s
Epoch: 9 cost time: 4.70905613899231
Epoch: 9, Steps: 106 | Train Loss: 153.7600906 Vali Loss: 7.8183961 Test Loss: 9.7874107
EarlyStopping counter: 1 out of 10
Updating learning rate to 2.379782189050585e-05
	iters: 100, epoch: 10 | loss: 1006.1679077
	speed: 0.0548s/iter; left time: 522.8606s
Epoch: 10 cost time: 4.623406410217285
Epoch: 10, Steps: 106 | Train Loss: 141.5070225 Vali Loss: 8.1585064 Test Loss: 9.8842325
EarlyStopping counter: 2 out of 10
Updating learning rate to 2.8013694659784506e-05
	iters: 100, epoch: 11 | loss: 16.7629585
	speed: 0.0549s/iter; left time: 518.3926s
Epoch: 11 cost time: 4.631204843521118
Epoch: 11, Steps: 106 | Train Loss: 104.8260093 Vali Loss: 7.7931199 Test Loss: 9.7854824
EarlyStopping counter: 3 out of 10
Updating learning rate to 3.249253161896395e-05
	iters: 100, epoch: 12 | loss: 15.6251659
	speed: 0.0547s/iter; left time: 510.7190s
Epoch: 12 cost time: 4.631341457366943
Epoch: 12, Steps: 106 | Train Loss: 35.7563008 Vali Loss: 7.1946793 Test Loss: 9.5044117
Validation loss decreased (7.349610 --> 7.194679).  Saving model ...
Updating learning rate to 3.7185230844427196e-05
	iters: 100, epoch: 13 | loss: 2621.2573242
	speed: 0.0854s/iter; left time: 787.9282s
Epoch: 13 cost time: 4.662585735321045
Epoch: 13, Steps: 106 | Train Loss: 910.7257969 Vali Loss: 21.8766327 Test Loss: 15.2172318
EarlyStopping counter: 1 out of 10
Updating learning rate to 4.204034581980715e-05
	iters: 100, epoch: 14 | loss: 23.8321304
	speed: 0.0549s/iter; left time: 501.2803s
Epoch: 14 cost time: 4.62992525100708
Epoch: 14, Steps: 106 | Train Loss: 119.1506090 Vali Loss: 8.7105074 Test Loss: 10.4429092
EarlyStopping counter: 2 out of 10
Updating learning rate to 4.7004649449131036e-05
	iters: 100, epoch: 15 | loss: 93.3970184
	speed: 0.0546s/iter; left time: 491.9758s
Epoch: 15 cost time: 4.616490125656128
Epoch: 15, Steps: 106 | Train Loss: 2037.5128164 Vali Loss: 58.0654793 Test Loss: 31.5142937
EarlyStopping counter: 3 out of 10
Updating learning rate to 5.202371759063167e-05
	iters: 100, epoch: 16 | loss: 24.0091877
	speed: 0.0549s/iter; left time: 489.0700s
Epoch: 16 cost time: 4.646058797836304
Epoch: 16, Steps: 106 | Train Loss: 424.4165651 Vali Loss: 10.2234077 Test Loss: 11.2464342
EarlyStopping counter: 4 out of 10
Updating learning rate to 5.70425257138878e-05
	iters: 100, epoch: 17 | loss: 17.6340504
	speed: 0.0553s/iter; left time: 487.0719s
Epoch: 17 cost time: 4.671444416046143
Epoch: 17, Steps: 106 | Train Loss: 199.0352273 Vali Loss: 8.6516590 Test Loss: 10.4374313
EarlyStopping counter: 5 out of 10
Updating learning rate to 6.200605213908336e-05
	iters: 100, epoch: 18 | loss: 2008.5989990
	speed: 0.0552s/iter; left time: 479.9238s
Epoch: 18 cost time: 4.64902925491333
Epoch: 18, Steps: 106 | Train Loss: 705.8224091 Vali Loss: 22.0047646 Test Loss: 15.3418360
EarlyStopping counter: 6 out of 10
Updating learning rate to 6.685988124501536e-05
	iters: 100, epoch: 19 | loss: 25.2416935
	speed: 0.0548s/iter; left time: 471.2616s
Epoch: 19 cost time: 4.622666835784912
Epoch: 19, Steps: 106 | Train Loss: 357.7980716 Vali Loss: 9.8028154 Test Loss: 10.5758104
EarlyStopping counter: 7 out of 10
Updating learning rate to 7.155080003282238e-05
	iters: 100, epoch: 20 | loss: 182.3793640
	speed: 0.0551s/iter; left time: 467.8446s
Epoch: 20 cost time: 4.659243822097778
Epoch: 20, Steps: 106 | Train Loss: 147.0343097 Vali Loss: 7.3954597 Test Loss: 9.6923256
EarlyStopping counter: 8 out of 10
Updating learning rate to 7.602738150524791e-05
	iters: 100, epoch: 21 | loss: 25.9131794
	speed: 0.0549s/iter; left time: 459.8139s
Epoch: 21 cost time: 4.627093553543091
Epoch: 21, Steps: 106 | Train Loss: 86.0747150 Vali Loss: 7.4352846 Test Loss: 9.7184715
EarlyStopping counter: 9 out of 10
Updating learning rate to 8.024054846579481e-05
	iters: 100, epoch: 22 | loss: 25.8286800
	speed: 0.0552s/iter; left time: 457.1646s
Epoch: 22 cost time: 4.655581951141357
Epoch: 22, Steps: 106 | Train Loss: 194.6086197 Vali Loss: 7.2252169 Test Loss: 9.6312904
EarlyStopping counter: 10 out of 10
Early stopping
>>>>>>>testing : C2TM_8_7_PatchTST_C2TM_ftM_sl8_ll4_pl7_dm512_nh8_el2_dl1_df2048_fc1_ebtimeF_dtTrue_test_0<<<<<<<<<<<<<<<<<<<<<<<<<<<<<<<<<
data shape:  (48, 13269) 13269
loading model.............
mse:9.504410743713379, mae:0.18150398135185242, rse:1.0046439170837402
