Args in experiment:
Namespace(random_seed=2023, is_training=1, model_id='8_4', model='PatchTST', data='C2TM', root_path='./datas/C2TM/', data_path='ETTh1.csv', n_part=24, features='M', target='OT', freq='h', checkpoints='./checkpoints/', seq_len=8, pred_len=4, num_workers=10, itr=1, train_epochs=100, batch_size=128, patience=3, learning_rate=0.0001, weight_decay=0.0, des='test', loss='mse', lradj='TST', pct_start=0.3, use_amp=False, use_gpu=True, gpu=0, use_multi_gpu=False, devices='0,1,2,3', test_flop=False, max_diffusion_step=2, cl_decay_steps=2000, filter_type='dual_random_walk', num_rnn_layers=2, rnn_units=64, use_curriculum_learning=False, patch_len=2, stride=2, fc_dropout=0.05, head_dropout=0.0, padding_patch='end', revin=1, affine=0, subtract_last=0, decomposition=0, kernel_size=25, individual=0, label_len=4, embed_type=0, enc_in=552, dec_in=552, c_out=552, d_model=512, n_heads=8, e_layers=2, d_layers=1, d_ff=2048, moving_avg=25, factor=1, distil=True, dropout=0.05, embed='timeF', activation='gelu', output_attention=False, do_predict=False, version='Fourier', mode_select='random', modes=64, L=3, base='legendre', cross_activation='tanh')
Use GPU: cuda:0
0 ---->>>>
>>>>>>>start training : 8_4_PatchTST_C2TM_ftM_sl8_ll4_pl4_dm512_nh8_el2_dl1_df2048_fc1_ebtimeF_dtTrue_test_0>>>>>>>>>>>>>>>>>>>>>>>>>>
data shape:  (48, 13269) 13269
adj_mx shape:  (13269, 13269)
data shape:  (120, 13269) 13269
adj_mx shape:  (13269, 13269)
data shape:  (24, 13269) 13269
adj_mx shape:  (13269, 13269)
MSE Loss
	iters: 100, epoch: 1 | loss: 45.3114967
	speed: 0.0470s/iter; left time: 507.8733s
Epoch: 1 cost time: 5.107908725738525
Epoch: 1, Steps: 109 | Train Loss: 163.1229333 Vali Loss: 8.9601870 Test Loss: 10.2288647
Validation loss decreased (inf --> 8.960187).  Saving model ...
Updating learning rate to 4.263109774061406e-06
	iters: 100, epoch: 2 | loss: 15.3089972
	speed: 0.0700s/iter; left time: 748.4668s
Epoch: 2 cost time: 4.749146938323975
Epoch: 2, Steps: 109 | Train Loss: 130.1679027 Vali Loss: 8.2146416 Test Loss: 9.7797194
Validation loss decreased (8.960187 --> 8.214642).  Saving model ...
Updating learning rate to 5.0495546481953314e-06
	iters: 100, epoch: 3 | loss: 11.5625210
	speed: 0.0851s/iter; left time: 900.4407s
Epoch: 3 cost time: 4.767510175704956
Epoch: 3, Steps: 109 | Train Loss: 100.1614205 Vali Loss: 7.7306013 Test Loss: 9.4984369
Validation loss decreased (8.214642 --> 7.730601).  Saving model ...
Updating learning rate to 6.350712900187388e-06
	iters: 100, epoch: 4 | loss: 19.9662495
	speed: 0.0848s/iter; left time: 887.9442s
Epoch: 4 cost time: 4.7686944007873535
Epoch: 4, Steps: 109 | Train Loss: 98.8405325 Vali Loss: 7.5056357 Test Loss: 9.3528013
Validation loss decreased (7.730601 --> 7.505636).  Saving model ...
Updating learning rate to 8.152320052800112e-06
	iters: 100, epoch: 5 | loss: 18.5300541
	speed: 0.0847s/iter; left time: 877.5897s
Epoch: 5 cost time: 4.750892877578735
Epoch: 5, Steps: 109 | Train Loss: 80.6089071 Vali Loss: 7.5389256 Test Loss: 9.3467579
EarlyStopping counter: 1 out of 3
Updating learning rate to 1.0434625253913859e-05
	iters: 100, epoch: 6 | loss: 503.1269226
	speed: 0.0573s/iter; left time: 587.2332s
Epoch: 6 cost time: 4.774240016937256
Epoch: 6, Steps: 109 | Train Loss: 95.3156174 Vali Loss: 7.3660283 Test Loss: 9.2262421
Validation loss decreased (7.505636 --> 7.366028).  Saving model ...
Updating learning rate to 1.317260780328676e-05
	iters: 100, epoch: 7 | loss: 13.9729061
	speed: 0.0855s/iter; left time: 867.9883s
Epoch: 7 cost time: 4.816474437713623
Epoch: 7, Steps: 109 | Train Loss: 203.6908500 Vali Loss: 9.0792007 Test Loss: 9.9070158
EarlyStopping counter: 1 out of 3
Updating learning rate to 1.6336251452170962e-05
	iters: 100, epoch: 8 | loss: 36.7774162
	speed: 0.0571s/iter; left time: 573.3355s
Epoch: 8 cost time: 4.758250951766968
Epoch: 8, Steps: 109 | Train Loss: 160.4367869 Vali Loss: 7.6592278 Test Loss: 9.3229465
EarlyStopping counter: 2 out of 3
Updating learning rate to 1.9890873468663556e-05
	iters: 100, epoch: 9 | loss: 9.2093506
	speed: 0.0573s/iter; left time: 569.0276s
Epoch: 9 cost time: 4.771812438964844
Epoch: 9, Steps: 109 | Train Loss: 154.5827746 Vali Loss: 7.5145793 Test Loss: 9.2582674
EarlyStopping counter: 3 out of 3
Early stopping
>>>>>>>testing : 8_4_PatchTST_C2TM_ftM_sl8_ll4_pl4_dm512_nh8_el2_dl1_df2048_fc1_ebtimeF_dtTrue_test_0<<<<<<<<<<<<<<<<<<<<<<<<<<<<<<<<<
data shape:  (48, 13269) 13269
adj_mx shape:  (13269, 13269)
loading model.............
mse:9.226243019104004, mae:0.19467033445835114, rse:1.009960412979126
