Args in experiment:
Namespace(random_seed=2023, is_training=1, model_id='8_8', model='Periodformer', data='C2TM', root_path='./datas/C2TM/', data_path='ETTh1.csv', n_part=24, features='M', target='OT', freq='h', checkpoints='./checkpoints/', seq_len=8, pred_len=8, num_workers=10, itr=1, train_epochs=10, batch_size=128, patience=3, learning_rate=0.0001, weight_decay=0.0, des='test', loss='mae', lradj='type1', pct_start=0.3, use_amp=False, use_gpu=True, gpu=0, use_multi_gpu=False, devices='0,1,2,3', test_flop=False, max_diffusion_step=2, cl_decay_steps=2000, filter_type='dual_random_walk', num_rnn_layers=2, rnn_units=64, use_curriculum_learning=False, patch_len=2, stride=2, fc_dropout=0.05, head_dropout=0.0, padding_patch='end', revin=1, affine=0, subtract_last=0, decomposition=0, kernel_size=25, individual=0, label_len=4, embed_type=0, enc_in=552, dec_in=552, c_out=552, d_model=512, n_heads=8, e_layers=2, d_layers=1, d_ff=2048, moving_avg=25, factor=1, distil=True, dropout=0.05, embed='timeF', activation='gelu', output_attention=False, do_predict=False, version='Fourier', mode_select='random', modes=64, L=3, base='legendre', cross_activation='tanh', period=2)
Use GPU: cuda:0
>>>>>>>start training : 8_8_Periodformer_C2TM_ftM_sl8_ll4_pl8_dm512_nh8_el2_dl1_df2048_fc1_ebtimeF_dtTrue_test_0>>>>>>>>>>>>>>>>>>>>>>>>>>
data shape:  (48, 13269) 13269
adj_mx shape:  (13269, 13269)
data shape:  (120, 13269) 13269
adj_mx shape:  (13269, 13269)
data shape:  (24, 13269) 13269
adj_mx shape:  (13269, 13269)
MAE Loss
	iters: 100, epoch: 1 | loss: 19.1070175
	speed: 0.0283s/iter; left time: 26.8776s
Epoch: 1 cost time: 2.9855098724365234
Epoch: 1, Steps: 105 | Train Loss: 2.7097867 Vali Loss: 1.3993049 Test Loss: 0.9142742
Validation loss decreased (inf --> 1.399305).  Saving model ...
type1 => Adjust updating learning rate to 0.0001
	iters: 100, epoch: 2 | loss: 3.7753315
	speed: 0.0259s/iter; left time: 21.8968s
Epoch: 2 cost time: 2.1791388988494873
Epoch: 2, Steps: 105 | Train Loss: 3.0336352 Vali Loss: 1.3677406 Test Loss: 0.9467649
Validation loss decreased (1.399305 --> 1.367741).  Saving model ...
type1 => Adjust updating learning rate to 5e-05
	iters: 100, epoch: 3 | loss: 2.3603835
	speed: 0.0307s/iter; left time: 22.7611s
Epoch: 3 cost time: 2.5847980976104736
Epoch: 3, Steps: 105 | Train Loss: 2.8684522 Vali Loss: 1.3533741 Test Loss: 0.9369745
Validation loss decreased (1.367741 --> 1.353374).  Saving model ...
type1 => Adjust updating learning rate to 2.5e-05
	iters: 100, epoch: 4 | loss: 1.9714278
	speed: 0.0343s/iter; left time: 21.8019s
Epoch: 4 cost time: 2.959214687347412
Epoch: 4, Steps: 105 | Train Loss: 2.5607259 Vali Loss: 1.3425332 Test Loss: 0.9298497
Validation loss decreased (1.353374 --> 1.342533).  Saving model ...
type1 => Adjust updating learning rate to 1.25e-05
	iters: 100, epoch: 5 | loss: 3.9211648
	speed: 0.0412s/iter; left time: 21.8874s
Epoch: 5 cost time: 3.552492618560791
Epoch: 5, Steps: 105 | Train Loss: 2.3188543 Vali Loss: 1.3309673 Test Loss: 0.9263989
Validation loss decreased (1.342533 --> 1.330967).  Saving model ...
type1 => Adjust updating learning rate to 6.25e-06
	iters: 100, epoch: 6 | loss: 1.6197647
	speed: 0.0400s/iter; left time: 17.0569s
Epoch: 6 cost time: 3.4819533824920654
Epoch: 6, Steps: 105 | Train Loss: 2.3742010 Vali Loss: 1.3279691 Test Loss: 0.9242190
Validation loss decreased (1.330967 --> 1.327969).  Saving model ...
type1 => Adjust updating learning rate to 3.125e-06
	iters: 100, epoch: 7 | loss: 1.5312874
	speed: 0.0395s/iter; left time: 12.6857s
Epoch: 7 cost time: 3.4640419483184814
Epoch: 7, Steps: 105 | Train Loss: 3.0582169 Vali Loss: 1.3271236 Test Loss: 0.9233464
Validation loss decreased (1.327969 --> 1.327124).  Saving model ...
type1 => Adjust updating learning rate to 1.5625e-06
	iters: 100, epoch: 8 | loss: 1.4203131
	speed: 0.0394s/iter; left time: 8.5084s
Epoch: 8 cost time: 3.467076301574707
Epoch: 8, Steps: 105 | Train Loss: 2.8824483 Vali Loss: 1.3264557 Test Loss: 0.9228531
Validation loss decreased (1.327124 --> 1.326456).  Saving model ...
type1 => Adjust updating learning rate to 7.8125e-07
	iters: 100, epoch: 9 | loss: 2.6389122
	speed: 0.0405s/iter; left time: 4.4953s
Epoch: 9 cost time: 3.5504209995269775
Epoch: 9, Steps: 105 | Train Loss: 2.9000211 Vali Loss: 1.3261352 Test Loss: 0.9226070
Validation loss decreased (1.326456 --> 1.326135).  Saving model ...
type1 => Adjust updating learning rate to 3.90625e-07
	iters: 100, epoch: 10 | loss: 3.2804477
	speed: 0.0402s/iter; left time: 0.2415s
Epoch: 10 cost time: 3.541940450668335
Epoch: 10, Steps: 105 | Train Loss: 2.3659287 Vali Loss: 1.3260134 Test Loss: 0.9225229
Validation loss decreased (1.326135 --> 1.326013).  Saving model ...
type1 => Adjust updating learning rate to 1.953125e-07
>>>>>>>testing : 8_8_Periodformer_C2TM_ftM_sl8_ll4_pl8_dm512_nh8_el2_dl1_df2048_fc1_ebtimeF_dtTrue_test_0<<<<<<<<<<<<<<<<<<<<<<<<<<<<<<<<<
data shape:  (48, 13269) 13269
adj_mx shape:  (13269, 13269)
loading model.............
mse:11.817817687988281, mae:0.9225229024887085, rse:1.1228476762771606
