Args in experiment:
Namespace(random_seed=2023, is_training=1, model_id='8_4', model='STID', data='C2TM', root_path='./datas/C2TM/', data_path='ETTh1.csv', n_part=24, features='M', target='OT', freq='h', checkpoints='./checkpoints/', seq_len=8, pred_len=4, num_workers=10, itr=1, train_epochs=10, batch_size=128, patience=3, learning_rate=0.002, weight_decay=0.0001, des='test', loss='mse', lradj='type1', pct_start=0.3, use_amp=False, use_gpu=True, gpu=0, use_multi_gpu=False, devices='0,1,2,3', test_flop=False, max_diffusion_step=2, cl_decay_steps=2000, filter_type='dual_random_walk', num_rnn_layers=2, rnn_units=64, use_curriculum_learning=False, patch_len=2, stride=2, fc_dropout=0.05, head_dropout=0.0, padding_patch='end', revin=1, affine=0, subtract_last=0, decomposition=0, kernel_size=25, individual=0, label_len=4, embed_type=0, enc_in=552, dec_in=552, c_out=552, d_model=512, n_heads=8, e_layers=2, d_layers=1, d_ff=2048, moving_avg=25, factor=1, distil=True, dropout=0.05, embed='timeF', activation='gelu', output_attention=False, do_predict=False, version='Fourier', mode_select='random', modes=64, L=3, base='legendre', cross_activation='tanh')
Use GPU: cuda:0
>>>>>>>start training : 8_4_STID_C2TM_ftM_sl8_ll4_pl4_dm512_nh8_el2_dl1_df2048_fc1_ebtimeF_dtTrue_test_0>>>>>>>>>>>>>>>>>>>>>>>>>>
data shape:  (48, 13269) 13269
adj_mx shape:  (13269, 13269)
data shape:  (120, 13269) 13269
adj_mx shape:  (13269, 13269)
data shape:  (24, 13269) 13269
adj_mx shape:  (13269, 13269)
MSE Loss
	iters: 100, epoch: 1 | loss: 151.4596405
	speed: 0.0097s/iter; left time: 9.5722s
Epoch: 1 cost time: 1.025507926940918
Epoch: 1, Steps: 109 | Train Loss: 149.5704126 Vali Loss: 9.3856640 Test Loss: 10.0352077
Validation loss decreased (inf --> 9.385664).  Saving model ...
type1 => Adjust updating learning rate to 0.002
	iters: 100, epoch: 2 | loss: 101.4304657
	speed: 0.0088s/iter; left time: 7.7369s
Epoch: 2 cost time: 0.7000319957733154
Epoch: 2, Steps: 109 | Train Loss: 988.0532463 Vali Loss: 51.2198524 Test Loss: 30.7249355
EarlyStopping counter: 1 out of 3
type1 => Adjust updating learning rate to 0.001
	iters: 100, epoch: 3 | loss: 17.7016888
	speed: 0.0083s/iter; left time: 6.3834s
Epoch: 3 cost time: 0.7004876136779785
Epoch: 3, Steps: 109 | Train Loss: 180.6152535 Vali Loss: 9.8890572 Test Loss: 10.6188889
EarlyStopping counter: 2 out of 3
type1 => Adjust updating learning rate to 0.0005
	iters: 100, epoch: 4 | loss: 20.0765343
	speed: 0.0083s/iter; left time: 5.4969s
Epoch: 4 cost time: 0.7068676948547363
Epoch: 4, Steps: 109 | Train Loss: 114.2770595 Vali Loss: 7.7991204 Test Loss: 9.5050430
Validation loss decreased (9.385664 --> 7.799120).  Saving model ...
type1 => Adjust updating learning rate to 0.00025
	iters: 100, epoch: 5 | loss: 20.0601254
	speed: 0.0090s/iter; left time: 5.0119s
Epoch: 5 cost time: 0.7093250751495361
Epoch: 5, Steps: 109 | Train Loss: 84.3366115 Vali Loss: 7.9891291 Test Loss: 9.5485678
EarlyStopping counter: 1 out of 3
type1 => Adjust updating learning rate to 0.000125
	iters: 100, epoch: 6 | loss: 504.9764709
	speed: 0.0082s/iter; left time: 3.6509s
Epoch: 6 cost time: 0.6944911479949951
Epoch: 6, Steps: 109 | Train Loss: 96.3462282 Vali Loss: 7.2774019 Test Loss: 9.2130222
Validation loss decreased (7.799120 --> 7.277402).  Saving model ...
type1 => Adjust updating learning rate to 6.25e-05
	iters: 100, epoch: 7 | loss: 14.5492964
	speed: 0.0092s/iter; left time: 3.0913s
Epoch: 7 cost time: 0.7146883010864258
Epoch: 7, Steps: 109 | Train Loss: 200.0022173 Vali Loss: 7.4916935 Test Loss: 9.2339678
EarlyStopping counter: 1 out of 3
type1 => Adjust updating learning rate to 3.125e-05
	iters: 100, epoch: 8 | loss: 36.4104881
	speed: 0.0086s/iter; left time: 1.9692s
Epoch: 8 cost time: 0.7161409854888916
Epoch: 8, Steps: 109 | Train Loss: 142.0182878 Vali Loss: 7.4588466 Test Loss: 9.2339344
EarlyStopping counter: 2 out of 3
type1 => Adjust updating learning rate to 1.5625e-05
	iters: 100, epoch: 9 | loss: 15.3950691
	speed: 0.0083s/iter; left time: 0.9893s
Epoch: 9 cost time: 0.699542760848999
Epoch: 9, Steps: 109 | Train Loss: 163.0257481 Vali Loss: 7.3837271 Test Loss: 9.1958036
EarlyStopping counter: 3 out of 3
Early stopping
>>>>>>>testing : 8_4_STID_C2TM_ftM_sl8_ll4_pl4_dm512_nh8_el2_dl1_df2048_fc1_ebtimeF_dtTrue_test_0<<<<<<<<<<<<<<<<<<<<<<<<<<<<<<<<<
data shape:  (48, 13269) 13269
adj_mx shape:  (13269, 13269)
loading model.............
mse:9.213022232055664, mae:0.37542352080345154, rse:1.0092365741729736
