Args in experiment:
Namespace(random_seed=2023, is_training=1, model_id='8_8', model='STID', data='C2TM', root_path='./datas/C2TM/', data_path='ETTh1.csv', n_part=24, features='M', target='OT', freq='h', checkpoints='./checkpoints/', seq_len=8, pred_len=8, num_workers=10, itr=1, train_epochs=10, batch_size=128, patience=3, learning_rate=0.002, weight_decay=0.0001, des='test', loss='mse', lradj='type1', pct_start=0.3, use_amp=False, use_gpu=True, gpu=0, use_multi_gpu=False, devices='0,1,2,3', test_flop=False, max_diffusion_step=2, cl_decay_steps=2000, filter_type='dual_random_walk', num_rnn_layers=2, rnn_units=64, use_curriculum_learning=False, patch_len=2, stride=2, fc_dropout=0.05, head_dropout=0.0, padding_patch='end', revin=1, affine=0, subtract_last=0, decomposition=0, kernel_size=25, individual=0, label_len=4, embed_type=0, enc_in=552, dec_in=552, c_out=552, d_model=512, n_heads=8, e_layers=2, d_layers=1, d_ff=2048, moving_avg=25, factor=1, distil=True, dropout=0.05, embed='timeF', activation='gelu', output_attention=False, do_predict=False, version='Fourier', mode_select='random', modes=64, L=3, base='legendre', cross_activation='tanh')
Use GPU: cuda:0
>>>>>>>start training : 8_8_STID_C2TM_ftM_sl8_ll4_pl8_dm512_nh8_el2_dl1_df2048_fc1_ebtimeF_dtTrue_test_0>>>>>>>>>>>>>>>>>>>>>>>>>>
data shape:  (48, 13269) 13269
adj_mx shape:  (13269, 13269)
data shape:  (120, 13269) 13269
adj_mx shape:  (13269, 13269)
data shape:  (24, 13269) 13269
adj_mx shape:  (13269, 13269)
MSE Loss
	iters: 100, epoch: 1 | loss: 106.9148483
	speed: 0.0098s/iter; left time: 9.2942s
Epoch: 1 cost time: 1.0110654830932617
Epoch: 1, Steps: 105 | Train Loss: 144.4681066 Vali Loss: 7.6664605 Test Loss: 9.5595722
Validation loss decreased (inf --> 7.666461).  Saving model ...
type1 => Adjust updating learning rate to 0.002
	iters: 100, epoch: 2 | loss: 1188.2172852
	speed: 0.0083s/iter; left time: 7.0213s
Epoch: 2 cost time: 0.6556172370910645
Epoch: 2, Steps: 105 | Train Loss: 2051.7657483 Vali Loss: 477.3305664 Test Loss: 215.7305603
EarlyStopping counter: 1 out of 3
type1 => Adjust updating learning rate to 0.001
	iters: 100, epoch: 3 | loss: 64.5746613
	speed: 0.0078s/iter; left time: 5.7627s
Epoch: 3 cost time: 0.67384934425354
Epoch: 3, Steps: 105 | Train Loss: 519.5173526 Vali Loss: 20.4349556 Test Loss: 14.7095613
EarlyStopping counter: 2 out of 3
type1 => Adjust updating learning rate to 0.0005
	iters: 100, epoch: 4 | loss: 38.4808197
	speed: 0.0078s/iter; left time: 4.9744s
Epoch: 4 cost time: 0.6723811626434326
Epoch: 4, Steps: 105 | Train Loss: 148.8580578 Vali Loss: 8.6853752 Test Loss: 10.2808428
EarlyStopping counter: 3 out of 3
Early stopping
>>>>>>>testing : 8_8_STID_C2TM_ftM_sl8_ll4_pl8_dm512_nh8_el2_dl1_df2048_fc1_ebtimeF_dtTrue_test_0<<<<<<<<<<<<<<<<<<<<<<<<<<<<<<<<<
data shape:  (48, 13269) 13269
adj_mx shape:  (13269, 13269)
loading model.............
mse:9.559571266174316, mae:0.38708680868148804, rse:1.0098837614059448
