Args in experiment:
Namespace(random_seed=2023, is_training=1, model_id='8_5', model='STID', data='C2TM', root_path='./datas/C2TM/', data_path='ETTh1.csv', n_part=24, features='M', target='OT', freq='h', checkpoints='./checkpoints/', seq_len=8, pred_len=5, num_workers=10, itr=1, train_epochs=10, batch_size=128, patience=3, learning_rate=0.002, weight_decay=0.0001, des='test', loss='mse', lradj='type1', pct_start=0.3, use_amp=False, use_gpu=True, gpu=0, use_multi_gpu=False, devices='0,1,2,3', test_flop=False, max_diffusion_step=2, cl_decay_steps=2000, filter_type='dual_random_walk', num_rnn_layers=2, rnn_units=64, use_curriculum_learning=False, patch_len=2, stride=2, fc_dropout=0.05, head_dropout=0.0, padding_patch='end', revin=1, affine=0, subtract_last=0, decomposition=0, kernel_size=25, individual=0, label_len=4, embed_type=0, enc_in=552, dec_in=552, c_out=552, d_model=512, n_heads=8, e_layers=2, d_layers=1, d_ff=2048, moving_avg=25, factor=1, distil=True, dropout=0.05, embed='timeF', activation='gelu', output_attention=False, do_predict=False, version='Fourier', mode_select='random', modes=64, L=3, base='legendre', cross_activation='tanh')
Use GPU: cuda:0
>>>>>>>start training : 8_5_STID_C2TM_ftM_sl8_ll4_pl5_dm512_nh8_el2_dl1_df2048_fc1_ebtimeF_dtTrue_test_0>>>>>>>>>>>>>>>>>>>>>>>>>>
data shape:  (48, 13269) 13269
adj_mx shape:  (13269, 13269)
data shape:  (120, 13269) 13269
adj_mx shape:  (13269, 13269)
data shape:  (24, 13269) 13269
adj_mx shape:  (13269, 13269)
MSE Loss
	iters: 100, epoch: 1 | loss: 127.3163300
	speed: 0.0096s/iter; left time: 9.3758s
Epoch: 1 cost time: 1.008228063583374
Epoch: 1, Steps: 108 | Train Loss: 147.9139789 Vali Loss: 8.2621279 Test Loss: 9.7688408
Validation loss decreased (inf --> 8.262128).  Saving model ...
type1 => Adjust updating learning rate to 0.002
	iters: 100, epoch: 2 | loss: 2225.4338379
	speed: 0.0088s/iter; left time: 7.6678s
Epoch: 2 cost time: 0.6777307987213135
Epoch: 2, Steps: 108 | Train Loss: 2863.2673295 Vali Loss: 939.2411499 Test Loss: 414.2742920
EarlyStopping counter: 1 out of 3
type1 => Adjust updating learning rate to 0.001
	iters: 100, epoch: 3 | loss: 93.4291840
	speed: 0.0080s/iter; left time: 6.1411s
Epoch: 3 cost time: 0.6666920185089111
Epoch: 3, Steps: 108 | Train Loss: 1614.3744250 Vali Loss: 27.2473583 Test Loss: 18.5438366
EarlyStopping counter: 2 out of 3
type1 => Adjust updating learning rate to 0.0005
	iters: 100, epoch: 4 | loss: 23.0029259
	speed: 0.0079s/iter; left time: 5.2222s
Epoch: 4 cost time: 0.6701991558074951
Epoch: 4, Steps: 108 | Train Loss: 175.1000011 Vali Loss: 8.9421740 Test Loss: 10.3114729
EarlyStopping counter: 3 out of 3
Early stopping
>>>>>>>testing : 8_5_STID_C2TM_ftM_sl8_ll4_pl5_dm512_nh8_el2_dl1_df2048_fc1_ebtimeF_dtTrue_test_0<<<<<<<<<<<<<<<<<<<<<<<<<<<<<<<<<
data shape:  (48, 13269) 13269
adj_mx shape:  (13269, 13269)
loading model.............
mse:9.768839836120605, mae:0.338855504989624, rse:1.0335090160369873
