Args in experiment:
Namespace(random_seed=2023, is_training=1, model_id='8_5', model='Transformer', data='C2TM', root_path='./datas/C2TM/', data_path='ETTh1.csv', n_part=24, features='M', target='OT', freq='h', checkpoints='./checkpoints/', seq_len=8, pred_len=5, num_workers=10, itr=1, train_epochs=10, batch_size=128, patience=3, learning_rate=0.0001, weight_decay=0.0, des='test', loss='mse', lradj='type1', pct_start=0.3, use_amp=False, use_gpu=True, gpu=0, use_multi_gpu=False, devices='0,1,2,3', test_flop=False, max_diffusion_step=2, cl_decay_steps=2000, filter_type='dual_random_walk', num_rnn_layers=2, rnn_units=64, use_curriculum_learning=False, patch_len=2, stride=2, fc_dropout=0.05, head_dropout=0.0, padding_patch='end', revin=1, affine=0, subtract_last=0, decomposition=0, kernel_size=25, individual=0, label_len=4, embed_type=0, enc_in=552, dec_in=552, c_out=552, d_model=512, n_heads=8, e_layers=2, d_layers=1, d_ff=2048, moving_avg=25, factor=1, distil=True, dropout=0.05, embed='timeF', activation='gelu', output_attention=False, do_predict=False, version='Fourier', mode_select='random', modes=64, L=3, base='legendre', cross_activation='tanh')
Use GPU: cuda:0
>>>>>>>start training : 8_5_Transformer_C2TM_ftM_sl8_ll4_pl5_dm512_nh8_el2_dl1_df2048_fc1_ebtimeF_dtTrue_test_0>>>>>>>>>>>>>>>>>>>>>>>>>>
data shape:  (48, 13269) 13269
adj_mx shape:  (13269, 13269)
data shape:  (120, 13269) 13269
adj_mx shape:  (13269, 13269)
data shape:  (24, 13269) 13269
adj_mx shape:  (13269, 13269)
MSE Loss
	iters: 100, epoch: 1 | loss: 6.3046083
	speed: 0.0323s/iter; left time: 31.7228s
Epoch: 1 cost time: 3.4884536266326904
Epoch: 1, Steps: 108 | Train Loss: 132.9819766 Vali Loss: 7.3359380 Test Loss: 9.4741802
Validation loss decreased (inf --> 7.335938).  Saving model ...
not in xxxx...
type1 => Adjust updating learning rate to 0.0001
	iters: 100, epoch: 2 | loss: 6.0268388
	speed: 0.0376s/iter; left time: 32.8076s
Epoch: 2 cost time: 3.2788634300231934
Epoch: 2, Steps: 108 | Train Loss: 111.9560499 Vali Loss: 7.6315980 Test Loss: 9.8118725
EarlyStopping counter: 1 out of 3
not in xxxx...
type1 => Adjust updating learning rate to 5e-05
	iters: 100, epoch: 3 | loss: 6.2561526
	speed: 0.0359s/iter; left time: 27.4761s
Epoch: 3 cost time: 3.2571895122528076
Epoch: 3, Steps: 108 | Train Loss: 89.4651774 Vali Loss: 7.4903522 Test Loss: 9.8035946
EarlyStopping counter: 2 out of 3
not in xxxx...
type1 => Adjust updating learning rate to 2.5e-05
	iters: 100, epoch: 4 | loss: 14.7785063
	speed: 0.0354s/iter; left time: 23.2727s
Epoch: 4 cost time: 3.1835365295410156
Epoch: 4, Steps: 108 | Train Loss: 90.8620546 Vali Loss: 7.3531175 Test Loss: 9.6716652
EarlyStopping counter: 3 out of 3
Early stopping
>>>>>>>testing : 8_5_Transformer_C2TM_ftM_sl8_ll4_pl5_dm512_nh8_el2_dl1_df2048_fc1_ebtimeF_dtTrue_test_0<<<<<<<<<<<<<<<<<<<<<<<<<<<<<<<<<
data shape:  (48, 13269) 13269
adj_mx shape:  (13269, 13269)
loading model.............
mse:9.474180221557617, mae:0.5827251672744751, rse:1.0178027153015137
