Args in experiment:
Namespace(random_seed=2023, is_training=1, model_id='8_8', model='Transformer', data='C2TM', root_path='./datas/C2TM/', data_path='ETTh1.csv', n_part=24, features='M', target='OT', freq='h', checkpoints='./checkpoints/', seq_len=8, pred_len=8, num_workers=10, itr=1, train_epochs=10, batch_size=128, patience=3, learning_rate=0.0001, weight_decay=0.0, des='test', loss='mse', lradj='type1', pct_start=0.3, use_amp=False, use_gpu=True, gpu=0, use_multi_gpu=False, devices='0,1,2,3', test_flop=False, max_diffusion_step=2, cl_decay_steps=2000, filter_type='dual_random_walk', num_rnn_layers=2, rnn_units=64, use_curriculum_learning=False, patch_len=2, stride=2, fc_dropout=0.05, head_dropout=0.0, padding_patch='end', revin=1, affine=0, subtract_last=0, decomposition=0, kernel_size=25, individual=0, label_len=4, embed_type=0, enc_in=552, dec_in=552, c_out=552, d_model=512, n_heads=8, e_layers=2, d_layers=1, d_ff=2048, moving_avg=25, factor=1, distil=True, dropout=0.05, embed='timeF', activation='gelu', output_attention=False, do_predict=False, version='Fourier', mode_select='random', modes=64, L=3, base='legendre', cross_activation='tanh')
Use GPU: cuda:0
>>>>>>>start training : 8_8_Transformer_C2TM_ftM_sl8_ll4_pl8_dm512_nh8_el2_dl1_df2048_fc1_ebtimeF_dtTrue_test_0>>>>>>>>>>>>>>>>>>>>>>>>>>
data shape:  (48, 13269) 13269
adj_mx shape:  (13269, 13269)
data shape:  (120, 13269) 13269
adj_mx shape:  (13269, 13269)
data shape:  (24, 13269) 13269
adj_mx shape:  (13269, 13269)
MSE Loss
	iters: 100, epoch: 1 | loss: 13.9665308
	speed: 0.0309s/iter; left time: 29.3617s
Epoch: 1 cost time: 3.262570381164551
Epoch: 1, Steps: 105 | Train Loss: 134.2863089 Vali Loss: 7.6946707 Test Loss: 9.7122335
Validation loss decreased (inf --> 7.694671).  Saving model ...
not in xxxx...
type1 => Adjust updating learning rate to 0.0001
	iters: 100, epoch: 2 | loss: 6.9858036
	speed: 0.0369s/iter; left time: 31.2280s
Epoch: 2 cost time: 3.027466058731079
Epoch: 2, Steps: 105 | Train Loss: 113.1565530 Vali Loss: 8.0654640 Test Loss: 10.1627951
EarlyStopping counter: 1 out of 3
not in xxxx...
type1 => Adjust updating learning rate to 5e-05
	iters: 100, epoch: 3 | loss: 11.2540054
	speed: 0.0339s/iter; left time: 25.1393s
Epoch: 3 cost time: 3.0736091136932373
Epoch: 3, Steps: 105 | Train Loss: 88.1936920 Vali Loss: 7.8593316 Test Loss: 10.1211271
EarlyStopping counter: 2 out of 3
not in xxxx...
type1 => Adjust updating learning rate to 2.5e-05
	iters: 100, epoch: 4 | loss: 28.5947762
	speed: 0.0357s/iter; left time: 22.6936s
Epoch: 4 cost time: 2.950277805328369
Epoch: 4, Steps: 105 | Train Loss: 93.2393102 Vali Loss: 7.7007532 Test Loss: 9.9649143
EarlyStopping counter: 3 out of 3
Early stopping
>>>>>>>testing : 8_8_Transformer_C2TM_ftM_sl8_ll4_pl8_dm512_nh8_el2_dl1_df2048_fc1_ebtimeF_dtTrue_test_0<<<<<<<<<<<<<<<<<<<<<<<<<<<<<<<<<
data shape:  (48, 13269) 13269
adj_mx shape:  (13269, 13269)
loading model.............
mse:9.71223258972168, mae:0.5795800089836121, rse:1.0179154872894287
