Args in experiment:
Namespace(random_seed=2023, is_training=1, model_id='CBS_36_48', model='Informer', data='CBS', root_path='../data_trfc/CBS/', data_path='ETTh1.csv', n_part=24, features='M', target='OT', freq='h', checkpoints='./checkpoints/', seq_len=36, pred_len=48, num_workers=10, itr=1, train_epochs=10, batch_size=128, patience=10, learning_rate=0.0001, weight_decay=0.0, des='test', loss='mse', lradj='type1', pct_start=0.3, use_amp=False, use_gpu=True, gpu=0, use_multi_gpu=False, devices='0,1,2,3', test_flop=False, max_diffusion_step=2, cl_decay_steps=2000, filter_type='dual_random_walk', num_rnn_layers=2, rnn_units=64, use_curriculum_learning=False, patch_len=2, stride=2, fc_dropout=0.05, head_dropout=0.0, padding_patch='end', revin=1, affine=0, subtract_last=0, decomposition=0, kernel_size=25, individual=0, label_len=4, embed_type=0, enc_in=185, dec_in=185, c_out=185, d_model=512, n_heads=8, e_layers=2, d_layers=1, d_ff=2048, moving_avg=25, factor=1, distil=True, dropout=0.05, embed='timeF', activation='gelu', output_attention=False, do_predict=False, version='Fourier', mode_select='random', modes=64, L=3, base='legendre', cross_activation='tanh')
Use GPU: cuda:0
>>>>>>>start training : CBS_36_48_Informer_CBS_ftM_sl36_ll4_pl48_dm512_nh8_el2_dl1_df2048_fc1_ebtimeF_dtTrue_test_0>>>>>>>>>>>>>>>>>>>>>>>>>>
data shape:  (720, 4454) 4454
data shape:  (2592, 4454) 4454
data shape:  (720, 4454) 4454
	iters: 100, epoch: 1 | loss: 25.4061775
	speed: 0.0398s/iter; left time: 995.5909s
	iters: 200, epoch: 1 | loss: 17.1882534
	speed: 0.0337s/iter; left time: 838.8630s
	iters: 300, epoch: 1 | loss: 13.1976604
	speed: 0.0360s/iter; left time: 892.1839s
	iters: 400, epoch: 1 | loss: 18.0120888
	speed: 0.0332s/iter; left time: 820.1777s
	iters: 500, epoch: 1 | loss: 33.7608452
	speed: 0.0326s/iter; left time: 802.8908s
	iters: 600, epoch: 1 | loss: 93.0333252
	speed: 0.0346s/iter; left time: 848.2170s
	iters: 700, epoch: 1 | loss: 84.0700073
	speed: 0.0372s/iter; left time: 907.6723s
	iters: 800, epoch: 1 | loss: 81.6123581
	speed: 0.0340s/iter; left time: 825.6288s
	iters: 900, epoch: 1 | loss: 67.0556870
	speed: 0.0351s/iter; left time: 848.5627s
	iters: 1000, epoch: 1 | loss: 67.8839264
	speed: 0.0332s/iter; left time: 798.9271s
	iters: 1100, epoch: 1 | loss: 74.6818161
	speed: 0.0349s/iter; left time: 836.3007s
	iters: 1200, epoch: 1 | loss: 84.1019974
	speed: 0.0358s/iter; left time: 855.6904s
	iters: 1300, epoch: 1 | loss: 36.5417671
	speed: 0.0368s/iter; left time: 875.5756s
	iters: 1400, epoch: 1 | loss: 13.5949011
	speed: 0.0373s/iter; left time: 884.0523s
	iters: 1500, epoch: 1 | loss: 63.7752075
	speed: 0.0397s/iter; left time: 936.7726s
	iters: 1600, epoch: 1 | loss: 71.4102631
	speed: 0.0340s/iter; left time: 797.8287s
	iters: 1700, epoch: 1 | loss: 85.6345901
	speed: 0.0337s/iter; left time: 789.0591s
	iters: 1800, epoch: 1 | loss: 72.5591125
	speed: 0.0357s/iter; left time: 830.6910s
	iters: 1900, epoch: 1 | loss: 79.1305237
	speed: 0.0360s/iter; left time: 834.2940s
	iters: 2000, epoch: 1 | loss: 62.4361572
	speed: 0.0356s/iter; left time: 822.1925s
	iters: 2100, epoch: 1 | loss: 75.4050980
	speed: 0.0343s/iter; left time: 788.0768s
	iters: 2200, epoch: 1 | loss: 81.2971344
	speed: 0.0336s/iter; left time: 769.9808s
	iters: 2300, epoch: 1 | loss: 78.2269897
	speed: 0.0313s/iter; left time: 712.7213s
	iters: 2400, epoch: 1 | loss: 75.3212585
	speed: 0.0354s/iter; left time: 803.4674s
	iters: 2500, epoch: 1 | loss: 89.2221756
	speed: 0.0343s/iter; left time: 775.4965s
Epoch: 1 cost time: 88.12355279922485
Epoch: 1, Steps: 2509 | Train Loss: 62.2316028 Vali Loss: 70.7268143 Test Loss: 15.1957445
Validation loss decreased (inf --> 70.726814).  Saving model ...
type1 => Adjust updating learning rate to 0.0001
	iters: 100, epoch: 2 | loss: 4.0107017
	speed: 0.1353s/iter; left time: 3042.5621s
	iters: 200, epoch: 2 | loss: 3.1989167
	speed: 0.0349s/iter; left time: 781.2962s
	iters: 300, epoch: 2 | loss: 2.8659260
	speed: 0.0331s/iter; left time: 738.0268s
	iters: 400, epoch: 2 | loss: 3.4982893
	speed: 0.0340s/iter; left time: 754.9301s
	iters: 500, epoch: 2 | loss: 4.3652191
	speed: 0.0374s/iter; left time: 825.6054s
	iters: 600, epoch: 2 | loss: 5.4751868
	speed: 0.0334s/iter; left time: 733.1530s
	iters: 700, epoch: 2 | loss: 4.6552577
	speed: 0.0337s/iter; left time: 737.0580s
	iters: 800, epoch: 2 | loss: 5.7136469
	speed: 0.0354s/iter; left time: 770.3756s
	iters: 900, epoch: 2 | loss: 3.5890670
	speed: 0.0327s/iter; left time: 708.2930s
	iters: 1000, epoch: 2 | loss: 3.8695357
	speed: 0.0349s/iter; left time: 753.2737s
	iters: 1100, epoch: 2 | loss: 4.2987404
	speed: 0.0368s/iter; left time: 790.5774s
	iters: 1200, epoch: 2 | loss: 4.2727170
	speed: 0.0349s/iter; left time: 745.3349s
	iters: 1300, epoch: 2 | loss: 4.6800370
	speed: 0.0359s/iter; left time: 764.9904s
	iters: 1400, epoch: 2 | loss: 2.7746916
	speed: 0.0354s/iter; left time: 748.8980s
	iters: 1500, epoch: 2 | loss: 4.7653546
	speed: 0.0340s/iter; left time: 715.7594s
	iters: 1600, epoch: 2 | loss: 3.9635990
	speed: 0.0350s/iter; left time: 733.3632s
	iters: 1700, epoch: 2 | loss: 8.1889944
	speed: 0.0357s/iter; left time: 745.4747s
	iters: 1800, epoch: 2 | loss: 5.6551604
	speed: 0.0302s/iter; left time: 627.1636s
	iters: 1900, epoch: 2 | loss: 2.8904140
	speed: 0.0278s/iter; left time: 574.5914s
	iters: 2000, epoch: 2 | loss: 4.5438666
	speed: 0.0283s/iter; left time: 582.3974s
	iters: 2100, epoch: 2 | loss: 3.8224721
	speed: 0.0343s/iter; left time: 702.9385s
	iters: 2200, epoch: 2 | loss: 3.4622397
	speed: 0.0328s/iter; left time: 668.9119s
	iters: 2300, epoch: 2 | loss: 3.5900083
	speed: 0.0320s/iter; left time: 649.8394s
	iters: 2400, epoch: 2 | loss: 2.8695264
	speed: 0.0343s/iter; left time: 691.7829s
	iters: 2500, epoch: 2 | loss: 3.9644630
	speed: 0.0279s/iter; left time: 561.0244s
Epoch: 2 cost time: 83.5791871547699
Epoch: 2, Steps: 2509 | Train Loss: 4.1459916 Vali Loss: 77.7974396 Test Loss: 19.3402576
EarlyStopping counter: 1 out of 10
type1 => Adjust updating learning rate to 5e-05
	iters: 100, epoch: 3 | loss: 6.5076613
	speed: 0.1394s/iter; left time: 2784.8345s
	iters: 200, epoch: 3 | loss: 4.6474733
	speed: 0.0359s/iter; left time: 714.2519s
	iters: 300, epoch: 3 | loss: 3.6782424
	speed: 0.0328s/iter; left time: 649.4806s
	iters: 400, epoch: 3 | loss: 7.1965609
	speed: 0.0349s/iter; left time: 686.6338s
	iters: 500, epoch: 3 | loss: 7.4981728
	speed: 0.0351s/iter; left time: 687.2768s
	iters: 600, epoch: 3 | loss: 29.9852867
	speed: 0.0367s/iter; left time: 714.4695s
	iters: 700, epoch: 3 | loss: 18.1847000
	speed: 0.0357s/iter; left time: 690.7773s
	iters: 800, epoch: 3 | loss: 21.3319263
	speed: 0.0363s/iter; left time: 700.2961s
	iters: 900, epoch: 3 | loss: 8.4512901
	speed: 0.0357s/iter; left time: 684.5042s
	iters: 1000, epoch: 3 | loss: 14.3969746
	speed: 0.0355s/iter; left time: 676.7988s
	iters: 1100, epoch: 3 | loss: 11.7521610
	speed: 0.0355s/iter; left time: 674.2582s
	iters: 1200, epoch: 3 | loss: 13.1946220
	speed: 0.0349s/iter; left time: 659.5840s
	iters: 1300, epoch: 3 | loss: 11.3377142
	speed: 0.0357s/iter; left time: 670.9655s
	iters: 1400, epoch: 3 | loss: 4.4040513
	speed: 0.0360s/iter; left time: 672.9423s
	iters: 1500, epoch: 3 | loss: 17.2761021
	speed: 0.0325s/iter; left time: 602.8768s
	iters: 1600, epoch: 3 | loss: 11.9174509
	speed: 0.0351s/iter; left time: 647.9963s
	iters: 1700, epoch: 3 | loss: 20.3458519
	speed: 0.0361s/iter; left time: 663.4504s
	iters: 1800, epoch: 3 | loss: 22.9637718
	speed: 0.0292s/iter; left time: 533.9532s
	iters: 1900, epoch: 3 | loss: 14.2719364
	speed: 0.0281s/iter; left time: 510.3237s
	iters: 2000, epoch: 3 | loss: 17.5377922
	speed: 0.0282s/iter; left time: 510.3001s
	iters: 2100, epoch: 3 | loss: 15.8743410
	speed: 0.0360s/iter; left time: 647.3267s
	iters: 2200, epoch: 3 | loss: 17.5289116
	speed: 0.0348s/iter; left time: 622.5644s
	iters: 2300, epoch: 3 | loss: 17.0436478
	speed: 0.0338s/iter; left time: 600.1307s
	iters: 2400, epoch: 3 | loss: 15.3353453
	speed: 0.0355s/iter; left time: 627.1032s
	iters: 2500, epoch: 3 | loss: 21.1835346
	speed: 0.0333s/iter; left time: 585.3778s
Epoch: 3 cost time: 86.16524291038513
Epoch: 3, Steps: 2509 | Train Loss: 14.0765323 Vali Loss: 100.2925949 Test Loss: 43.4484825
EarlyStopping counter: 2 out of 10
type1 => Adjust updating learning rate to 2.5e-05
	iters: 100, epoch: 4 | loss: 8.7508554
	speed: 0.1421s/iter; left time: 2482.4317s
	iters: 200, epoch: 4 | loss: 4.9718056
	speed: 0.0341s/iter; left time: 591.3311s
	iters: 300, epoch: 4 | loss: 3.8269577
	speed: 0.0325s/iter; left time: 560.6110s
	iters: 400, epoch: 4 | loss: 6.3702693
	speed: 0.0351s/iter; left time: 602.3493s
	iters: 500, epoch: 4 | loss: 11.5767803
	speed: 0.0378s/iter; left time: 645.7985s
	iters: 600, epoch: 4 | loss: 19.9763069
	speed: 0.0332s/iter; left time: 562.9787s
	iters: 700, epoch: 4 | loss: 18.7940807
	speed: 0.0312s/iter; left time: 526.5960s
	iters: 800, epoch: 4 | loss: 31.1572151
	speed: 0.0359s/iter; left time: 601.5681s
	iters: 900, epoch: 4 | loss: 14.9846849
	speed: 0.0338s/iter; left time: 563.0607s
	iters: 1000, epoch: 4 | loss: 16.1868420
	speed: 0.0349s/iter; left time: 578.7751s
	iters: 1100, epoch: 4 | loss: 13.9457455
	speed: 0.0361s/iter; left time: 593.9845s
	iters: 1200, epoch: 4 | loss: 17.8803425
	speed: 0.0368s/iter; left time: 602.5524s
	iters: 1300, epoch: 4 | loss: 9.8152895
	speed: 0.0398s/iter; left time: 646.7843s
	iters: 1400, epoch: 4 | loss: 3.2818747
	speed: 0.0340s/iter; left time: 550.3643s
	iters: 1500, epoch: 4 | loss: 14.0874691
	speed: 0.0400s/iter; left time: 642.6403s
	iters: 1600, epoch: 4 | loss: 13.3890772
	speed: 0.0396s/iter; left time: 631.5043s
	iters: 1700, epoch: 4 | loss: 17.9687500
	speed: 0.0339s/iter; left time: 538.5061s
	iters: 1800, epoch: 4 | loss: 13.0707197
	speed: 0.0318s/iter; left time: 500.8713s
	iters: 1900, epoch: 4 | loss: 9.9987669
	speed: 0.0316s/iter; left time: 494.2341s
	iters: 2000, epoch: 4 | loss: 12.2057858
	speed: 0.0348s/iter; left time: 541.8864s
	iters: 2100, epoch: 4 | loss: 12.1173792
	speed: 0.0345s/iter; left time: 534.1966s
	iters: 2200, epoch: 4 | loss: 14.0569534
	speed: 0.0336s/iter; left time: 516.5624s
	iters: 2300, epoch: 4 | loss: 16.6480293
	speed: 0.0344s/iter; left time: 524.7071s
	iters: 2400, epoch: 4 | loss: 10.7156010
	speed: 0.0350s/iter; left time: 530.1720s
	iters: 2500, epoch: 4 | loss: 19.3549385
	speed: 0.0356s/iter; left time: 535.9009s
Epoch: 4 cost time: 87.93619632720947
Epoch: 4, Steps: 2509 | Train Loss: 14.1254381 Vali Loss: 90.0604553 Test Loss: 34.2719612
EarlyStopping counter: 3 out of 10
type1 => Adjust updating learning rate to 1.25e-05
	iters: 100, epoch: 5 | loss: 14.7653513
	speed: 0.1453s/iter; left time: 2173.4547s
	iters: 200, epoch: 5 | loss: 5.3243899
	speed: 0.0354s/iter; left time: 526.5127s
	iters: 300, epoch: 5 | loss: 4.4135046
	speed: 0.0324s/iter; left time: 478.2422s
	iters: 400, epoch: 5 | loss: 4.6655245
	speed: 0.0357s/iter; left time: 523.8643s
	iters: 500, epoch: 5 | loss: 5.4931536
	speed: 0.0337s/iter; left time: 490.6272s
	iters: 600, epoch: 5 | loss: 9.6495352
	speed: 0.0335s/iter; left time: 484.8929s
	iters: 700, epoch: 5 | loss: 9.2719507
	speed: 0.0376s/iter; left time: 540.2217s
	iters: 800, epoch: 5 | loss: 20.8696766
	speed: 0.0354s/iter; left time: 504.2094s
	iters: 900, epoch: 5 | loss: 10.2895222
	speed: 0.0356s/iter; left time: 503.5427s
	iters: 1000, epoch: 5 | loss: 8.9579372
	speed: 0.0359s/iter; left time: 504.6004s
	iters: 1100, epoch: 5 | loss: 7.2109733
	speed: 0.0337s/iter; left time: 469.9939s
	iters: 1200, epoch: 5 | loss: 8.1801291
	speed: 0.0314s/iter; left time: 435.0978s
	iters: 1300, epoch: 5 | loss: 7.9771433
	speed: 0.0339s/iter; left time: 466.6849s
	iters: 1400, epoch: 5 | loss: 3.5327907
	speed: 0.0284s/iter; left time: 387.7399s
	iters: 1500, epoch: 5 | loss: 8.2780838
	speed: 0.0330s/iter; left time: 447.4802s
	iters: 1600, epoch: 5 | loss: 8.0693741
	speed: 0.0356s/iter; left time: 479.4206s
	iters: 1700, epoch: 5 | loss: 10.9674110
	speed: 0.0331s/iter; left time: 442.4797s
	iters: 1800, epoch: 5 | loss: 7.9294801
	speed: 0.0342s/iter; left time: 453.6452s
	iters: 1900, epoch: 5 | loss: 6.0084205
	speed: 0.0377s/iter; left time: 495.2897s
	iters: 2000, epoch: 5 | loss: 7.0383420
	speed: 0.0298s/iter; left time: 388.6975s
	iters: 2100, epoch: 5 | loss: 6.3032246
	speed: 0.0347s/iter; left time: 449.4554s
	iters: 2200, epoch: 5 | loss: 5.9692860
	speed: 0.0365s/iter; left time: 469.6975s
	iters: 2300, epoch: 5 | loss: 6.1914110
	speed: 0.0304s/iter; left time: 387.2051s
	iters: 2400, epoch: 5 | loss: 5.3533297
	speed: 0.0284s/iter; left time: 359.9744s
	iters: 2500, epoch: 5 | loss: 5.9296746
	speed: 0.0285s/iter; left time: 358.0747s
Epoch: 5 cost time: 84.30359888076782
Epoch: 5, Steps: 2509 | Train Loss: 8.3002892 Vali Loss: 76.5348816 Test Loss: 17.9450436
EarlyStopping counter: 4 out of 10
type1 => Adjust updating learning rate to 6.25e-06
	iters: 100, epoch: 6 | loss: 14.1510878
	speed: 0.1434s/iter; left time: 1785.2277s
	iters: 200, epoch: 6 | loss: 9.8130693
	speed: 0.0349s/iter; left time: 431.4459s
	iters: 300, epoch: 6 | loss: 7.8905396
	speed: 0.0352s/iter; left time: 431.1636s
	iters: 400, epoch: 6 | loss: 14.5199184
	speed: 0.0341s/iter; left time: 414.0223s
	iters: 500, epoch: 6 | loss: 18.0627193
	speed: 0.0339s/iter; left time: 408.6080s
	iters: 600, epoch: 6 | loss: 28.7784042
	speed: 0.0350s/iter; left time: 418.1175s
	iters: 700, epoch: 6 | loss: 26.0413113
	speed: 0.0377s/iter; left time: 447.0190s
	iters: 800, epoch: 6 | loss: 35.2316170
	speed: 0.0371s/iter; left time: 435.9938s
	iters: 900, epoch: 6 | loss: 19.7212276
	speed: 0.0337s/iter; left time: 392.3886s
	iters: 1000, epoch: 6 | loss: 30.5065842
	speed: 0.0346s/iter; left time: 399.2212s
	iters: 1100, epoch: 6 | loss: 30.2629223
	speed: 0.0368s/iter; left time: 420.8083s
	iters: 1200, epoch: 6 | loss: 30.2231140
	speed: 0.0349s/iter; left time: 396.1186s
	iters: 1300, epoch: 6 | loss: 13.6205502
	speed: 0.0369s/iter; left time: 414.9642s
	iters: 1400, epoch: 6 | loss: 6.4280100
	speed: 0.0280s/iter; left time: 311.9338s
	iters: 1500, epoch: 6 | loss: 27.3580093
	speed: 0.0281s/iter; left time: 310.2339s
	iters: 1600, epoch: 6 | loss: 25.5373955
	speed: 0.0348s/iter; left time: 381.4382s
	iters: 1700, epoch: 6 | loss: 40.6320038
	speed: 0.0313s/iter; left time: 339.4682s
	iters: 1800, epoch: 6 | loss: 30.4673500
	speed: 0.0336s/iter; left time: 361.1233s
	iters: 1900, epoch: 6 | loss: 31.6219673
	speed: 0.0359s/iter; left time: 382.0563s
	iters: 2000, epoch: 6 | loss: 18.9832935
	speed: 0.0374s/iter; left time: 394.8582s
	iters: 2100, epoch: 6 | loss: 22.6259403
	speed: 0.0397s/iter; left time: 414.2958s
	iters: 2200, epoch: 6 | loss: 21.8934250
	speed: 0.0348s/iter; left time: 360.4429s
	iters: 2300, epoch: 6 | loss: 21.6257229
	speed: 0.0343s/iter; left time: 351.0657s
	iters: 2400, epoch: 6 | loss: 25.5536900
	speed: 0.0342s/iter; left time: 347.3879s
	iters: 2500, epoch: 6 | loss: 23.9775524
	speed: 0.0347s/iter; left time: 348.1703s
Epoch: 6 cost time: 86.98590564727783
Epoch: 6, Steps: 2509 | Train Loss: 22.8837809 Vali Loss: 79.6899719 Test Loss: 19.4895821
EarlyStopping counter: 5 out of 10
type1 => Adjust updating learning rate to 3.125e-06
	iters: 100, epoch: 7 | loss: 12.4085779
	speed: 0.1389s/iter; left time: 1380.4611s
	iters: 200, epoch: 7 | loss: 7.6003451
	speed: 0.0380s/iter; left time: 373.9393s
	iters: 300, epoch: 7 | loss: 6.5074601
	speed: 0.0385s/iter; left time: 374.7134s
	iters: 400, epoch: 7 | loss: 6.3300009
	speed: 0.0412s/iter; left time: 396.8920s
	iters: 500, epoch: 7 | loss: 5.6847377
	speed: 0.0408s/iter; left time: 389.2088s
	iters: 600, epoch: 7 | loss: 9.8074608
	speed: 0.0387s/iter; left time: 364.7548s
	iters: 700, epoch: 7 | loss: 17.5300503
	speed: 0.0383s/iter; left time: 357.6563s
	iters: 800, epoch: 7 | loss: 15.3857288
	speed: 0.0368s/iter; left time: 339.6113s
	iters: 900, epoch: 7 | loss: 10.8928232
	speed: 0.0304s/iter; left time: 277.7275s
	iters: 1000, epoch: 7 | loss: 14.4790335
	speed: 0.0314s/iter; left time: 283.7839s
	iters: 1100, epoch: 7 | loss: 14.2054596
	speed: 0.0340s/iter; left time: 304.2436s
	iters: 1200, epoch: 7 | loss: 14.4450960
	speed: 0.0384s/iter; left time: 339.5830s
	iters: 1300, epoch: 7 | loss: 7.8735299
	speed: 0.0397s/iter; left time: 346.9256s
	iters: 1400, epoch: 7 | loss: 5.0522866
	speed: 0.0365s/iter; left time: 314.8396s
	iters: 1500, epoch: 7 | loss: 14.2620354
	speed: 0.0341s/iter; left time: 290.7299s
	iters: 1600, epoch: 7 | loss: 12.6899567
	speed: 0.0349s/iter; left time: 294.1511s
	iters: 1700, epoch: 7 | loss: 13.9267378
	speed: 0.0368s/iter; left time: 306.5383s
	iters: 1800, epoch: 7 | loss: 15.6575117
	speed: 0.0358s/iter; left time: 295.0832s
	iters: 1900, epoch: 7 | loss: 9.2386312
	speed: 0.0360s/iter; left time: 293.3149s
	iters: 2000, epoch: 7 | loss: 13.6478224
	speed: 0.0361s/iter; left time: 290.4463s
	iters: 2100, epoch: 7 | loss: 12.6181974
	speed: 0.0331s/iter; left time: 262.6295s
	iters: 2200, epoch: 7 | loss: 12.8715229
	speed: 0.0341s/iter; left time: 267.0110s
	iters: 2300, epoch: 7 | loss: 14.4393339
	speed: 0.0331s/iter; left time: 256.3929s
	iters: 2400, epoch: 7 | loss: 12.0105734
	speed: 0.0363s/iter; left time: 276.8439s
	iters: 2500, epoch: 7 | loss: 18.4311581
	speed: 0.0312s/iter; left time: 235.0054s
Epoch: 7 cost time: 90.0402762889862
Epoch: 7, Steps: 2509 | Train Loss: 11.9731868 Vali Loss: 71.7783051 Test Loss: 14.4887352
EarlyStopping counter: 6 out of 10
type1 => Adjust updating learning rate to 1.5625e-06
	iters: 100, epoch: 8 | loss: 12.8191376
	speed: 0.1325s/iter; left time: 984.4554s
	iters: 200, epoch: 8 | loss: 10.6366711
	speed: 0.0356s/iter; left time: 260.6117s
	iters: 300, epoch: 8 | loss: 9.3305407
	speed: 0.0350s/iter; left time: 252.6579s
	iters: 400, epoch: 8 | loss: 10.4171686
	speed: 0.0369s/iter; left time: 263.1800s
	iters: 500, epoch: 8 | loss: 13.7796488
	speed: 0.0355s/iter; left time: 249.3066s
	iters: 600, epoch: 8 | loss: 38.9417381
	speed: 0.0333s/iter; left time: 230.6859s
	iters: 700, epoch: 8 | loss: 34.1926613
	speed: 0.0359s/iter; left time: 245.2913s
	iters: 800, epoch: 8 | loss: 26.5028725
	speed: 0.0342s/iter; left time: 229.9210s
	iters: 900, epoch: 8 | loss: 19.9529400
	speed: 0.0352s/iter; left time: 233.3126s
	iters: 1000, epoch: 8 | loss: 28.1982307
	speed: 0.0320s/iter; left time: 208.6789s
	iters: 1100, epoch: 8 | loss: 24.2354488
	speed: 0.0349s/iter; left time: 224.3479s
	iters: 1200, epoch: 8 | loss: 28.8949757
	speed: 0.0306s/iter; left time: 193.7375s
	iters: 1300, epoch: 8 | loss: 12.4742088
	speed: 0.0360s/iter; left time: 224.4656s
	iters: 1400, epoch: 8 | loss: 7.5249114
	speed: 0.0381s/iter; left time: 233.2739s
	iters: 1500, epoch: 8 | loss: 23.2910366
	speed: 0.0285s/iter; left time: 171.9011s
	iters: 1600, epoch: 8 | loss: 24.6990471
	speed: 0.0285s/iter; left time: 169.0668s
	iters: 1700, epoch: 8 | loss: 36.1099663
	speed: 0.0324s/iter; left time: 188.6907s
	iters: 1800, epoch: 8 | loss: 33.7658615
	speed: 0.0291s/iter; left time: 166.4243s
	iters: 1900, epoch: 8 | loss: 29.7223606
	speed: 0.0277s/iter; left time: 155.7490s
	iters: 2000, epoch: 8 | loss: 30.9314442
	speed: 0.0277s/iter; left time: 153.1143s
	iters: 2100, epoch: 8 | loss: 30.3653908
	speed: 0.0343s/iter; left time: 186.1148s
	iters: 2200, epoch: 8 | loss: 34.4078522
	speed: 0.0333s/iter; left time: 177.1897s
	iters: 2300, epoch: 8 | loss: 30.8145027
	speed: 0.0313s/iter; left time: 163.4455s
	iters: 2400, epoch: 8 | loss: 32.4931602
	speed: 0.0329s/iter; left time: 168.9051s
	iters: 2500, epoch: 8 | loss: 35.9595184
	speed: 0.0235s/iter; left time: 117.9642s
Epoch: 8 cost time: 81.27373003959656
Epoch: 8, Steps: 2509 | Train Loss: 24.2506459 Vali Loss: 72.3668671 Test Loss: 13.5761871
EarlyStopping counter: 7 out of 10
type1 => Adjust updating learning rate to 7.8125e-07
	iters: 100, epoch: 9 | loss: 16.3533440
	speed: 0.1157s/iter; left time: 569.3638s
	iters: 200, epoch: 9 | loss: 9.6088705
	speed: 0.0234s/iter; left time: 112.6259s
	iters: 300, epoch: 9 | loss: 9.1288290
	speed: 0.0255s/iter; left time: 120.2332s
	iters: 400, epoch: 9 | loss: 9.8525476
	speed: 0.0303s/iter; left time: 139.9397s
	iters: 500, epoch: 9 | loss: 15.7113447
	speed: 0.0238s/iter; left time: 107.3884s
	iters: 600, epoch: 9 | loss: 30.4112968
	speed: 0.0273s/iter; left time: 120.7042s
	iters: 700, epoch: 9 | loss: 42.6197205
	speed: 0.0342s/iter; left time: 147.7543s
	iters: 800, epoch: 9 | loss: 47.0775757
	speed: 0.0330s/iter; left time: 139.1045s
	iters: 900, epoch: 9 | loss: 31.4456997
	speed: 0.0354s/iter; left time: 145.9256s
	iters: 1000, epoch: 9 | loss: 38.3633118
	speed: 0.0329s/iter; left time: 132.3133s
	iters: 1100, epoch: 9 | loss: 37.1478348
	speed: 0.0345s/iter; left time: 135.1354s
	iters: 1200, epoch: 9 | loss: 43.1828270
	speed: 0.0326s/iter; left time: 124.6111s
	iters: 1300, epoch: 9 | loss: 21.1203594
	speed: 0.0343s/iter; left time: 127.4414s
	iters: 1400, epoch: 9 | loss: 9.4070349
	speed: 0.0335s/iter; left time: 121.0720s
	iters: 1500, epoch: 9 | loss: 34.2439423
	speed: 0.0340s/iter; left time: 119.7913s
	iters: 1600, epoch: 9 | loss: 35.1725922
	speed: 0.0369s/iter; left time: 126.0148s
	iters: 1700, epoch: 9 | loss: 45.3656807
	speed: 0.0346s/iter; left time: 114.7740s
	iters: 1800, epoch: 9 | loss: 35.3622169
	speed: 0.0354s/iter; left time: 113.8459s
	iters: 1900, epoch: 9 | loss: 38.2664413
	speed: 0.0333s/iter; left time: 103.9995s
	iters: 2000, epoch: 9 | loss: 34.4078331
	speed: 0.0343s/iter; left time: 103.6797s
	iters: 2100, epoch: 9 | loss: 35.8183861
	speed: 0.0398s/iter; left time: 116.0833s
	iters: 2200, epoch: 9 | loss: 35.2722435
	speed: 0.0381s/iter; left time: 107.4937s
	iters: 2300, epoch: 9 | loss: 35.4492569
	speed: 0.0356s/iter; left time: 96.8699s
	iters: 2400, epoch: 9 | loss: 33.4776688
	speed: 0.0389s/iter; left time: 101.8639s
	iters: 2500, epoch: 9 | loss: 39.5157471
	speed: 0.0350s/iter; left time: 88.1923s
Epoch: 9 cost time: 82.33270502090454
Epoch: 9, Steps: 2509 | Train Loss: 30.3163452 Vali Loss: 74.2322693 Test Loss: 15.6143084
EarlyStopping counter: 8 out of 10
type1 => Adjust updating learning rate to 3.90625e-07
	iters: 100, epoch: 10 | loss: 21.1391716
	speed: 0.1366s/iter; left time: 329.0960s
	iters: 200, epoch: 10 | loss: 18.4615498
	speed: 0.0312s/iter; left time: 72.1117s
	iters: 300, epoch: 10 | loss: 16.1797028
	speed: 0.0320s/iter; left time: 70.7297s
	iters: 400, epoch: 10 | loss: 22.5316410
	speed: 0.0317s/iter; left time: 66.8735s
	iters: 500, epoch: 10 | loss: 32.0423126
	speed: 0.0336s/iter; left time: 67.4656s
	iters: 600, epoch: 10 | loss: 76.5637360
	speed: 0.0341s/iter; left time: 65.1670s
	iters: 700, epoch: 10 | loss: 69.7251282
	speed: 0.0378s/iter; left time: 68.4018s
	iters: 800, epoch: 10 | loss: 77.3558807
	speed: 0.0333s/iter; left time: 56.9443s
	iters: 900, epoch: 10 | loss: 59.3522835
	speed: 0.0344s/iter; left time: 55.3855s
	iters: 1000, epoch: 10 | loss: 68.6995239
	speed: 0.0356s/iter; left time: 53.7531s
	iters: 1100, epoch: 10 | loss: 68.2804489
	speed: 0.0324s/iter; left time: 45.6464s
	iters: 1200, epoch: 10 | loss: 79.3968353
	speed: 0.0311s/iter; left time: 40.7292s
	iters: 1300, epoch: 10 | loss: 28.6166153
	speed: 0.0348s/iter; left time: 42.1478s
	iters: 1400, epoch: 10 | loss: 12.6137218
	speed: 0.0352s/iter; left time: 39.1051s
	iters: 1500, epoch: 10 | loss: 59.1768036
	speed: 0.0355s/iter; left time: 35.8426s
	iters: 1600, epoch: 10 | loss: 64.8139343
	speed: 0.0351s/iter; left time: 31.9169s
	iters: 1700, epoch: 10 | loss: 92.4576721
	speed: 0.0357s/iter; left time: 28.9131s
	iters: 1800, epoch: 10 | loss: 75.8497314
	speed: 0.0343s/iter; left time: 24.3335s
	iters: 1900, epoch: 10 | loss: 77.0425797
	speed: 0.0357s/iter; left time: 21.7970s
	iters: 2000, epoch: 10 | loss: 75.8321686
	speed: 0.0366s/iter; left time: 18.6487s
	iters: 2100, epoch: 10 | loss: 83.0975571
	speed: 0.0349s/iter; left time: 14.2997s
	iters: 2200, epoch: 10 | loss: 86.0192490
	speed: 0.0361s/iter; left time: 11.1915s
	iters: 2300, epoch: 10 | loss: 83.4115601
	speed: 0.0351s/iter; left time: 7.3748s
	iters: 2400, epoch: 10 | loss: 75.9747086
	speed: 0.0355s/iter; left time: 3.9056s
	iters: 2500, epoch: 10 | loss: 98.2820816
	speed: 0.0341s/iter; left time: 0.3415s
Epoch: 10 cost time: 86.16049385070801
Epoch: 10, Steps: 2509 | Train Loss: 59.8739432 Vali Loss: 72.9082718 Test Loss: 14.1237459
EarlyStopping counter: 9 out of 10
type1 => Adjust updating learning rate to 1.953125e-07
>>>>>>>testing : CBS_36_48_Informer_CBS_ftM_sl36_ll4_pl48_dm512_nh8_el2_dl1_df2048_fc1_ebtimeF_dtTrue_test_0<<<<<<<<<<<<<<<<<<<<<<<<<<<<<<<<<
data shape:  (720, 4454) 4454
loading model.............
mse:15.195703506469727, mae:2.369917631149292, rse:1.1792792081832886
