Args in experiment:
Namespace(random_seed=2023, is_training=1, model_id='CBS_36_72', model='STID', data='CBS', root_path='../data_trfc/CBS/', data_path='ETTh1.csv', n_part=24, features='M', target='OT', freq='h', checkpoints='./checkpoints/', seq_len=36, pred_len=72, num_workers=10, itr=1, train_epochs=10, batch_size=128, patience=10, learning_rate=0.002, weight_decay=0.0001, des='test', loss='mse', lradj='type1', pct_start=0.3, use_amp=False, use_gpu=True, gpu=0, use_multi_gpu=False, devices='0,1,2,3', test_flop=False, max_diffusion_step=2, cl_decay_steps=2000, filter_type='dual_random_walk', num_rnn_layers=2, rnn_units=64, use_curriculum_learning=False, patch_len=2, stride=2, fc_dropout=0.05, head_dropout=0.0, padding_patch='end', revin=1, affine=0, subtract_last=0, decomposition=0, kernel_size=25, individual=0, label_len=4, embed_type=0, enc_in=185, dec_in=185, c_out=185, d_model=512, n_heads=8, e_layers=2, d_layers=1, d_ff=2048, moving_avg=25, factor=1, distil=True, dropout=0.05, embed='timeF', activation='gelu', output_attention=False, do_predict=False, version='Fourier', mode_select='random', modes=64, L=3, base='legendre', cross_activation='tanh')
Use GPU: cuda:0
>>>>>>>start training : CBS_36_72_STID_CBS_ftM_sl36_ll4_pl72_dm512_nh8_el2_dl1_df2048_fc1_ebtimeF_dtTrue_test_0>>>>>>>>>>>>>>>>>>>>>>>>>>
data shape:  (720, 4454) 4454
data shape:  (2592, 4454) 4454
data shape:  (720, 4454) 4454
	iters: 100, epoch: 1 | loss: 4.8238478
	speed: 0.0072s/iter; left time: 179.2489s
	iters: 200, epoch: 1 | loss: 2.1325996
	speed: 0.0044s/iter; left time: 108.3867s
	iters: 300, epoch: 1 | loss: 2.0518212
	speed: 0.0044s/iter; left time: 108.1552s
	iters: 400, epoch: 1 | loss: 4.7551093
	speed: 0.0044s/iter; left time: 107.6722s
	iters: 500, epoch: 1 | loss: 12.6051989
	speed: 0.0046s/iter; left time: 111.3381s
	iters: 600, epoch: 1 | loss: 33.8737755
	speed: 0.0046s/iter; left time: 111.4227s
	iters: 700, epoch: 1 | loss: 15.0800304
	speed: 0.0046s/iter; left time: 112.2852s
	iters: 800, epoch: 1 | loss: 9.6151886
	speed: 0.0046s/iter; left time: 110.2676s
	iters: 900, epoch: 1 | loss: 14.4659348
	speed: 0.0046s/iter; left time: 110.4219s
	iters: 1000, epoch: 1 | loss: 5.3100262
	speed: 0.0046s/iter; left time: 110.7427s
	iters: 1100, epoch: 1 | loss: 11.7052498
	speed: 0.0048s/iter; left time: 113.7394s
	iters: 1200, epoch: 1 | loss: 8.9302263
	speed: 0.0055s/iter; left time: 129.0496s
	iters: 1300, epoch: 1 | loss: 20.8119984
	speed: 0.0052s/iter; left time: 122.3854s
	iters: 1400, epoch: 1 | loss: 5.9560132
	speed: 0.0046s/iter; left time: 109.0343s
	iters: 1500, epoch: 1 | loss: 8.1115665
	speed: 0.0046s/iter; left time: 107.0246s
	iters: 1600, epoch: 1 | loss: 10.5096512
	speed: 0.0046s/iter; left time: 106.6397s
	iters: 1700, epoch: 1 | loss: 12.4206705
	speed: 0.0046s/iter; left time: 106.7948s
	iters: 1800, epoch: 1 | loss: 10.9995842
	speed: 0.0046s/iter; left time: 105.4767s
	iters: 1900, epoch: 1 | loss: 7.4129477
	speed: 0.0048s/iter; left time: 110.9943s
	iters: 2000, epoch: 1 | loss: 2.8729267
	speed: 0.0048s/iter; left time: 110.4520s
	iters: 2100, epoch: 1 | loss: 10.8916578
	speed: 0.0049s/iter; left time: 110.8800s
	iters: 2200, epoch: 1 | loss: 6.6925182
	speed: 0.0049s/iter; left time: 111.3661s
	iters: 2300, epoch: 1 | loss: 12.8564310
	speed: 0.0051s/iter; left time: 115.2761s
	iters: 2400, epoch: 1 | loss: 8.3541431
	speed: 0.0052s/iter; left time: 116.0565s
Epoch: 1 cost time: 12.024499654769897
Epoch: 1, Steps: 2485 | Train Loss: 10.7677084 Vali Loss: 21.0152779 Test Loss: 2.4163611
Validation loss decreased (inf --> 21.015278).  Saving model ...
type1 => Adjust updating learning rate to 0.002
	iters: 100, epoch: 2 | loss: 4.8359318
	speed: 0.0305s/iter; left time: 680.1494s
	iters: 200, epoch: 2 | loss: 3.8789551
	speed: 0.0048s/iter; left time: 107.4913s
	iters: 300, epoch: 2 | loss: 1.0032909
	speed: 0.0046s/iter; left time: 101.7850s
	iters: 400, epoch: 2 | loss: 2.8850818
	speed: 0.0047s/iter; left time: 102.2393s
	iters: 500, epoch: 2 | loss: 5.3917522
	speed: 0.0046s/iter; left time: 101.5252s
	iters: 600, epoch: 2 | loss: 5.5927353
	speed: 0.0047s/iter; left time: 102.8628s
	iters: 700, epoch: 2 | loss: 4.0562968
	speed: 0.0048s/iter; left time: 103.7409s
	iters: 800, epoch: 2 | loss: 14.4019566
	speed: 0.0053s/iter; left time: 114.3815s
	iters: 900, epoch: 2 | loss: 108.5016174
	speed: 0.0045s/iter; left time: 97.4624s
	iters: 1000, epoch: 2 | loss: 1119.4288330
	speed: 0.0046s/iter; left time: 98.5556s
	iters: 1100, epoch: 2 | loss: 5902.7075195
	speed: 0.0045s/iter; left time: 96.0053s
	iters: 1200, epoch: 2 | loss: 3261.8261719
	speed: 0.0047s/iter; left time: 98.5750s
	iters: 1300, epoch: 2 | loss: 260.2067871
	speed: 0.0048s/iter; left time: 101.3326s
	iters: 1400, epoch: 2 | loss: 16.9244766
	speed: 0.0050s/iter; left time: 105.2735s
	iters: 1500, epoch: 2 | loss: 19.7602272
	speed: 0.0047s/iter; left time: 98.9600s
	iters: 1600, epoch: 2 | loss: 10.7212276
	speed: 0.0047s/iter; left time: 97.9967s
	iters: 1700, epoch: 2 | loss: 14.9104500
	speed: 0.0045s/iter; left time: 92.8539s
	iters: 1800, epoch: 2 | loss: 51.0132675
	speed: 0.0048s/iter; left time: 98.8926s
	iters: 1900, epoch: 2 | loss: 386.1668701
	speed: 0.0048s/iter; left time: 98.3048s
	iters: 2000, epoch: 2 | loss: 574.3252563
	speed: 0.0046s/iter; left time: 94.6677s
	iters: 2100, epoch: 2 | loss: 231.0501251
	speed: 0.0047s/iter; left time: 94.7807s
	iters: 2200, epoch: 2 | loss: 181.5175323
	speed: 0.0046s/iter; left time: 93.5112s
	iters: 2300, epoch: 2 | loss: 6.0875540
	speed: 0.0046s/iter; left time: 92.8900s
	iters: 2400, epoch: 2 | loss: 10.5885153
	speed: 0.0043s/iter; left time: 86.4243s
Epoch: 2 cost time: 11.81394362449646
Epoch: 2, Steps: 2485 | Train Loss: 1206.1675182 Vali Loss: 41.8618431 Test Loss: 5.4082932
EarlyStopping counter: 1 out of 10
type1 => Adjust updating learning rate to 0.001
	iters: 100, epoch: 3 | loss: 6.6709800
	speed: 0.0261s/iter; left time: 515.8912s
	iters: 200, epoch: 3 | loss: 3.2015779
	speed: 0.0046s/iter; left time: 90.9961s
	iters: 300, epoch: 3 | loss: 2.9111264
	speed: 0.0046s/iter; left time: 89.8579s
	iters: 400, epoch: 3 | loss: 6.1285901
	speed: 0.0046s/iter; left time: 89.7904s
	iters: 500, epoch: 3 | loss: 6.6817751
	speed: 0.0046s/iter; left time: 88.5681s
	iters: 600, epoch: 3 | loss: 32.6037407
	speed: 0.0046s/iter; left time: 88.3238s
	iters: 700, epoch: 3 | loss: 669.7832031
	speed: 0.0047s/iter; left time: 89.7876s
	iters: 800, epoch: 3 | loss: 1169.6297607
	speed: 0.0045s/iter; left time: 86.7928s
	iters: 900, epoch: 3 | loss: 105.1363449
	speed: 0.0045s/iter; left time: 86.2476s
	iters: 1000, epoch: 3 | loss: 5.2943377
	speed: 0.0048s/iter; left time: 89.8119s
	iters: 1100, epoch: 3 | loss: 10.3372250
	speed: 0.0046s/iter; left time: 85.6568s
	iters: 1200, epoch: 3 | loss: 11.6110735
	speed: 0.0046s/iter; left time: 86.7015s
	iters: 1300, epoch: 3 | loss: 11.8473396
	speed: 0.0046s/iter; left time: 84.9798s
	iters: 1400, epoch: 3 | loss: 5.5799751
	speed: 0.0048s/iter; left time: 88.2342s
	iters: 1500, epoch: 3 | loss: 7.5219321
	speed: 0.0046s/iter; left time: 84.8015s
	iters: 1600, epoch: 3 | loss: 9.9280891
	speed: 0.0046s/iter; left time: 84.8143s
	iters: 1700, epoch: 3 | loss: 21.1880016
	speed: 0.0047s/iter; left time: 85.8777s
	iters: 1800, epoch: 3 | loss: 65.1957932
	speed: 0.0046s/iter; left time: 82.6404s
	iters: 1900, epoch: 3 | loss: 330.8430786
	speed: 0.0046s/iter; left time: 82.5317s
	iters: 2000, epoch: 3 | loss: 303.4710388
	speed: 0.0047s/iter; left time: 83.2425s
	iters: 2100, epoch: 3 | loss: 63.5754051
	speed: 0.0046s/iter; left time: 81.8244s
	iters: 2200, epoch: 3 | loss: 15.0356073
	speed: 0.0046s/iter; left time: 81.3880s
	iters: 2300, epoch: 3 | loss: 42.1197929
	speed: 0.0047s/iter; left time: 82.4974s
	iters: 2400, epoch: 3 | loss: 28.3449898
	speed: 0.0047s/iter; left time: 81.6979s
Epoch: 3 cost time: 11.50542688369751
Epoch: 3, Steps: 2485 | Train Loss: 136.8812464 Vali Loss: 57.8421059 Test Loss: 6.8915186
EarlyStopping counter: 2 out of 10
type1 => Adjust updating learning rate to 0.0005
	iters: 100, epoch: 4 | loss: 5.6497431
	speed: 0.0258s/iter; left time: 446.4309s
	iters: 200, epoch: 4 | loss: 1.8663905
	speed: 0.0046s/iter; left time: 78.9184s
	iters: 300, epoch: 4 | loss: 1.0684179
	speed: 0.0046s/iter; left time: 78.4653s
	iters: 400, epoch: 4 | loss: 5.9666023
	speed: 0.0046s/iter; left time: 78.3235s
	iters: 500, epoch: 4 | loss: 5.5629916
	speed: 0.0048s/iter; left time: 81.8256s
	iters: 600, epoch: 4 | loss: 6.3785887
	speed: 0.0047s/iter; left time: 79.3527s
	iters: 700, epoch: 4 | loss: 8.8585920
	speed: 0.0050s/iter; left time: 82.7922s
	iters: 800, epoch: 4 | loss: 8.0471020
	speed: 0.0048s/iter; left time: 80.0331s
	iters: 900, epoch: 4 | loss: 10.1496792
	speed: 0.0047s/iter; left time: 77.3779s
	iters: 1000, epoch: 4 | loss: 2.3647501
	speed: 0.0047s/iter; left time: 76.8552s
	iters: 1100, epoch: 4 | loss: 5.0511780
	speed: 0.0047s/iter; left time: 76.1878s
	iters: 1200, epoch: 4 | loss: 4.0034266
	speed: 0.0047s/iter; left time: 76.0238s
	iters: 1300, epoch: 4 | loss: 18.3016605
	speed: 0.0051s/iter; left time: 82.8174s
	iters: 1400, epoch: 4 | loss: 3.7047274
	speed: 0.0047s/iter; left time: 74.6255s
	iters: 1500, epoch: 4 | loss: 5.1111650
	speed: 0.0047s/iter; left time: 74.9776s
	iters: 1600, epoch: 4 | loss: 4.5231004
	speed: 0.0047s/iter; left time: 74.6142s
	iters: 1700, epoch: 4 | loss: 6.9987979
	speed: 0.0047s/iter; left time: 73.4829s
	iters: 1800, epoch: 4 | loss: 7.3453655
	speed: 0.0046s/iter; left time: 72.4414s
	iters: 1900, epoch: 4 | loss: 35.8523674
	speed: 0.0047s/iter; left time: 72.0866s
	iters: 2000, epoch: 4 | loss: 33.4372177
	speed: 0.0047s/iter; left time: 71.8037s
	iters: 2100, epoch: 4 | loss: 23.8219643
	speed: 0.0046s/iter; left time: 69.7907s
	iters: 2200, epoch: 4 | loss: 47.6607094
	speed: 0.0046s/iter; left time: 70.3337s
	iters: 2300, epoch: 4 | loss: 27.8363361
	speed: 0.0049s/iter; left time: 73.4508s
	iters: 2400, epoch: 4 | loss: 27.2443485
	speed: 0.0046s/iter; left time: 68.8562s
Epoch: 4 cost time: 11.708441257476807
Epoch: 4, Steps: 2485 | Train Loss: 16.9499370 Vali Loss: 100.0077209 Test Loss: 3.9854763
EarlyStopping counter: 3 out of 10
type1 => Adjust updating learning rate to 0.00025
	iters: 100, epoch: 5 | loss: 5.6090255
	speed: 0.0274s/iter; left time: 406.3774s
	iters: 200, epoch: 5 | loss: 1.6052488
	speed: 0.0046s/iter; left time: 66.9525s
	iters: 300, epoch: 5 | loss: 1.3209058
	speed: 0.0047s/iter; left time: 68.4542s
	iters: 400, epoch: 5 | loss: 2.2540050
	speed: 0.0058s/iter; left time: 84.4782s
	iters: 500, epoch: 5 | loss: 3.5047832
	speed: 0.0058s/iter; left time: 84.1877s
	iters: 600, epoch: 5 | loss: 4.6370373
	speed: 0.0051s/iter; left time: 73.4396s
	iters: 700, epoch: 5 | loss: 4.0396090
	speed: 0.0047s/iter; left time: 66.9107s
	iters: 800, epoch: 5 | loss: 2.7863452
	speed: 0.0046s/iter; left time: 65.2042s
	iters: 900, epoch: 5 | loss: 4.6969662
	speed: 0.0046s/iter; left time: 65.0245s
	iters: 1000, epoch: 5 | loss: 1.7353942
	speed: 0.0048s/iter; left time: 66.9122s
	iters: 1100, epoch: 5 | loss: 3.0141876
	speed: 0.0047s/iter; left time: 64.4983s
	iters: 1200, epoch: 5 | loss: 2.7310431
	speed: 0.0045s/iter; left time: 61.0191s
	iters: 1300, epoch: 5 | loss: 6.4954805
	speed: 0.0047s/iter; left time: 63.3518s
	iters: 1400, epoch: 5 | loss: 2.3214445
	speed: 0.0047s/iter; left time: 63.4084s
	iters: 1500, epoch: 5 | loss: 2.3279204
	speed: 0.0047s/iter; left time: 62.7588s
	iters: 1600, epoch: 5 | loss: 2.6245768
	speed: 0.0047s/iter; left time: 62.7023s
	iters: 1700, epoch: 5 | loss: 3.5410900
	speed: 0.0046s/iter; left time: 61.1174s
	iters: 1800, epoch: 5 | loss: 3.1339991
	speed: 0.0045s/iter; left time: 59.4929s
	iters: 1900, epoch: 5 | loss: 3.2361972
	speed: 0.0044s/iter; left time: 57.6642s
	iters: 2000, epoch: 5 | loss: 1.9323606
	speed: 0.0044s/iter; left time: 56.6207s
	iters: 2100, epoch: 5 | loss: 3.4832413
	speed: 0.0044s/iter; left time: 56.2116s
	iters: 2200, epoch: 5 | loss: 2.3179317
	speed: 0.0044s/iter; left time: 55.6927s
	iters: 2300, epoch: 5 | loss: 4.0296354
	speed: 0.0045s/iter; left time: 57.2725s
	iters: 2400, epoch: 5 | loss: 3.5614462
	speed: 0.0048s/iter; left time: 60.6277s
Epoch: 5 cost time: 11.754560470581055
Epoch: 5, Steps: 2485 | Train Loss: 3.4431461 Vali Loss: 95.1013718 Test Loss: 2.2075818
EarlyStopping counter: 4 out of 10
type1 => Adjust updating learning rate to 0.000125
	iters: 100, epoch: 6 | loss: 2.6020706
	speed: 0.0273s/iter; left time: 336.4280s
	iters: 200, epoch: 6 | loss: 1.3449477
	speed: 0.0047s/iter; left time: 57.8260s
	iters: 300, epoch: 6 | loss: 2.0335445
	speed: 0.0046s/iter; left time: 56.1415s
	iters: 400, epoch: 6 | loss: 5.8468375
	speed: 0.0045s/iter; left time: 54.5061s
	iters: 500, epoch: 6 | loss: 3.6975684
	speed: 0.0047s/iter; left time: 55.7135s
	iters: 600, epoch: 6 | loss: 6.8156099
	speed: 0.0047s/iter; left time: 55.2741s
	iters: 700, epoch: 6 | loss: 7.1765065
	speed: 0.0047s/iter; left time: 55.4099s
	iters: 800, epoch: 6 | loss: 7.3323617
	speed: 0.0048s/iter; left time: 55.7478s
	iters: 900, epoch: 6 | loss: 15.0898743
	speed: 0.0049s/iter; left time: 56.1844s
	iters: 1000, epoch: 6 | loss: 5.5467525
	speed: 0.0049s/iter; left time: 55.8982s
	iters: 1100, epoch: 6 | loss: 17.7982578
	speed: 0.0046s/iter; left time: 52.2950s
	iters: 1200, epoch: 6 | loss: 6.9086528
	speed: 0.0048s/iter; left time: 53.7739s
	iters: 1300, epoch: 6 | loss: 10.7169504
	speed: 0.0047s/iter; left time: 52.1977s
	iters: 1400, epoch: 6 | loss: 3.6677871
	speed: 0.0050s/iter; left time: 55.5792s
	iters: 1500, epoch: 6 | loss: 5.3944163
	speed: 0.0048s/iter; left time: 52.5425s
	iters: 1600, epoch: 6 | loss: 11.1728582
	speed: 0.0047s/iter; left time: 50.7463s
	iters: 1700, epoch: 6 | loss: 13.7083387
	speed: 0.0050s/iter; left time: 53.7924s
	iters: 1800, epoch: 6 | loss: 24.1269550
	speed: 0.0052s/iter; left time: 55.2904s
	iters: 1900, epoch: 6 | loss: 20.7157249
	speed: 0.0048s/iter; left time: 50.7571s
	iters: 2000, epoch: 6 | loss: 7.7438779
	speed: 0.0046s/iter; left time: 48.2756s
	iters: 2100, epoch: 6 | loss: 11.9553232
	speed: 0.0047s/iter; left time: 48.1320s
	iters: 2200, epoch: 6 | loss: 7.5945935
	speed: 0.0048s/iter; left time: 49.1876s
	iters: 2300, epoch: 6 | loss: 17.9952736
	speed: 0.0050s/iter; left time: 50.9324s
	iters: 2400, epoch: 6 | loss: 10.6042213
	speed: 0.0047s/iter; left time: 47.1463s
Epoch: 6 cost time: 11.883073091506958
Epoch: 6, Steps: 2485 | Train Loss: 9.6336523 Vali Loss: 70.4156647 Test Loss: 2.4793477
EarlyStopping counter: 5 out of 10
type1 => Adjust updating learning rate to 6.25e-05
	iters: 100, epoch: 7 | loss: 3.2513697
	speed: 0.0265s/iter; left time: 260.4146s
	iters: 200, epoch: 7 | loss: 1.4157705
	speed: 0.0046s/iter; left time: 45.0674s
	iters: 300, epoch: 7 | loss: 1.2771727
	speed: 0.0047s/iter; left time: 45.0649s
	iters: 400, epoch: 7 | loss: 1.7227504
	speed: 0.0046s/iter; left time: 43.9667s
	iters: 500, epoch: 7 | loss: 1.8144780
	speed: 0.0047s/iter; left time: 43.9596s
	iters: 600, epoch: 7 | loss: 5.0840812
	speed: 0.0046s/iter; left time: 43.3218s
	iters: 700, epoch: 7 | loss: 4.9414077
	speed: 0.0046s/iter; left time: 42.7894s
	iters: 800, epoch: 7 | loss: 4.0323529
	speed: 0.0048s/iter; left time: 43.5489s
	iters: 900, epoch: 7 | loss: 4.9879436
	speed: 0.0046s/iter; left time: 41.8693s
	iters: 1000, epoch: 7 | loss: 1.8485383
	speed: 0.0046s/iter; left time: 41.4248s
	iters: 1100, epoch: 7 | loss: 3.9094748
	speed: 0.0046s/iter; left time: 40.6234s
	iters: 1200, epoch: 7 | loss: 3.8840930
	speed: 0.0047s/iter; left time: 41.1491s
	iters: 1300, epoch: 7 | loss: 6.2226143
	speed: 0.0047s/iter; left time: 40.8090s
	iters: 1400, epoch: 7 | loss: 3.0744019
	speed: 0.0047s/iter; left time: 40.0236s
	iters: 1500, epoch: 7 | loss: 3.8342183
	speed: 0.0046s/iter; left time: 38.6606s
	iters: 1600, epoch: 7 | loss: 4.6377230
	speed: 0.0046s/iter; left time: 38.4146s
	iters: 1700, epoch: 7 | loss: 4.8660488
	speed: 0.0046s/iter; left time: 37.5846s
	iters: 1800, epoch: 7 | loss: 4.0524788
	speed: 0.0046s/iter; left time: 37.1657s
	iters: 1900, epoch: 7 | loss: 4.3352122
	speed: 0.0046s/iter; left time: 36.9453s
	iters: 2000, epoch: 7 | loss: 2.1767871
	speed: 0.0046s/iter; left time: 36.4902s
	iters: 2100, epoch: 7 | loss: 5.8725643
	speed: 0.0046s/iter; left time: 36.2173s
	iters: 2200, epoch: 7 | loss: 3.3853183
	speed: 0.0046s/iter; left time: 35.5064s
	iters: 2300, epoch: 7 | loss: 5.9539838
	speed: 0.0046s/iter; left time: 34.9450s
	iters: 2400, epoch: 7 | loss: 5.1354847
	speed: 0.0046s/iter; left time: 34.4646s
Epoch: 7 cost time: 11.523752689361572
Epoch: 7, Steps: 2485 | Train Loss: 4.3680991 Vali Loss: 40.9851723 Test Loss: 2.3081129
EarlyStopping counter: 6 out of 10
type1 => Adjust updating learning rate to 3.125e-05
	iters: 100, epoch: 8 | loss: 2.5550735
	speed: 0.0266s/iter; left time: 195.7535s
	iters: 200, epoch: 8 | loss: 1.4346287
	speed: 0.0049s/iter; left time: 35.6871s
	iters: 300, epoch: 8 | loss: 1.0759990
	speed: 0.0047s/iter; left time: 33.8734s
	iters: 400, epoch: 8 | loss: 2.8191876
	speed: 0.0046s/iter; left time: 32.1547s
	iters: 500, epoch: 8 | loss: 4.3817854
	speed: 0.0046s/iter; left time: 32.1773s
	iters: 600, epoch: 8 | loss: 12.5194006
	speed: 0.0046s/iter; left time: 31.2746s
	iters: 700, epoch: 8 | loss: 6.7808056
	speed: 0.0048s/iter; left time: 32.5928s
	iters: 800, epoch: 8 | loss: 5.3766074
	speed: 0.0046s/iter; left time: 30.8256s
	iters: 900, epoch: 8 | loss: 8.1888351
	speed: 0.0046s/iter; left time: 30.2083s
	iters: 1000, epoch: 8 | loss: 4.0372710
	speed: 0.0046s/iter; left time: 29.4421s
	iters: 1100, epoch: 8 | loss: 8.4798832
	speed: 0.0046s/iter; left time: 29.1395s
	iters: 1200, epoch: 8 | loss: 3.0559778
	speed: 0.0047s/iter; left time: 29.1033s
	iters: 1300, epoch: 8 | loss: 8.3300133
	speed: 0.0046s/iter; left time: 28.0546s
	iters: 1400, epoch: 8 | loss: 2.9823098
	speed: 0.0046s/iter; left time: 27.6346s
	iters: 1500, epoch: 8 | loss: 5.6482515
	speed: 0.0051s/iter; left time: 30.6580s
	iters: 1600, epoch: 8 | loss: 8.4491034
	speed: 0.0048s/iter; left time: 27.8804s
	iters: 1700, epoch: 8 | loss: 10.6405430
	speed: 0.0050s/iter; left time: 28.9890s
	iters: 1800, epoch: 8 | loss: 8.4741716
	speed: 0.0049s/iter; left time: 27.8125s
	iters: 1900, epoch: 8 | loss: 23.1556892
	speed: 0.0048s/iter; left time: 26.4484s
	iters: 2000, epoch: 8 | loss: 3.7234206
	speed: 0.0049s/iter; left time: 26.4819s
	iters: 2100, epoch: 8 | loss: 7.4143381
	speed: 0.0048s/iter; left time: 25.5373s
	iters: 2200, epoch: 8 | loss: 5.6786437
	speed: 0.0047s/iter; left time: 24.7743s
	iters: 2300, epoch: 8 | loss: 9.3148460
	speed: 0.0047s/iter; left time: 24.1896s
	iters: 2400, epoch: 8 | loss: 8.1180553
	speed: 0.0047s/iter; left time: 23.7926s
Epoch: 8 cost time: 11.741110801696777
Epoch: 8, Steps: 2485 | Train Loss: 6.5302126 Vali Loss: 22.4339752 Test Loss: 2.1745298
EarlyStopping counter: 7 out of 10
type1 => Adjust updating learning rate to 1.5625e-05
	iters: 100, epoch: 9 | loss: 4.2763109
	speed: 0.0299s/iter; left time: 145.8761s
	iters: 200, epoch: 9 | loss: 1.1756371
	speed: 0.0052s/iter; left time: 24.8257s
	iters: 300, epoch: 9 | loss: 0.9946885
	speed: 0.0046s/iter; left time: 21.4238s
	iters: 400, epoch: 9 | loss: 4.0875559
	speed: 0.0049s/iter; left time: 22.2519s
	iters: 500, epoch: 9 | loss: 3.4893534
	speed: 0.0051s/iter; left time: 22.6755s
	iters: 600, epoch: 9 | loss: 8.8265533
	speed: 0.0048s/iter; left time: 20.9422s
	iters: 700, epoch: 9 | loss: 9.5166178
	speed: 0.0047s/iter; left time: 19.8682s
	iters: 800, epoch: 9 | loss: 6.1981211
	speed: 0.0046s/iter; left time: 19.2969s
	iters: 900, epoch: 9 | loss: 7.3690014
	speed: 0.0047s/iter; left time: 18.9433s
	iters: 1000, epoch: 9 | loss: 3.6438107
	speed: 0.0047s/iter; left time: 18.6820s
	iters: 1100, epoch: 9 | loss: 5.9750977
	speed: 0.0048s/iter; left time: 18.6274s
	iters: 1200, epoch: 9 | loss: 4.6975989
	speed: 0.0047s/iter; left time: 17.7266s
	iters: 1300, epoch: 9 | loss: 14.3087893
	speed: 0.0047s/iter; left time: 17.2904s
	iters: 1400, epoch: 9 | loss: 4.2139559
	speed: 0.0048s/iter; left time: 17.0235s
	iters: 1500, epoch: 9 | loss: 4.0203800
	speed: 0.0047s/iter; left time: 16.4072s
	iters: 1600, epoch: 9 | loss: 5.3195910
	speed: 0.0048s/iter; left time: 16.0733s
	iters: 1700, epoch: 9 | loss: 8.1576262
	speed: 0.0045s/iter; left time: 14.6687s
	iters: 1800, epoch: 9 | loss: 5.0127969
	speed: 0.0044s/iter; left time: 13.8228s
	iters: 1900, epoch: 9 | loss: 6.0014620
	speed: 0.0043s/iter; left time: 13.3341s
	iters: 2000, epoch: 9 | loss: 2.7095606
	speed: 0.0047s/iter; left time: 13.8547s
	iters: 2100, epoch: 9 | loss: 4.6428242
	speed: 0.0045s/iter; left time: 12.9605s
	iters: 2200, epoch: 9 | loss: 3.4956896
	speed: 0.0048s/iter; left time: 13.2861s
	iters: 2300, epoch: 9 | loss: 9.2046785
	speed: 0.0048s/iter; left time: 12.7201s
	iters: 2400, epoch: 9 | loss: 4.7285686
	speed: 0.0048s/iter; left time: 12.3228s
Epoch: 9 cost time: 11.769871473312378
Epoch: 9, Steps: 2485 | Train Loss: 5.8823680 Vali Loss: 22.0976429 Test Loss: 2.1161704
EarlyStopping counter: 8 out of 10
type1 => Adjust updating learning rate to 7.8125e-06
	iters: 100, epoch: 10 | loss: 9.4857283
	speed: 0.0276s/iter; left time: 65.8330s
	iters: 200, epoch: 10 | loss: 2.3856554
	speed: 0.0052s/iter; left time: 11.8406s
	iters: 300, epoch: 10 | loss: 1.7820835
	speed: 0.0051s/iter; left time: 11.1809s
	iters: 400, epoch: 10 | loss: 5.3741851
	speed: 0.0046s/iter; left time: 9.6633s
	iters: 500, epoch: 10 | loss: 10.4682808
	speed: 0.0049s/iter; left time: 9.7312s
	iters: 600, epoch: 10 | loss: 19.2489395
	speed: 0.0046s/iter; left time: 8.6981s
	iters: 700, epoch: 10 | loss: 11.7130327
	speed: 0.0046s/iter; left time: 8.2580s
	iters: 800, epoch: 10 | loss: 10.9558144
	speed: 0.0046s/iter; left time: 7.7946s
	iters: 900, epoch: 10 | loss: 11.1381960
	speed: 0.0048s/iter; left time: 7.5352s
	iters: 1000, epoch: 10 | loss: 4.6074071
	speed: 0.0045s/iter; left time: 6.7053s
	iters: 1100, epoch: 10 | loss: 12.5783386
	speed: 0.0046s/iter; left time: 6.4435s
	iters: 1200, epoch: 10 | loss: 14.2902880
	speed: 0.0046s/iter; left time: 5.9088s
	iters: 1300, epoch: 10 | loss: 17.3892078
	speed: 0.0048s/iter; left time: 5.6978s
	iters: 1400, epoch: 10 | loss: 5.5665321
	speed: 0.0047s/iter; left time: 5.0606s
	iters: 1500, epoch: 10 | loss: 8.4586411
	speed: 0.0046s/iter; left time: 4.5744s
	iters: 1600, epoch: 10 | loss: 14.4192505
	speed: 0.0046s/iter; left time: 4.1092s
	iters: 1700, epoch: 10 | loss: 16.9211102
	speed: 0.0047s/iter; left time: 3.6572s
	iters: 1800, epoch: 10 | loss: 12.3218908
	speed: 0.0046s/iter; left time: 3.1731s
	iters: 1900, epoch: 10 | loss: 14.7449160
	speed: 0.0046s/iter; left time: 2.7162s
	iters: 2000, epoch: 10 | loss: 4.5023990
	speed: 0.0046s/iter; left time: 2.2485s
	iters: 2100, epoch: 10 | loss: 16.0712738
	speed: 0.0044s/iter; left time: 1.7003s
	iters: 2200, epoch: 10 | loss: 9.8596382
	speed: 0.0046s/iter; left time: 1.3163s
	iters: 2300, epoch: 10 | loss: 17.0784740
	speed: 0.0045s/iter; left time: 0.8345s
	iters: 2400, epoch: 10 | loss: 13.0827265
	speed: 0.0044s/iter; left time: 0.3793s
Epoch: 10 cost time: 11.632131576538086
Epoch: 10, Steps: 2485 | Train Loss: 11.1413136 Vali Loss: 21.5840454 Test Loss: 2.0880816
EarlyStopping counter: 9 out of 10
type1 => Adjust updating learning rate to 3.90625e-06
>>>>>>>testing : CBS_36_72_STID_CBS_ftM_sl36_ll4_pl72_dm512_nh8_el2_dl1_df2048_fc1_ebtimeF_dtTrue_test_0<<<<<<<<<<<<<<<<<<<<<<<<<<<<<<<<<
data shape:  (720, 4454) 4454
loading model.............
mse:2.4163599014282227, mae:0.7970467805862427, rse:0.47010889649391174
