Args in experiment:
Namespace(random_seed=2023, is_training=1, model_id='Milano_36_72', model='Autoformer', data='Milano_Call', root_path='../data_trfc/Milano/', n_part=24, features='M', target='OT', freq='h', checkpoints='./checkpoints/', seq_len=36, pred_len=72, num_workers=10, itr=1, train_epochs=10, batch_size=128, patience=3, learning_rate=0.0001, weight_decay=0.0, des='test', loss='mse', lradj='type1', pct_start=0.3, use_amp=False, use_gpu=True, gpu=0, use_multi_gpu=False, devices='0,1,2,3', test_flop=False, max_diffusion_step=2, cl_decay_steps=2000, filter_type='dual_random_walk', num_rnn_layers=2, rnn_units=64, use_curriculum_learning=False, patch_len=2, stride=2, fc_dropout=0.05, head_dropout=0.0, padding_patch='end', revin=1, affine=0, subtract_last=0, decomposition=0, kernel_size=25, individual=0, embed_type=0, enc_in=416, dec_in=416, c_out=416, d_model=512, n_heads=8, e_layers=2, d_layers=1, d_ff=2048, moving_avg=25, factor=1, distil=True, dropout=0.05, embed='timeF', activation='gelu', output_attention=False, do_predict=False, version='Fourier', mode_select='random', modes=64, L=3, base='legendre', cross_activation='tanh', label_len=18)
Use GPU: cuda:0
>>>>>>>start training : Milano_36_72_Autoformer_Milano_Call_ftM_sl36_ll18_pl72_dm512_nh8_el2_dl1_df2048_fc1_ebtimeF_dtTrue_test_0>>>>>>>>>>>>>>>>>>>>>>>>>>
(300, 10000, 2) Call ...
data shape:  (300, 10000, 2) 10000
(10000, 10000) adj_max shape ...
(988, 10000, 2) Call ...
data shape:  (988, 10000, 2) 10000
(10000, 10000) adj_max shape ...
(200, 10000, 2) Call ...
data shape:  (200, 10000, 2) 10000
(10000, 10000) adj_max shape ...
	iters: 100, epoch: 1 | loss: 15.0182657
	speed: 0.0535s/iter; left time: 466.2752s
	iters: 200, epoch: 1 | loss: 17.0459728
	speed: 0.0448s/iter; left time: 385.6311s
	iters: 300, epoch: 1 | loss: 12.9121103
	speed: 0.0354s/iter; left time: 301.1274s
	iters: 400, epoch: 1 | loss: 12.5267429
	speed: 0.0398s/iter; left time: 334.9035s
	iters: 500, epoch: 1 | loss: 6.6600385
	speed: 0.0401s/iter; left time: 333.4351s
	iters: 600, epoch: 1 | loss: 10.9367037
	speed: 0.0398s/iter; left time: 326.8027s
	iters: 700, epoch: 1 | loss: 14.5264225
	speed: 0.0437s/iter; left time: 354.1121s
	iters: 800, epoch: 1 | loss: 11.2171936
	speed: 0.0404s/iter; left time: 323.8451s
Epoch: 1 cost time: 36.84900164604187
Epoch: 1, Steps: 881 | Train Loss: 12.2944857 Vali Loss: 1.1118764 Test Loss: 1.0928140
Validation loss decreased (inf --> 1.111876).  Saving model ...
type1 => Adjust updating learning rate to 0.0001
	iters: 100, epoch: 2 | loss: 15.8908768
	speed: 0.1015s/iter; left time: 794.7044s
	iters: 200, epoch: 2 | loss: 13.4013376
	speed: 0.0432s/iter; left time: 333.9338s
	iters: 300, epoch: 2 | loss: 10.3051682
	speed: 0.0454s/iter; left time: 346.0461s
	iters: 400, epoch: 2 | loss: 11.6146259
	speed: 0.0469s/iter; left time: 353.1735s
	iters: 500, epoch: 2 | loss: 5.5304055
	speed: 0.0467s/iter; left time: 347.2409s
	iters: 600, epoch: 2 | loss: 7.3971672
	speed: 0.0392s/iter; left time: 287.3954s
	iters: 700, epoch: 2 | loss: 14.7419739
	speed: 0.0401s/iter; left time: 289.8615s
	iters: 800, epoch: 2 | loss: 13.0143814
	speed: 0.0454s/iter; left time: 323.4996s
Epoch: 2 cost time: 38.00963854789734
Epoch: 2, Steps: 881 | Train Loss: 10.0161389 Vali Loss: 6.7975845 Test Loss: 6.5813847
EarlyStopping counter: 1 out of 3
type1 => Adjust updating learning rate to 5e-05
	iters: 100, epoch: 3 | loss: 8.1165276
	speed: 0.1102s/iter; left time: 765.8730s
	iters: 200, epoch: 3 | loss: 13.7422276
	speed: 0.0394s/iter; left time: 269.5411s
	iters: 300, epoch: 3 | loss: 7.5223351
	speed: 0.0383s/iter; left time: 258.5243s
	iters: 400, epoch: 3 | loss: 11.0141916
	speed: 0.0359s/iter; left time: 238.9277s
	iters: 500, epoch: 3 | loss: 8.0981770
	speed: 0.0350s/iter; left time: 229.3107s
	iters: 600, epoch: 3 | loss: 5.0466232
	speed: 0.0404s/iter; left time: 260.7468s
	iters: 700, epoch: 3 | loss: 10.8123398
	speed: 0.0403s/iter; left time: 255.6576s
	iters: 800, epoch: 3 | loss: 7.7402158
	speed: 0.0412s/iter; left time: 257.5116s
Epoch: 3 cost time: 34.83781433105469
Epoch: 3, Steps: 881 | Train Loss: 9.3675537 Vali Loss: 3.7422988 Test Loss: 3.7237451
EarlyStopping counter: 2 out of 3
type1 => Adjust updating learning rate to 2.5e-05
	iters: 100, epoch: 4 | loss: 7.8593035
	speed: 0.1010s/iter; left time: 612.9943s
	iters: 200, epoch: 4 | loss: 9.1820593
	speed: 0.0396s/iter; left time: 236.3759s
	iters: 300, epoch: 4 | loss: 7.0829225
	speed: 0.0394s/iter; left time: 231.0445s
	iters: 400, epoch: 4 | loss: 5.8118191
	speed: 0.0349s/iter; left time: 201.4311s
	iters: 500, epoch: 4 | loss: 4.4252291
	speed: 0.0365s/iter; left time: 206.6809s
	iters: 600, epoch: 4 | loss: 3.5165322
	speed: 0.0348s/iter; left time: 193.9587s
	iters: 700, epoch: 4 | loss: 6.6550126
	speed: 0.0374s/iter; left time: 204.4312s
	iters: 800, epoch: 4 | loss: 5.4777522
	speed: 0.0456s/iter; left time: 244.6056s
Epoch: 4 cost time: 33.89735388755798
Epoch: 4, Steps: 881 | Train Loss: 6.4307137 Vali Loss: 3.1199698 Test Loss: 3.0467880
EarlyStopping counter: 3 out of 3
Early stopping
>>>>>>>testing : Milano_36_72_Autoformer_Milano_Call_ftM_sl36_ll18_pl72_dm512_nh8_el2_dl1_df2048_fc1_ebtimeF_dtTrue_test_0<<<<<<<<<<<<<<<<<<<<<<<<<<<<<<<<<
(300, 10000, 2) Call ...
data shape:  (300, 10000, 2) 10000
(10000, 10000) adj_max shape ...
loading model.............
