Args in experiment:
Namespace(random_seed=2023, is_training=1, model_id='Milano_36_48', model='FEDformer', data='Milano_Call', root_path='../data_trfc/Milano/', n_part=24, features='M', target='OT', freq='h', checkpoints='./checkpoints/', seq_len=36, pred_len=48, num_workers=10, itr=1, train_epochs=10, batch_size=128, patience=3, learning_rate=0.0001, weight_decay=0.0, des='test', loss='mse', lradj='type1', pct_start=0.3, use_amp=False, use_gpu=True, gpu=0, use_multi_gpu=False, devices='0,1,2,3', test_flop=False, max_diffusion_step=2, cl_decay_steps=2000, filter_type='dual_random_walk', num_rnn_layers=2, rnn_units=64, use_curriculum_learning=False, patch_len=2, stride=2, fc_dropout=0.05, head_dropout=0.0, padding_patch='end', revin=1, affine=0, subtract_last=0, decomposition=0, kernel_size=25, individual=0, embed_type=0, enc_in=416, dec_in=416, c_out=416, d_model=512, n_heads=8, e_layers=2, d_layers=1, d_ff=2048, moving_avg=25, factor=1, distil=True, dropout=0.05, embed='timeF', activation='gelu', output_attention=False, do_predict=False, version='Fourier', mode_select='random', modes=64, L=3, base='legendre', cross_activation='tanh', label_len=18)
Use GPU: cuda:0
fourier enhanced block used!
modes=64, index=[0, 1, 2, 3, 4, 5, 6, 7, 8, 9, 10, 11, 12, 13, 14, 15, 16, 17]
fourier enhanced block used!
modes=64, index=[0, 1, 2, 3, 4, 5, 6, 7, 8, 9, 10, 11, 12, 13, 14, 15, 16, 17, 18, 19, 20, 21, 22, 23, 24, 25, 26, 27, 28, 29, 30, 31, 32]
 fourier enhanced cross attention used!
modes_q=33, index_q=[0, 1, 2, 3, 4, 5, 6, 7, 8, 9, 10, 11, 12, 13, 14, 15, 16, 17, 18, 19, 20, 21, 22, 23, 24, 25, 26, 27, 28, 29, 30, 31, 32]
modes_kv=18, index_kv=[0, 1, 2, 3, 4, 5, 6, 7, 8, 9, 10, 11, 12, 13, 14, 15, 16, 17]
enc_modes: 18, dec_modes: 33
>>>>>>>start training : Milano_36_48_FEDformer_Milano_Call_ftM_sl36_ll18_pl48_dm512_nh8_el2_dl1_df2048_fc1_ebtimeF_dtTrue_test_0>>>>>>>>>>>>>>>>>>>>>>>>>>
(300, 10000, 2) Call ...
data shape:  (300, 10000, 2) 10000
(10000, 10000) adj_max shape ...
(988, 10000, 2) Call ...
data shape:  (988, 10000, 2) 10000
(10000, 10000) adj_max shape ...
(200, 10000, 2) Call ...
data shape:  (200, 10000, 2) 10000
(10000, 10000) adj_max shape ...
	iters: 100, epoch: 1 | loss: 12.9249592
	speed: 0.1119s/iter; left time: 1001.9187s
	iters: 200, epoch: 1 | loss: 13.6798038
	speed: 0.1021s/iter; left time: 903.7884s
	iters: 300, epoch: 1 | loss: 9.7364731
	speed: 0.1009s/iter; left time: 883.3839s
	iters: 400, epoch: 1 | loss: 9.9415417
	speed: 0.0947s/iter; left time: 819.3347s
	iters: 500, epoch: 1 | loss: 3.6135044
	speed: 0.0932s/iter; left time: 797.0054s
	iters: 600, epoch: 1 | loss: 7.8338466
	speed: 0.1053s/iter; left time: 889.8201s
	iters: 700, epoch: 1 | loss: 8.0366287
	speed: 0.0846s/iter; left time: 706.3769s
	iters: 800, epoch: 1 | loss: 7.1567273
	speed: 0.1061s/iter; left time: 875.4106s
	iters: 900, epoch: 1 | loss: 6.9040952
	speed: 0.0926s/iter; left time: 754.8858s
Epoch: 1 cost time: 89.66485476493835
Epoch: 1, Steps: 905 | Train Loss: 9.2687407 Vali Loss: 0.9315856 Test Loss: 0.9352546
Validation loss decreased (inf --> 0.931586).  Saving model ...
type1 => Adjust updating learning rate to 0.0001
	iters: 100, epoch: 2 | loss: 4.6506262
	speed: 0.1638s/iter; left time: 1317.7033s
	iters: 200, epoch: 2 | loss: 14.5533171
	speed: 0.0978s/iter; left time: 777.1692s
	iters: 300, epoch: 2 | loss: 4.7866187
	speed: 0.1011s/iter; left time: 793.2580s
	iters: 400, epoch: 2 | loss: 4.3315849
	speed: 0.0959s/iter; left time: 742.9758s
	iters: 500, epoch: 2 | loss: 2.7766249
	speed: 0.0895s/iter; left time: 684.6688s
	iters: 600, epoch: 2 | loss: 2.3473976
	speed: 0.0919s/iter; left time: 693.3933s
	iters: 700, epoch: 2 | loss: 10.4839249
	speed: 0.0953s/iter; left time: 709.7969s
	iters: 800, epoch: 2 | loss: 7.9123988
	speed: 0.1054s/iter; left time: 774.3687s
	iters: 900, epoch: 2 | loss: 5.6092992
	speed: 0.1046s/iter; left time: 757.7135s
Epoch: 2 cost time: 88.57061052322388
Epoch: 2, Steps: 905 | Train Loss: 6.4013646 Vali Loss: 12.6427937 Test Loss: 12.4758053
EarlyStopping counter: 1 out of 3
type1 => Adjust updating learning rate to 5e-05
	iters: 100, epoch: 3 | loss: 6.4048753
	speed: 0.1652s/iter; left time: 1179.3813s
	iters: 200, epoch: 3 | loss: 10.6671848
	speed: 0.0986s/iter; left time: 694.4042s
	iters: 300, epoch: 3 | loss: 4.1340594
	speed: 0.0967s/iter; left time: 671.4731s
	iters: 400, epoch: 3 | loss: 4.0696630
	speed: 0.0947s/iter; left time: 647.5501s
	iters: 500, epoch: 3 | loss: 4.8303356
	speed: 0.1049s/iter; left time: 707.2860s
	iters: 600, epoch: 3 | loss: 1.6532781
	speed: 0.0909s/iter; left time: 603.9423s
	iters: 700, epoch: 3 | loss: 7.1180820
	speed: 0.1022s/iter; left time: 668.6626s
	iters: 800, epoch: 3 | loss: 4.4106789
	speed: 0.1001s/iter; left time: 644.8391s
	iters: 900, epoch: 3 | loss: 4.8978329
	speed: 0.0977s/iter; left time: 619.2659s
Epoch: 3 cost time: 89.20169830322266
Epoch: 3, Steps: 905 | Train Loss: 5.5387794 Vali Loss: 5.8759928 Test Loss: 5.6718650
EarlyStopping counter: 2 out of 3
type1 => Adjust updating learning rate to 2.5e-05
	iters: 100, epoch: 4 | loss: 5.7419710
	speed: 0.1657s/iter; left time: 1033.5326s
	iters: 200, epoch: 4 | loss: 12.5559111
	speed: 0.0995s/iter; left time: 610.4864s
	iters: 300, epoch: 4 | loss: 3.7598217
	speed: 0.1005s/iter; left time: 606.3898s
	iters: 400, epoch: 4 | loss: 4.3161221
	speed: 0.0936s/iter; left time: 555.3400s
	iters: 500, epoch: 4 | loss: 5.0714407
	speed: 0.1006s/iter; left time: 587.1352s
	iters: 600, epoch: 4 | loss: 1.9700263
	speed: 0.0962s/iter; left time: 551.9547s
	iters: 700, epoch: 4 | loss: 5.8115621
	speed: 0.0954s/iter; left time: 537.4819s
	iters: 800, epoch: 4 | loss: 3.8149805
	speed: 0.0998s/iter; left time: 552.3723s
	iters: 900, epoch: 4 | loss: 5.1784182
	speed: 0.1076s/iter; left time: 584.7204s
Epoch: 4 cost time: 89.97726011276245
Epoch: 4, Steps: 905 | Train Loss: 5.6370717 Vali Loss: 5.0750136 Test Loss: 4.9960256
EarlyStopping counter: 3 out of 3
Early stopping
>>>>>>>testing : Milano_36_48_FEDformer_Milano_Call_ftM_sl36_ll18_pl48_dm512_nh8_el2_dl1_df2048_fc1_ebtimeF_dtTrue_test_0<<<<<<<<<<<<<<<<<<<<<<<<<<<<<<<<<
(300, 10000, 2) Call ...
data shape:  (300, 10000, 2) 10000
(10000, 10000) adj_max shape ...
loading model.............
