Args in experiment:
Namespace(random_seed=2023, is_training=1, model_id='Milano_36_24', model='Informer', data='Milano_Call', root_path='../data_trfc/Milano/', n_part=24, features='M', target='OT', freq='h', checkpoints='./checkpoints/', seq_len=36, pred_len=24, num_workers=10, itr=1, train_epochs=10, batch_size=128, patience=3, learning_rate=0.0001, weight_decay=0.0, des='test', loss='mse', lradj='type1', pct_start=0.3, use_amp=False, use_gpu=True, gpu=0, use_multi_gpu=False, devices='0,1,2,3', test_flop=False, max_diffusion_step=2, cl_decay_steps=2000, filter_type='dual_random_walk', num_rnn_layers=2, rnn_units=64, use_curriculum_learning=False, patch_len=2, stride=2, fc_dropout=0.05, head_dropout=0.0, padding_patch='end', revin=1, affine=0, subtract_last=0, decomposition=0, kernel_size=25, individual=0, embed_type=0, enc_in=416, dec_in=416, c_out=416, d_model=512, n_heads=8, e_layers=2, d_layers=1, d_ff=2048, moving_avg=25, factor=1, distil=True, dropout=0.05, embed='timeF', activation='gelu', output_attention=False, do_predict=False, version='Fourier', mode_select='random', modes=64, L=3, base='legendre', cross_activation='tanh', label_len=18)
Use GPU: cuda:0
>>>>>>>start training : Milano_36_24_Informer_Milano_Call_ftM_sl36_ll18_pl24_dm512_nh8_el2_dl1_df2048_fc1_ebtimeF_dtTrue_test_0>>>>>>>>>>>>>>>>>>>>>>>>>>
(300, 10000, 2) Call ...
data shape:  (300, 10000, 2) 10000
(10000, 10000) adj_max shape ...
(988, 10000, 2) Call ...
data shape:  (988, 10000, 2) 10000
(10000, 10000) adj_max shape ...
(200, 10000, 2) Call ...
data shape:  (200, 10000, 2) 10000
(10000, 10000) adj_max shape ...
	iters: 100, epoch: 1 | loss: 35.7618179
	speed: 0.0406s/iter; left time: 372.9205s
	iters: 200, epoch: 1 | loss: 30.3765659
	speed: 0.0396s/iter; left time: 359.9177s
	iters: 300, epoch: 1 | loss: 29.5981979
	speed: 0.0435s/iter; left time: 391.4305s
	iters: 400, epoch: 1 | loss: 28.7601299
	speed: 0.0429s/iter; left time: 381.7875s
	iters: 500, epoch: 1 | loss: 9.7860470
	speed: 0.0418s/iter; left time: 367.5903s
	iters: 600, epoch: 1 | loss: 26.7610092
	speed: 0.0405s/iter; left time: 352.1301s
	iters: 700, epoch: 1 | loss: 15.4567842
	speed: 0.0400s/iter; left time: 343.7189s
	iters: 800, epoch: 1 | loss: 25.5458965
	speed: 0.0402s/iter; left time: 341.6398s
	iters: 900, epoch: 1 | loss: 26.0043354
	speed: 0.0411s/iter; left time: 345.1691s
Epoch: 1 cost time: 38.253679037094116
Epoch: 1, Steps: 929 | Train Loss: 23.1255447 Vali Loss: 1.6058636 Test Loss: 1.6594563
Validation loss decreased (inf --> 1.605864).  Saving model ...
type1 => Adjust updating learning rate to 0.0001
	iters: 100, epoch: 2 | loss: 22.4410629
	speed: 0.0652s/iter; left time: 539.0272s
	iters: 200, epoch: 2 | loss: 21.0624027
	speed: 0.0232s/iter; left time: 189.1512s
	iters: 300, epoch: 2 | loss: 17.3283272
	speed: 0.0239s/iter; left time: 192.9504s
	iters: 400, epoch: 2 | loss: 18.0151787
	speed: 0.0236s/iter; left time: 188.0145s
	iters: 500, epoch: 2 | loss: 8.9710541
	speed: 0.0236s/iter; left time: 185.6417s
	iters: 600, epoch: 2 | loss: 18.3014507
	speed: 0.0236s/iter; left time: 183.3437s
	iters: 700, epoch: 2 | loss: 13.4838867
	speed: 0.0281s/iter; left time: 215.3363s
	iters: 800, epoch: 2 | loss: 20.5170574
	speed: 0.0282s/iter; left time: 213.1855s
	iters: 900, epoch: 2 | loss: 22.4211025
	speed: 0.0282s/iter; left time: 210.0880s
Epoch: 2 cost time: 23.833839178085327
Epoch: 2, Steps: 929 | Train Loss: 16.5623449 Vali Loss: 19.2244396 Test Loss: 19.4814739
EarlyStopping counter: 1 out of 3
type1 => Adjust updating learning rate to 5e-05
	iters: 100, epoch: 3 | loss: 28.3625717
	speed: 0.0641s/iter; left time: 470.0058s
	iters: 200, epoch: 3 | loss: 21.7535458
	speed: 0.0293s/iter; left time: 211.7560s
	iters: 300, epoch: 3 | loss: 17.7285347
	speed: 0.0401s/iter; left time: 286.3429s
	iters: 400, epoch: 3 | loss: 18.5896282
	speed: 0.0399s/iter; left time: 280.9096s
	iters: 500, epoch: 3 | loss: 6.4885159
	speed: 0.0397s/iter; left time: 275.4413s
	iters: 600, epoch: 3 | loss: 16.0131359
	speed: 0.0399s/iter; left time: 272.3774s
	iters: 700, epoch: 3 | loss: 11.7945309
	speed: 0.0397s/iter; left time: 267.3002s
	iters: 800, epoch: 3 | loss: 15.3674164
	speed: 0.0385s/iter; left time: 255.5888s
	iters: 900, epoch: 3 | loss: 17.5719490
	speed: 0.0397s/iter; left time: 259.1151s
Epoch: 3 cost time: 34.45972204208374
Epoch: 3, Steps: 929 | Train Loss: 16.5730939 Vali Loss: 14.3312416 Test Loss: 14.5909691
EarlyStopping counter: 2 out of 3
type1 => Adjust updating learning rate to 2.5e-05
	iters: 100, epoch: 4 | loss: 22.8414097
	speed: 0.0622s/iter; left time: 398.5507s
	iters: 200, epoch: 4 | loss: 17.2942219
	speed: 0.0231s/iter; left time: 145.8375s
	iters: 300, epoch: 4 | loss: 14.3846312
	speed: 0.0230s/iter; left time: 142.9365s
	iters: 400, epoch: 4 | loss: 14.7111692
	speed: 0.0236s/iter; left time: 143.8846s
	iters: 500, epoch: 4 | loss: 4.3904529
	speed: 0.0230s/iter; left time: 138.2724s
	iters: 600, epoch: 4 | loss: 12.8344755
	speed: 0.0232s/iter; left time: 136.8967s
	iters: 700, epoch: 4 | loss: 7.5810328
	speed: 0.0230s/iter; left time: 133.6699s
	iters: 800, epoch: 4 | loss: 10.2819414
	speed: 0.0280s/iter; left time: 159.4774s
	iters: 900, epoch: 4 | loss: 12.2328472
	speed: 0.0280s/iter; left time: 156.8918s
Epoch: 4 cost time: 22.731224060058594
Epoch: 4, Steps: 929 | Train Loss: 12.4837798 Vali Loss: 10.0921412 Test Loss: 10.3304672
EarlyStopping counter: 3 out of 3
Early stopping
>>>>>>>testing : Milano_36_24_Informer_Milano_Call_ftM_sl36_ll18_pl24_dm512_nh8_el2_dl1_df2048_fc1_ebtimeF_dtTrue_test_0<<<<<<<<<<<<<<<<<<<<<<<<<<<<<<<<<
(300, 10000, 2) Call ...
data shape:  (300, 10000, 2) 10000
(10000, 10000) adj_max shape ...
loading model.............
