Args in experiment:
Namespace(random_seed=2023, is_training=1, model_id='Milano_36_36', model='Transformer', data='Milano_Call', root_path='../data_trfc/Milano/', n_part=24, features='M', target='OT', freq='h', checkpoints='./checkpoints/', seq_len=36, pred_len=36, num_workers=10, itr=1, train_epochs=10, batch_size=128, patience=3, learning_rate=0.0001, weight_decay=0.0, des='test', loss='mse', lradj='type1', pct_start=0.3, use_amp=False, use_gpu=True, gpu=0, use_multi_gpu=False, devices='0,1,2,3', test_flop=False, max_diffusion_step=2, cl_decay_steps=2000, filter_type='dual_random_walk', num_rnn_layers=2, rnn_units=64, use_curriculum_learning=False, patch_len=2, stride=2, fc_dropout=0.05, head_dropout=0.0, padding_patch='end', revin=1, affine=0, subtract_last=0, decomposition=0, kernel_size=25, individual=0, embed_type=0, enc_in=416, dec_in=416, c_out=416, d_model=512, n_heads=8, e_layers=2, d_layers=1, d_ff=2048, moving_avg=25, factor=1, distil=True, dropout=0.05, embed='timeF', activation='gelu', output_attention=False, do_predict=False, version='Fourier', mode_select='random', modes=64, L=3, base='legendre', cross_activation='tanh', label_len=18)
Use GPU: cuda:0
>>>>>>>start training : Milano_36_36_Transformer_Milano_Call_ftM_sl36_ll18_pl36_dm512_nh8_el2_dl1_df2048_fc1_ebtimeF_dtTrue_test_0>>>>>>>>>>>>>>>>>>>>>>>>>>
(300, 10000, 2) Call ...
data shape:  (300, 10000, 2) 10000
(10000, 10000) adj_max shape ...
(988, 10000, 2) Call ...
data shape:  (988, 10000, 2) 10000
(10000, 10000) adj_max shape ...
(200, 10000, 2) Call ...
data shape:  (200, 10000, 2) 10000
(10000, 10000) adj_max shape ...
	iters: 100, epoch: 1 | loss: 33.0136070
	speed: 0.0327s/iter; left time: 296.3376s
	iters: 200, epoch: 1 | loss: 21.5586987
	speed: 0.0298s/iter; left time: 267.1037s
	iters: 300, epoch: 1 | loss: 20.4401150
	speed: 0.0300s/iter; left time: 266.2325s
	iters: 400, epoch: 1 | loss: 28.9722652
	speed: 0.0301s/iter; left time: 264.3186s
	iters: 500, epoch: 1 | loss: 8.7764339
	speed: 0.0298s/iter; left time: 258.5403s
	iters: 600, epoch: 1 | loss: 32.9460907
	speed: 0.0295s/iter; left time: 252.9125s
	iters: 700, epoch: 1 | loss: 18.8280678
	speed: 0.0289s/iter; left time: 244.8961s
	iters: 800, epoch: 1 | loss: 18.8369865
	speed: 0.0282s/iter; left time: 236.1283s
	iters: 900, epoch: 1 | loss: 20.6732216
	speed: 0.0272s/iter; left time: 224.6208s
Epoch: 1 cost time: 27.105644702911377
Epoch: 1, Steps: 917 | Train Loss: 22.7092626 Vali Loss: 1.3752186 Test Loss: 1.3621196
Validation loss decreased (inf --> 1.375219).  Saving model ...
type1 => Adjust updating learning rate to 0.0001
	iters: 100, epoch: 2 | loss: 21.5249825
	speed: 0.0507s/iter; left time: 413.1971s
	iters: 200, epoch: 2 | loss: 15.4636688
	speed: 0.0272s/iter; left time: 218.8622s
	iters: 300, epoch: 2 | loss: 16.2677116
	speed: 0.0255s/iter; left time: 203.1335s
	iters: 400, epoch: 2 | loss: 19.8090324
	speed: 0.0272s/iter; left time: 213.8438s
	iters: 500, epoch: 2 | loss: 7.0028863
	speed: 0.0264s/iter; left time: 204.9277s
	iters: 600, epoch: 2 | loss: 19.8121719
	speed: 0.0200s/iter; left time: 153.2860s
	iters: 700, epoch: 2 | loss: 14.6587391
	speed: 0.0201s/iter; left time: 151.4982s
	iters: 800, epoch: 2 | loss: 18.3879051
	speed: 0.0225s/iter; left time: 168.0540s
	iters: 900, epoch: 2 | loss: 19.7777252
	speed: 0.0270s/iter; left time: 198.8065s
Epoch: 2 cost time: 22.769436597824097
Epoch: 2, Steps: 917 | Train Loss: 16.7447392 Vali Loss: 18.2258415 Test Loss: 18.4647045
EarlyStopping counter: 1 out of 3
type1 => Adjust updating learning rate to 5e-05
	iters: 100, epoch: 3 | loss: 26.1821918
	speed: 0.0523s/iter; left time: 378.5188s
	iters: 200, epoch: 3 | loss: 15.9472027
	speed: 0.0289s/iter; left time: 206.0571s
	iters: 300, epoch: 3 | loss: 15.2425222
	speed: 0.0292s/iter; left time: 205.3714s
	iters: 400, epoch: 3 | loss: 19.6323128
	speed: 0.0275s/iter; left time: 190.8397s
	iters: 500, epoch: 3 | loss: 5.2303281
	speed: 0.0275s/iter; left time: 188.2077s
	iters: 600, epoch: 3 | loss: 17.3863907
	speed: 0.0270s/iter; left time: 181.6086s
	iters: 700, epoch: 3 | loss: 12.8174629
	speed: 0.0252s/iter; left time: 167.4444s
	iters: 800, epoch: 3 | loss: 13.9492292
	speed: 0.0257s/iter; left time: 167.7535s
	iters: 900, epoch: 3 | loss: 15.6290293
	speed: 0.0265s/iter; left time: 170.5038s
Epoch: 3 cost time: 24.945898294448853
Epoch: 3, Steps: 917 | Train Loss: 16.5657551 Vali Loss: 13.7527332 Test Loss: 13.9915018
EarlyStopping counter: 2 out of 3
type1 => Adjust updating learning rate to 2.5e-05
	iters: 100, epoch: 4 | loss: 21.6929016
	speed: 0.0493s/iter; left time: 311.4513s
	iters: 200, epoch: 4 | loss: 13.7447281
	speed: 0.0265s/iter; left time: 164.9184s
	iters: 300, epoch: 4 | loss: 11.7703323
	speed: 0.0266s/iter; left time: 163.0245s
	iters: 400, epoch: 4 | loss: 13.7517767
	speed: 0.0256s/iter; left time: 153.9506s
	iters: 500, epoch: 4 | loss: 3.6868329
	speed: 0.0268s/iter; left time: 158.7360s
	iters: 600, epoch: 4 | loss: 13.7408466
	speed: 0.0273s/iter; left time: 158.8268s
	iters: 700, epoch: 4 | loss: 8.3537006
	speed: 0.0292s/iter; left time: 167.2054s
	iters: 800, epoch: 4 | loss: 9.1772699
	speed: 0.0269s/iter; left time: 151.1585s
	iters: 900, epoch: 4 | loss: 11.0665445
	speed: 0.0266s/iter; left time: 147.0336s
Epoch: 4 cost time: 24.69665265083313
Epoch: 4, Steps: 917 | Train Loss: 12.5599824 Vali Loss: 9.7390413 Test Loss: 9.9613514
EarlyStopping counter: 3 out of 3
Early stopping
>>>>>>>testing : Milano_36_36_Transformer_Milano_Call_ftM_sl36_ll18_pl36_dm512_nh8_el2_dl1_df2048_fc1_ebtimeF_dtTrue_test_0<<<<<<<<<<<<<<<<<<<<<<<<<<<<<<<<<
(300, 10000, 2) Call ...
data shape:  (300, 10000, 2) 10000
(10000, 10000) adj_max shape ...
loading model.............
mse:1.3621188402175903, mae:0.826830267906189, rse:3.5043575763702393
